2024-04-01 01:25:12,939 - INFO - Operating System: Darwin 22.5.0
2024-04-01 01:25:12,939 - INFO - Machine: arm64
2024-04-01 01:25:12,946 - INFO - Processor: i386
2024-04-01 01:25:32,148 - DEBUG - Score state 2 completed in 0.0021 seconds with 14 iterations.
2024-04-01 01:25:32,150 - DEBUG - Score state 3 completed in 0.0008 seconds with 14 iterations.
2024-04-01 01:25:32,151 - DEBUG - Score state 4 completed in 0.0010 seconds with 11 iterations.
2024-04-01 01:25:32,152 - DEBUG - Score state 5 completed in 0.0011 seconds with 10 iterations.
2024-04-01 01:25:32,154 - DEBUG - Score state 6 completed in 0.0018 seconds with 14 iterations.
2024-04-01 01:25:32,155 - DEBUG - Score state 7 completed in 0.0015 seconds with 10 iterations.
2024-04-01 01:25:32,157 - DEBUG - Score state 8 completed in 0.0016 seconds with 9 iterations.
2024-04-01 01:25:32,158 - DEBUG - Score state 9 completed in 0.0013 seconds with 6 iterations.
2024-04-01 01:25:32,160 - DEBUG - Score state 10 completed in 0.0022 seconds with 10 iterations.
2024-04-01 01:25:32,162 - DEBUG - Score state 11 completed in 0.0019 seconds with 6 iterations.
2024-04-01 01:25:32,165 - DEBUG - Score state 12 completed in 0.0027 seconds with 10 iterations.
2024-04-01 01:25:32,175 - DEBUG - Score state 13 completed in 0.0093 seconds with 6 iterations.
2024-04-01 01:25:32,179 - DEBUG - Score state 14 completed in 0.0044 seconds with 10 iterations.
2024-04-01 01:25:32,184 - DEBUG - Score state 15 completed in 0.0053 seconds with 6 iterations.
2024-04-01 01:25:32,190 - DEBUG - Score state 16 completed in 0.0056 seconds with 7 iterations.
2024-04-01 01:25:32,199 - DEBUG - Score state 17 completed in 0.0092 seconds with 6 iterations.
2024-04-01 01:25:32,214 - DEBUG - Score state 18 completed in 0.0148 seconds with 10 iterations.
2024-04-01 01:25:32,224 - DEBUG - Score state 19 completed in 0.0101 seconds with 6 iterations.
2024-04-01 01:25:32,274 - DEBUG - Score state 20 completed in 0.0501 seconds with 9 iterations.
2024-04-01 01:25:32,300 - DEBUG - Score state 21 completed in 0.0252 seconds with 6 iterations.
2024-04-01 01:25:32,316 - DEBUG - Score state 22 completed in 0.0159 seconds with 9 iterations.
2024-04-01 01:25:32,320 - DEBUG - Score state 23 completed in 0.0042 seconds with 6 iterations.
2024-04-01 01:25:32,326 - DEBUG - Score state 24 completed in 0.0058 seconds with 8 iterations.
2024-04-01 01:25:32,337 - DEBUG - Score state 25 completed in 0.0108 seconds with 6 iterations.
2024-04-01 01:25:32,436 - DEBUG - Score state 26 completed in 0.0987 seconds with 9 iterations.
2024-04-01 01:25:32,451 - DEBUG - Score state 27 completed in 0.0148 seconds with 6 iterations.
2024-04-01 01:25:32,462 - DEBUG - Score state 28 completed in 0.0109 seconds with 9 iterations.
2024-04-01 01:25:32,468 - DEBUG - Score state 29 completed in 0.0056 seconds with 6 iterations.
2024-04-01 01:25:32,484 - DEBUG - Score state 30 completed in 0.0164 seconds with 10 iterations.
2024-04-01 01:25:32,509 - DEBUG - Score state 31 completed in 0.0254 seconds with 6 iterations.
2024-04-01 01:25:32,517 - DEBUG - Score state 32 completed in 0.0072 seconds with 7 iterations.
2024-04-01 01:25:32,535 - DEBUG - Score state 33 completed in 0.0175 seconds with 5 iterations.
2024-04-01 01:25:32,556 - DEBUG - Score state 34 completed in 0.0206 seconds with 9 iterations.
2024-04-01 01:25:32,570 - DEBUG - Score state 35 completed in 0.0142 seconds with 5 iterations.
2024-04-01 01:25:32,595 - DEBUG - Score state 36 completed in 0.0249 seconds with 8 iterations.
2024-04-01 01:25:32,608 - DEBUG - Score state 37 completed in 0.0128 seconds with 5 iterations.
2024-04-01 01:25:32,628 - DEBUG - Score state 38 completed in 0.0207 seconds with 9 iterations.
2024-04-01 01:25:32,641 - DEBUG - Score state 39 completed in 0.0124 seconds with 5 iterations.
2024-04-01 01:25:32,658 - DEBUG - Score state 40 completed in 0.0171 seconds with 8 iterations.
2024-04-01 01:25:32,675 - DEBUG - Score state 41 completed in 0.0169 seconds with 5 iterations.
2024-04-01 01:25:33,018 - DEBUG - Score state 42 completed in 0.3436 seconds with 5 iterations.
2024-04-01 01:25:33,048 - DEBUG - Score state 43 completed in 0.0290 seconds with 5 iterations.
2024-04-01 01:25:33,073 - DEBUG - Score state 44 completed in 0.0256 seconds with 5 iterations.
2024-04-01 01:25:33,345 - DEBUG - Score state 45 completed in 0.2707 seconds with 5 iterations.
2024-04-01 01:25:33,879 - DEBUG - Score state 46 completed in 0.5332 seconds with 5 iterations.
2024-04-01 01:25:34,377 - DEBUG - Score state 47 completed in 0.4980 seconds with 5 iterations.
2024-04-01 01:25:34,416 - DEBUG - Score state 48 completed in 0.0382 seconds with 5 iterations.
2024-04-01 01:25:34,429 - DEBUG - Score state 49 completed in 0.0135 seconds with 5 iterations.
2024-04-01 01:25:34,453 - DEBUG - Score state 50 completed in 0.0234 seconds with 5 iterations.
2024-04-01 01:25:34,464 - DEBUG - Score state 51 completed in 0.0110 seconds with 5 iterations.
2024-04-01 01:25:34,517 - DEBUG - Score state 52 completed in 0.0535 seconds with 5 iterations.
2024-04-01 01:25:34,539 - DEBUG - Score state 53 completed in 0.0214 seconds with 5 iterations.
2024-04-01 01:25:34,575 - DEBUG - Score state 54 completed in 0.0363 seconds with 5 iterations.
2024-04-01 01:25:34,585 - DEBUG - Score state 55 completed in 0.0097 seconds with 5 iterations.
2024-04-01 01:25:34,621 - DEBUG - Score state 56 completed in 0.0360 seconds with 5 iterations.
2024-04-01 01:25:34,633 - DEBUG - Score state 57 completed in 0.0116 seconds with 4 iterations.
2024-04-01 01:25:34,699 - DEBUG - Score state 58 completed in 0.0657 seconds with 4 iterations.
2024-04-01 01:25:34,718 - DEBUG - Score state 59 completed in 0.0189 seconds with 4 iterations.
2024-04-01 01:25:34,731 - DEBUG - Score state 60 completed in 0.0130 seconds with 4 iterations.
2024-04-01 01:25:34,752 - DEBUG - Score state 61 completed in 0.0211 seconds with 6 iterations.
2024-04-01 01:25:34,779 - DEBUG - Score state 62 completed in 0.0265 seconds with 5 iterations.
2024-04-01 01:25:34,805 - DEBUG - Score state 63 completed in 0.0262 seconds with 6 iterations.
2024-04-01 01:25:34,834 - DEBUG - Score state 64 completed in 0.0291 seconds with 5 iterations.
2024-04-01 01:25:34,877 - DEBUG - Score state 65 completed in 0.0428 seconds with 6 iterations.
2024-04-01 01:25:34,903 - DEBUG - Score state 66 completed in 0.0258 seconds with 5 iterations.
2024-04-01 01:25:34,952 - DEBUG - Score state 67 completed in 0.0489 seconds with 5 iterations.
2024-04-01 01:25:34,987 - DEBUG - Score state 68 completed in 0.0352 seconds with 5 iterations.
2024-04-01 01:25:35,018 - DEBUG - Score state 69 completed in 0.0305 seconds with 5 iterations.
2024-04-01 01:25:35,037 - DEBUG - Score state 70 completed in 0.0194 seconds with 5 iterations.
2024-04-01 01:25:35,065 - DEBUG - Score state 71 completed in 0.0280 seconds with 5 iterations.
2024-04-01 01:25:35,129 - DEBUG - Score state 72 completed in 0.0631 seconds with 5 iterations.
2024-04-01 01:25:35,154 - DEBUG - Score state 73 completed in 0.0247 seconds with 5 iterations.
2024-04-01 01:25:35,178 - DEBUG - Score state 74 completed in 0.0239 seconds with 5 iterations.
2024-04-01 01:25:35,209 - DEBUG - Score state 75 completed in 0.0317 seconds with 5 iterations.
2024-04-01 01:25:35,239 - DEBUG - Score state 76 completed in 0.0295 seconds with 5 iterations.
2024-04-01 01:25:35,269 - DEBUG - Score state 77 completed in 0.0302 seconds with 5 iterations.
2024-04-01 01:25:35,299 - DEBUG - Score state 78 completed in 0.0293 seconds with 5 iterations.
2024-04-01 01:25:35,313 - DEBUG - Score state 79 completed in 0.0145 seconds with 5 iterations.
2024-04-01 01:25:35,335 - DEBUG - Score state 80 completed in 0.0222 seconds with 5 iterations.
2024-04-01 01:25:35,362 - DEBUG - Score state 81 completed in 0.0268 seconds with 5 iterations.
2024-04-01 01:25:35,393 - DEBUG - Score state 82 completed in 0.0305 seconds with 5 iterations.
2024-04-01 01:25:35,413 - DEBUG - Score state 83 completed in 0.0202 seconds with 5 iterations.
2024-04-01 01:25:35,461 - DEBUG - Score state 84 completed in 0.0479 seconds with 5 iterations.
2024-04-01 01:25:35,488 - DEBUG - Score state 85 completed in 0.0271 seconds with 5 iterations.
2024-04-01 01:25:35,520 - DEBUG - Score state 86 completed in 0.0314 seconds with 5 iterations.
2024-04-01 01:25:35,552 - DEBUG - Score state 87 completed in 0.0317 seconds with 5 iterations.
2024-04-01 01:25:35,591 - DEBUG - Score state 88 completed in 0.0391 seconds with 5 iterations.
2024-04-01 01:25:35,610 - DEBUG - Score state 89 completed in 0.0188 seconds with 5 iterations.
2024-04-01 01:25:35,634 - DEBUG - Score state 90 completed in 0.0239 seconds with 5 iterations.
2024-04-01 01:25:35,652 - DEBUG - Score state 91 completed in 0.0177 seconds with 5 iterations.
2024-04-01 01:25:35,677 - DEBUG - Score state 92 completed in 0.0258 seconds with 5 iterations.
2024-04-01 01:25:35,714 - DEBUG - Score state 93 completed in 0.0364 seconds with 5 iterations.
2024-04-01 01:25:35,748 - DEBUG - Score state 94 completed in 0.0334 seconds with 5 iterations.
2024-04-01 01:25:35,786 - DEBUG - Score state 95 completed in 0.0385 seconds with 5 iterations.
2024-04-01 01:25:35,851 - DEBUG - Score state 96 completed in 0.0645 seconds with 5 iterations.
2024-04-01 01:25:35,881 - DEBUG - Score state 97 completed in 0.0301 seconds with 5 iterations.
2024-04-01 01:25:35,900 - DEBUG - Score state 98 completed in 0.0187 seconds with 5 iterations.
2024-04-01 01:25:35,943 - DEBUG - Score state 99 completed in 0.0428 seconds with 5 iterations.
2024-04-01 01:25:35,966 - DEBUG - Score state 100 completed in 0.0229 seconds with 5 iterations.
2024-04-01 01:25:36,012 - DEBUG - Score state 101 completed in 0.0464 seconds with 5 iterations.
2024-04-01 01:25:36,046 - DEBUG - Score state 102 completed in 0.0333 seconds with 5 iterations.
2024-04-01 01:25:36,078 - DEBUG - Score state 103 completed in 0.0319 seconds with 5 iterations.
2024-04-01 01:25:36,110 - DEBUG - Score state 104 completed in 0.0320 seconds with 5 iterations.
2024-04-01 01:25:36,141 - DEBUG - Score state 105 completed in 0.0307 seconds with 5 iterations.
2024-04-01 01:25:36,174 - DEBUG - Score state 106 completed in 0.0328 seconds with 5 iterations.
2024-04-01 01:25:36,205 - DEBUG - Score state 107 completed in 0.0310 seconds with 5 iterations.
2024-04-01 01:25:36,258 - DEBUG - Score state 108 completed in 0.0527 seconds with 5 iterations.
2024-04-01 01:25:36,293 - DEBUG - Score state 109 completed in 0.0356 seconds with 5 iterations.
2024-04-01 01:25:36,319 - DEBUG - Score state 110 completed in 0.0259 seconds with 5 iterations.
2024-04-01 01:25:36,347 - DEBUG - Score state 111 completed in 0.0282 seconds with 5 iterations.
2024-04-01 01:25:36,381 - DEBUG - Score state 112 completed in 0.0336 seconds with 5 iterations.
2024-04-01 01:25:36,415 - DEBUG - Score state 113 completed in 0.0336 seconds with 5 iterations.
2024-04-01 01:25:36,448 - DEBUG - Score state 114 completed in 0.0334 seconds with 5 iterations.
2024-04-01 01:25:36,481 - DEBUG - Score state 115 completed in 0.0325 seconds with 5 iterations.
2024-04-01 01:25:36,543 - DEBUG - Score state 116 completed in 0.0617 seconds with 5 iterations.
2024-04-01 01:25:36,575 - DEBUG - Score state 117 completed in 0.0320 seconds with 5 iterations.
2024-04-01 01:25:36,615 - DEBUG - Score state 118 completed in 0.0402 seconds with 5 iterations.
2024-04-01 01:25:36,643 - DEBUG - Score state 119 completed in 0.0277 seconds with 5 iterations.
2024-04-01 01:25:36,682 - DEBUG - Score state 120 completed in 0.0386 seconds with 5 iterations.
2024-04-01 01:25:36,702 - DEBUG - Score state 121 completed in 0.0204 seconds with 5 iterations.
2024-04-01 01:25:36,739 - DEBUG - Score state 122 completed in 0.0364 seconds with 5 iterations.
2024-04-01 01:25:36,810 - DEBUG - Score state 123 completed in 0.0718 seconds with 5 iterations.
2024-04-01 01:25:36,842 - DEBUG - Score state 124 completed in 0.0320 seconds with 5 iterations.
2024-04-01 01:25:36,879 - DEBUG - Score state 125 completed in 0.0361 seconds with 5 iterations.
2024-04-01 01:25:36,910 - DEBUG - Score state 126 completed in 0.0310 seconds with 5 iterations.
2024-04-01 01:25:36,958 - DEBUG - Score state 127 completed in 0.0486 seconds with 5 iterations.
2024-04-01 01:25:36,991 - DEBUG - Score state 128 completed in 0.0328 seconds with 5 iterations.
2024-04-01 01:25:37,046 - DEBUG - Score state 129 completed in 0.0545 seconds with 5 iterations.
2024-04-01 01:25:37,089 - DEBUG - Score state 130 completed in 0.0423 seconds with 5 iterations.
2024-04-01 01:25:37,124 - DEBUG - Score state 131 completed in 0.0349 seconds with 5 iterations.
2024-04-01 01:25:37,187 - DEBUG - Score state 132 completed in 0.0633 seconds with 5 iterations.
2024-04-01 01:25:37,218 - DEBUG - Score state 133 completed in 0.0302 seconds with 5 iterations.
2024-04-01 01:25:37,247 - DEBUG - Score state 134 completed in 0.0294 seconds with 5 iterations.
2024-04-01 01:25:37,279 - DEBUG - Score state 135 completed in 0.0318 seconds with 5 iterations.
2024-04-01 01:25:37,309 - DEBUG - Score state 136 completed in 0.0296 seconds with 5 iterations.
2024-04-01 01:25:37,341 - DEBUG - Score state 137 completed in 0.0320 seconds with 5 iterations.
2024-04-01 01:25:37,368 - DEBUG - Score state 138 completed in 0.0272 seconds with 5 iterations.
2024-04-01 01:25:37,404 - DEBUG - Score state 139 completed in 0.0359 seconds with 5 iterations.
2024-04-01 01:25:37,440 - DEBUG - Score state 140 completed in 0.0359 seconds with 5 iterations.
2024-04-01 01:25:37,476 - DEBUG - Score state 141 completed in 0.0354 seconds with 5 iterations.
2024-04-01 01:25:37,496 - DEBUG - Score state 142 completed in 0.0208 seconds with 5 iterations.
2024-04-01 01:25:37,535 - DEBUG - Score state 143 completed in 0.0388 seconds with 4 iterations.
2024-04-01 01:25:37,566 - DEBUG - Score state 144 completed in 0.0302 seconds with 4 iterations.
2024-04-01 01:25:37,582 - DEBUG - Score state 145 completed in 0.0164 seconds with 4 iterations.
2024-04-01 01:25:37,611 - DEBUG - Score state 146 completed in 0.0293 seconds with 4 iterations.
2024-04-01 01:25:37,639 - DEBUG - Score state 147 completed in 0.0273 seconds with 4 iterations.
2024-04-01 01:25:37,671 - DEBUG - Score state 148 completed in 0.0322 seconds with 4 iterations.
2024-04-01 01:25:37,694 - DEBUG - Score state 149 completed in 0.0220 seconds with 4 iterations.
2024-04-01 01:25:37,729 - DEBUG - Score state 150 completed in 0.0351 seconds with 4 iterations.
2024-04-01 01:25:37,760 - DEBUG - Score state 151 completed in 0.0306 seconds with 4 iterations.
2024-04-01 01:25:37,840 - DEBUG - Score state 152 completed in 0.0804 seconds with 4 iterations.
2024-04-01 01:25:37,886 - DEBUG - Score state 153 completed in 0.0453 seconds with 4 iterations.
2024-04-01 01:25:37,939 - DEBUG - Score state 154 completed in 0.0526 seconds with 4 iterations.
2024-04-01 01:25:37,975 - DEBUG - Score state 155 completed in 0.0365 seconds with 4 iterations.
2024-04-01 01:25:38,004 - DEBUG - Score state 156 completed in 0.0291 seconds with 4 iterations.
2024-04-01 01:25:38,049 - DEBUG - Score state 157 completed in 0.0446 seconds with 4 iterations.
2024-04-01 01:25:38,081 - DEBUG - Score state 158 completed in 0.0319 seconds with 4 iterations.
2024-04-01 01:25:38,117 - DEBUG - Score state 159 completed in 0.0355 seconds with 5 iterations.
2024-04-01 01:25:38,151 - DEBUG - Score state 160 completed in 0.0341 seconds with 4 iterations.
2024-04-01 01:25:38,183 - DEBUG - Score state 161 completed in 0.0325 seconds with 4 iterations.
2024-04-01 01:25:38,221 - DEBUG - Score state 162 completed in 0.0372 seconds with 5 iterations.
2024-04-01 01:25:38,255 - DEBUG - Score state 163 completed in 0.0336 seconds with 5 iterations.
2024-04-01 01:25:38,280 - DEBUG - Score state 164 completed in 0.0253 seconds with 4 iterations.
2024-04-01 01:25:38,305 - DEBUG - Score state 165 completed in 0.0230 seconds with 5 iterations.
2024-04-01 01:25:38,337 - DEBUG - Score state 166 completed in 0.0313 seconds with 5 iterations.
2024-04-01 01:25:38,385 - DEBUG - Score state 167 completed in 0.0489 seconds with 4 iterations.
2024-04-01 01:25:38,464 - DEBUG - Score state 168 completed in 0.0787 seconds with 5 iterations.
2024-04-01 01:25:38,500 - DEBUG - Score state 169 completed in 0.0353 seconds with 5 iterations.
2024-04-01 01:25:38,530 - DEBUG - Score state 170 completed in 0.0300 seconds with 4 iterations.
2024-04-01 01:25:38,559 - DEBUG - Score state 171 completed in 0.0294 seconds with 5 iterations.
2024-04-01 01:25:38,580 - DEBUG - Score state 172 completed in 0.0211 seconds with 5 iterations.
2024-04-01 01:25:38,614 - DEBUG - Score state 173 completed in 0.0332 seconds with 5 iterations.
2024-04-01 01:25:38,641 - DEBUG - Score state 174 completed in 0.0271 seconds with 5 iterations.
2024-04-01 01:25:38,692 - DEBUG - Score state 175 completed in 0.0507 seconds with 5 iterations.
2024-04-01 01:25:38,726 - DEBUG - Score state 176 completed in 0.0344 seconds with 5 iterations.
2024-04-01 01:25:38,753 - DEBUG - Score state 177 completed in 0.0269 seconds with 5 iterations.
2024-04-01 01:25:38,782 - DEBUG - Score state 178 completed in 0.0289 seconds with 5 iterations.
2024-04-01 01:25:38,813 - DEBUG - Score state 179 completed in 0.0310 seconds with 5 iterations.
2024-04-01 01:25:38,840 - DEBUG - Score state 180 completed in 0.0266 seconds with 5 iterations.
2024-04-01 01:25:38,868 - DEBUG - Score state 181 completed in 0.0278 seconds with 5 iterations.
2024-04-01 01:25:38,892 - DEBUG - Score state 182 completed in 0.0240 seconds with 4 iterations.
2024-04-01 01:25:38,955 - DEBUG - Score state 183 completed in 0.0635 seconds with 4 iterations.
2024-04-01 01:25:38,985 - DEBUG - Score state 184 completed in 0.0301 seconds with 4 iterations.
2024-04-01 01:25:39,005 - DEBUG - Score state 185 completed in 0.0201 seconds with 4 iterations.
2024-04-01 01:25:39,037 - DEBUG - Score state 186 completed in 0.0315 seconds with 4 iterations.
2024-04-01 01:25:39,055 - DEBUG - Score state 187 completed in 0.0177 seconds with 4 iterations.
2024-04-01 01:25:39,075 - DEBUG - Score state 188 completed in 0.0207 seconds with 4 iterations.
2024-04-01 01:25:39,102 - DEBUG - Score state 189 completed in 0.0267 seconds with 4 iterations.
2024-04-01 01:25:39,132 - DEBUG - Score state 190 completed in 0.0297 seconds with 4 iterations.
2024-04-01 01:25:39,162 - DEBUG - Score state 191 completed in 0.0304 seconds with 4 iterations.
2024-04-01 01:25:39,180 - DEBUG - Score state 192 completed in 0.0173 seconds with 4 iterations.
2024-04-01 01:25:39,215 - DEBUG - Score state 193 completed in 0.0347 seconds with 4 iterations.
2024-04-01 01:25:39,238 - DEBUG - Score state 194 completed in 0.0231 seconds with 4 iterations.
2024-04-01 01:25:39,265 - DEBUG - Score state 195 completed in 0.0265 seconds with 4 iterations.
2024-04-01 01:25:39,292 - DEBUG - Score state 196 completed in 0.0272 seconds with 4 iterations.
2024-04-01 01:25:39,317 - DEBUG - Score state 197 completed in 0.0248 seconds with 4 iterations.
2024-04-01 01:25:39,352 - DEBUG - Score state 198 completed in 0.0346 seconds with 4 iterations.
2024-04-01 01:25:39,378 - DEBUG - Score state 199 completed in 0.0259 seconds with 4 iterations.
2024-04-01 01:25:39,395 - DEBUG - Score state 200 completed in 0.0174 seconds with 4 iterations.
2024-04-01 01:25:39,427 - DEBUG - Score state 201 completed in 0.0321 seconds with 4 iterations.
2024-04-01 01:25:39,444 - DEBUG - Score state 202 completed in 0.0168 seconds with 4 iterations.
2024-04-01 01:25:39,471 - DEBUG - Score state 203 completed in 0.0267 seconds with 4 iterations.
2024-04-01 01:25:39,495 - DEBUG - Score state 204 completed in 0.0239 seconds with 4 iterations.
2024-04-01 01:25:39,528 - DEBUG - Score state 205 completed in 0.0328 seconds with 4 iterations.
2024-04-01 01:25:39,560 - DEBUG - Score state 206 completed in 0.0319 seconds with 4 iterations.
2024-04-01 01:25:39,595 - DEBUG - Score state 207 completed in 0.0354 seconds with 4 iterations.
2024-04-01 01:25:39,627 - DEBUG - Score state 208 completed in 0.0315 seconds with 4 iterations.
2024-04-01 01:25:39,647 - DEBUG - Score state 209 completed in 0.0201 seconds with 4 iterations.
2024-04-01 01:25:39,675 - DEBUG - Score state 210 completed in 0.0279 seconds with 4 iterations.
2024-04-01 01:25:39,698 - DEBUG - Score state 211 completed in 0.0228 seconds with 4 iterations.
2024-04-01 01:25:39,721 - DEBUG - Score state 212 completed in 0.0235 seconds with 4 iterations.
2024-04-01 01:25:39,746 - DEBUG - Score state 213 completed in 0.0249 seconds with 4 iterations.
2024-04-01 01:25:39,769 - DEBUG - Score state 214 completed in 0.0225 seconds with 4 iterations.
2024-04-01 01:25:39,800 - DEBUG - Score state 215 completed in 0.0313 seconds with 4 iterations.
2024-04-01 01:25:39,854 - DEBUG - Score state 216 completed in 0.0544 seconds with 4 iterations.
2024-04-01 01:25:39,871 - DEBUG - Score state 217 completed in 0.0167 seconds with 4 iterations.
2024-04-01 01:25:39,902 - DEBUG - Score state 218 completed in 0.0304 seconds with 4 iterations.
2024-04-01 01:25:39,935 - DEBUG - Score state 219 completed in 0.0329 seconds with 4 iterations.
2024-04-01 01:25:39,968 - DEBUG - Score state 220 completed in 0.0334 seconds with 4 iterations.
2024-04-01 01:25:39,998 - DEBUG - Score state 221 completed in 0.0301 seconds with 4 iterations.
2024-04-01 01:25:40,029 - DEBUG - Score state 222 completed in 0.0304 seconds with 4 iterations.
2024-04-01 01:25:40,049 - DEBUG - Score state 223 completed in 0.0200 seconds with 4 iterations.
2024-04-01 01:25:40,071 - DEBUG - Score state 224 completed in 0.0223 seconds with 4 iterations.
2024-04-01 01:25:40,098 - DEBUG - Score state 225 completed in 0.0268 seconds with 4 iterations.
2024-04-01 01:25:40,114 - DEBUG - Score state 226 completed in 0.0160 seconds with 4 iterations.
2024-04-01 01:25:40,144 - DEBUG - Score state 227 completed in 0.0301 seconds with 4 iterations.
2024-04-01 01:25:40,171 - DEBUG - Score state 228 completed in 0.0272 seconds with 4 iterations.
2024-04-01 01:25:40,212 - DEBUG - Score state 229 completed in 0.0407 seconds with 4 iterations.
2024-04-01 01:25:40,245 - DEBUG - Score state 230 completed in 0.0323 seconds with 4 iterations.
2024-04-01 01:25:40,261 - DEBUG - Score state 231 completed in 0.0160 seconds with 4 iterations.
2024-04-01 01:25:40,285 - DEBUG - Score state 232 completed in 0.0237 seconds with 4 iterations.
2024-04-01 01:25:40,305 - DEBUG - Score state 233 completed in 0.0194 seconds with 4 iterations.
2024-04-01 01:25:40,328 - DEBUG - Score state 234 completed in 0.0233 seconds with 4 iterations.
2024-04-01 01:25:40,352 - DEBUG - Score state 235 completed in 0.0241 seconds with 4 iterations.
2024-04-01 01:25:40,375 - DEBUG - Score state 236 completed in 0.0231 seconds with 4 iterations.
2024-04-01 01:25:40,404 - DEBUG - Score state 237 completed in 0.0283 seconds with 4 iterations.
2024-04-01 01:25:40,424 - DEBUG - Score state 238 completed in 0.0203 seconds with 4 iterations.
2024-04-01 01:25:40,450 - DEBUG - Score state 239 completed in 0.0256 seconds with 4 iterations.
2024-04-01 01:25:40,516 - DEBUG - Score state 240 completed in 0.0658 seconds with 4 iterations.
2024-04-01 01:25:40,544 - DEBUG - Score state 241 completed in 0.0285 seconds with 4 iterations.
2024-04-01 01:25:40,577 - DEBUG - Score state 242 completed in 0.0324 seconds with 4 iterations.
2024-04-01 01:25:40,635 - DEBUG - Score state 243 completed in 0.0583 seconds with 4 iterations.
2024-04-01 01:25:40,661 - DEBUG - Score state 244 completed in 0.0258 seconds with 4 iterations.
2024-04-01 01:25:40,700 - DEBUG - Score state 245 completed in 0.0389 seconds with 4 iterations.
2024-04-01 01:25:40,721 - DEBUG - Score state 246 completed in 0.0206 seconds with 4 iterations.
2024-04-01 01:25:40,753 - DEBUG - Score state 247 completed in 0.0325 seconds with 4 iterations.
2024-04-01 01:25:40,797 - DEBUG - Score state 248 completed in 0.0439 seconds with 4 iterations.
2024-04-01 01:25:40,831 - DEBUG - Score state 249 completed in 0.0334 seconds with 4 iterations.
2024-04-01 01:25:40,852 - DEBUG - Score state 250 completed in 0.0218 seconds with 4 iterations.
2024-04-01 01:25:40,875 - DEBUG - Score state 251 completed in 0.0224 seconds with 4 iterations.
2024-04-01 01:25:40,905 - DEBUG - Score state 252 completed in 0.0295 seconds with 4 iterations.
2024-04-01 01:25:40,927 - DEBUG - Score state 253 completed in 0.0225 seconds with 4 iterations.
2024-04-01 01:25:40,954 - DEBUG - Score state 254 completed in 0.0266 seconds with 4 iterations.
2024-04-01 01:25:40,975 - DEBUG - Score state 255 completed in 0.0211 seconds with 4 iterations.
2024-04-01 01:25:41,034 - DEBUG - Score state 256 completed in 0.0593 seconds with 4 iterations.
2024-04-01 01:25:41,069 - DEBUG - Score state 257 completed in 0.0346 seconds with 4 iterations.
2024-04-01 01:25:41,107 - DEBUG - Score state 258 completed in 0.0378 seconds with 4 iterations.
2024-04-01 01:25:41,140 - DEBUG - Score state 259 completed in 0.0327 seconds with 4 iterations.
2024-04-01 01:25:41,171 - DEBUG - Score state 260 completed in 0.0315 seconds with 4 iterations.
2024-04-01 01:25:41,188 - DEBUG - Score state 261 completed in 0.0163 seconds with 4 iterations.
2024-04-01 01:25:41,211 - DEBUG - Score state 262 completed in 0.0230 seconds with 4 iterations.
2024-04-01 01:25:41,236 - DEBUG - Score state 263 completed in 0.0254 seconds with 4 iterations.
2024-04-01 01:25:41,257 - DEBUG - Score state 264 completed in 0.0212 seconds with 4 iterations.
2024-04-01 01:25:41,283 - DEBUG - Score state 265 completed in 0.0253 seconds with 4 iterations.
2024-04-01 01:25:41,312 - DEBUG - Score state 266 completed in 0.0292 seconds with 4 iterations.
2024-04-01 01:25:41,355 - DEBUG - Score state 267 completed in 0.0427 seconds with 4 iterations.
2024-04-01 01:25:41,388 - DEBUG - Score state 268 completed in 0.0326 seconds with 4 iterations.
2024-04-01 01:25:41,414 - DEBUG - Score state 269 completed in 0.0262 seconds with 4 iterations.
2024-04-01 01:25:41,441 - DEBUG - Score state 270 completed in 0.0270 seconds with 4 iterations.
2024-04-01 01:25:41,462 - DEBUG - Score state 271 completed in 0.0210 seconds with 4 iterations.
2024-04-01 01:25:41,481 - DEBUG - Score state 272 completed in 0.0194 seconds with 4 iterations.
2024-04-01 01:25:41,507 - DEBUG - Score state 273 completed in 0.0255 seconds with 4 iterations.
2024-04-01 01:25:41,533 - DEBUG - Score state 274 completed in 0.0264 seconds with 4 iterations.
2024-04-01 01:25:41,563 - DEBUG - Score state 275 completed in 0.0298 seconds with 4 iterations.
2024-04-01 01:25:41,585 - DEBUG - Score state 276 completed in 0.0215 seconds with 4 iterations.
2024-04-01 01:25:41,616 - DEBUG - Score state 277 completed in 0.0310 seconds with 4 iterations.
2024-04-01 01:25:41,635 - DEBUG - Score state 278 completed in 0.0196 seconds with 4 iterations.
2024-04-01 01:25:41,664 - DEBUG - Score state 279 completed in 0.0290 seconds with 4 iterations.
2024-04-01 01:25:41,690 - DEBUG - Score state 280 completed in 0.0259 seconds with 4 iterations.
2024-04-01 01:25:41,728 - DEBUG - Score state 281 completed in 0.0375 seconds with 4 iterations.
2024-04-01 01:25:41,752 - DEBUG - Score state 282 completed in 0.0240 seconds with 4 iterations.
2024-04-01 01:25:41,800 - DEBUG - Score state 283 completed in 0.0479 seconds with 4 iterations.
2024-04-01 01:25:41,828 - DEBUG - Score state 284 completed in 0.0284 seconds with 4 iterations.
2024-04-01 01:25:41,854 - DEBUG - Score state 285 completed in 0.0258 seconds with 4 iterations.
2024-04-01 01:25:41,876 - DEBUG - Score state 286 completed in 0.0219 seconds with 4 iterations.
2024-04-01 01:25:41,898 - DEBUG - Score state 287 completed in 0.0224 seconds with 4 iterations.
2024-04-01 01:25:41,933 - DEBUG - Score state 288 completed in 0.0346 seconds with 4 iterations.
2024-04-01 01:25:41,957 - DEBUG - Score state 289 completed in 0.0243 seconds with 4 iterations.
2024-04-01 01:25:41,982 - DEBUG - Score state 290 completed in 0.0246 seconds with 4 iterations.
2024-04-01 01:25:42,008 - DEBUG - Score state 291 completed in 0.0258 seconds with 4 iterations.
2024-04-01 01:25:42,045 - DEBUG - Score state 292 completed in 0.0369 seconds with 4 iterations.
2024-04-01 01:25:42,077 - DEBUG - Score state 293 completed in 0.0317 seconds with 4 iterations.
2024-04-01 01:25:42,102 - DEBUG - Score state 294 completed in 0.0247 seconds with 4 iterations.
2024-04-01 01:25:42,126 - DEBUG - Score state 295 completed in 0.0241 seconds with 4 iterations.
2024-04-01 01:25:42,154 - DEBUG - Score state 296 completed in 0.0282 seconds with 4 iterations.
2024-04-01 01:25:42,180 - DEBUG - Score state 297 completed in 0.0262 seconds with 4 iterations.
2024-04-01 01:25:42,201 - DEBUG - Score state 298 completed in 0.0205 seconds with 4 iterations.
2024-04-01 01:25:42,226 - DEBUG - Score state 299 completed in 0.0254 seconds with 4 iterations.
2024-04-01 01:25:42,250 - DEBUG - Score state 300 completed in 0.0235 seconds with 4 iterations.
2024-04-01 01:25:42,278 - DEBUG - Score state 301 completed in 0.0287 seconds with 4 iterations.
2024-04-01 01:25:42,303 - DEBUG - Score state 302 completed in 0.0248 seconds with 4 iterations.
2024-04-01 01:25:42,327 - DEBUG - Score state 303 completed in 0.0243 seconds with 4 iterations.
2024-04-01 01:25:42,355 - DEBUG - Score state 304 completed in 0.0273 seconds with 4 iterations.
2024-04-01 01:25:42,382 - DEBUG - Score state 305 completed in 0.0272 seconds with 4 iterations.
2024-04-01 01:25:42,403 - DEBUG - Score state 306 completed in 0.0206 seconds with 4 iterations.
2024-04-01 01:25:42,427 - DEBUG - Score state 307 completed in 0.0246 seconds with 4 iterations.
2024-04-01 01:25:42,457 - DEBUG - Score state 308 completed in 0.0292 seconds with 4 iterations.
2024-04-01 01:25:42,504 - DEBUG - Score state 309 completed in 0.0469 seconds with 4 iterations.
2024-04-01 01:25:42,566 - DEBUG - Score state 310 completed in 0.0619 seconds with 4 iterations.
2024-04-01 01:25:42,611 - DEBUG - Score state 311 completed in 0.0448 seconds with 4 iterations.
2024-04-01 01:25:42,646 - DEBUG - Score state 312 completed in 0.0345 seconds with 4 iterations.
2024-04-01 01:25:42,681 - DEBUG - Score state 313 completed in 0.0340 seconds with 4 iterations.
2024-04-01 01:25:42,717 - DEBUG - Score state 314 completed in 0.0363 seconds with 5 iterations.
2024-04-01 01:25:42,775 - DEBUG - Score state 315 completed in 0.0575 seconds with 5 iterations.
2024-04-01 01:25:42,808 - DEBUG - Score state 316 completed in 0.0334 seconds with 5 iterations.
2024-04-01 01:25:42,828 - DEBUG - Score state 317 completed in 0.0199 seconds with 5 iterations.
2024-04-01 01:25:42,877 - DEBUG - Score state 318 completed in 0.0486 seconds with 5 iterations.
2024-04-01 01:25:42,902 - DEBUG - Score state 319 completed in 0.0248 seconds with 4 iterations.
2024-04-01 01:25:42,934 - DEBUG - Score state 320 completed in 0.0320 seconds with 5 iterations.
2024-04-01 01:25:42,971 - DEBUG - Score state 321 completed in 0.0369 seconds with 5 iterations.
2024-04-01 01:25:42,998 - DEBUG - Score state 322 completed in 0.0266 seconds with 5 iterations.
2024-04-01 01:25:43,037 - DEBUG - Score state 323 completed in 0.0398 seconds with 5 iterations.
2024-04-01 01:25:43,073 - DEBUG - Score state 324 completed in 0.0351 seconds with 5 iterations.
2024-04-01 01:25:43,102 - DEBUG - Score state 325 completed in 0.0291 seconds with 5 iterations.
2024-04-01 01:25:43,141 - DEBUG - Score state 326 completed in 0.0386 seconds with 5 iterations.
2024-04-01 01:25:43,174 - DEBUG - Score state 327 completed in 0.0336 seconds with 5 iterations.
2024-04-01 01:25:43,205 - DEBUG - Score state 328 completed in 0.0303 seconds with 5 iterations.
2024-04-01 01:25:43,239 - DEBUG - Score state 329 completed in 0.0338 seconds with 5 iterations.
2024-04-01 01:25:43,271 - DEBUG - Score state 330 completed in 0.0328 seconds with 5 iterations.
2024-04-01 01:25:43,311 - DEBUG - Score state 331 completed in 0.0390 seconds with 5 iterations.
2024-04-01 01:25:43,350 - DEBUG - Score state 332 completed in 0.0391 seconds with 5 iterations.
2024-04-01 01:25:43,393 - DEBUG - Score state 333 completed in 0.0425 seconds with 5 iterations.
2024-04-01 01:25:43,431 - DEBUG - Score state 334 completed in 0.0384 seconds with 5 iterations.
2024-04-01 01:25:43,472 - DEBUG - Score state 335 completed in 0.0406 seconds with 5 iterations.
2024-04-01 01:25:43,511 - DEBUG - Score state 336 completed in 0.0390 seconds with 5 iterations.
2024-04-01 01:25:43,547 - DEBUG - Score state 337 completed in 0.0364 seconds with 5 iterations.
2024-04-01 01:25:43,588 - DEBUG - Score state 338 completed in 0.0405 seconds with 5 iterations.
2024-04-01 01:25:43,616 - DEBUG - Score state 339 completed in 0.0283 seconds with 5 iterations.
2024-04-01 01:25:43,663 - DEBUG - Score state 340 completed in 0.0470 seconds with 5 iterations.
2024-04-01 01:25:43,700 - DEBUG - Score state 341 completed in 0.0368 seconds with 5 iterations.
2024-04-01 01:25:43,737 - DEBUG - Score state 342 completed in 0.0368 seconds with 5 iterations.
2024-04-01 01:25:43,768 - DEBUG - Score state 343 completed in 0.0306 seconds with 5 iterations.
2024-04-01 01:25:43,795 - DEBUG - Score state 344 completed in 0.0275 seconds with 5 iterations.
2024-04-01 01:25:43,825 - DEBUG - Score state 345 completed in 0.0292 seconds with 5 iterations.
2024-04-01 01:25:43,845 - DEBUG - Score state 346 completed in 0.0204 seconds with 5 iterations.
2024-04-01 01:25:43,886 - DEBUG - Score state 347 completed in 0.0404 seconds with 5 iterations.
2024-04-01 01:25:43,913 - DEBUG - Score state 348 completed in 0.0276 seconds with 5 iterations.
2024-04-01 01:25:43,987 - DEBUG - Score state 349 completed in 0.0740 seconds with 5 iterations.
2024-04-01 01:25:44,059 - DEBUG - Score state 350 completed in 0.0720 seconds with 5 iterations.
2024-04-01 01:25:44,116 - DEBUG - Score state 351 completed in 0.0564 seconds with 5 iterations.
2024-04-01 01:25:44,182 - DEBUG - Score state 352 completed in 0.0658 seconds with 5 iterations.
2024-04-01 01:25:44,231 - DEBUG - Score state 353 completed in 0.0491 seconds with 5 iterations.
2024-04-01 01:25:44,270 - DEBUG - Score state 354 completed in 0.0393 seconds with 5 iterations.
2024-04-01 01:25:44,457 - DEBUG - Score state 355 completed in 0.1869 seconds with 5 iterations.
2024-04-01 01:25:44,620 - DEBUG - Score state 356 completed in 0.1625 seconds with 5 iterations.
2024-04-01 01:25:44,651 - DEBUG - Score state 357 completed in 0.0305 seconds with 5 iterations.
2024-04-01 01:25:44,696 - DEBUG - Score state 358 completed in 0.0451 seconds with 5 iterations.
2024-04-01 01:25:44,733 - DEBUG - Score state 359 completed in 0.0370 seconds with 5 iterations.
2024-04-01 01:25:44,757 - DEBUG - Score state 360 completed in 0.0244 seconds with 5 iterations.
2024-04-01 01:25:44,788 - DEBUG - Score state 361 completed in 0.0303 seconds with 5 iterations.
2024-04-01 01:25:44,811 - DEBUG - Score state 362 completed in 0.0223 seconds with 5 iterations.
2024-04-01 01:25:44,837 - DEBUG - Score state 363 completed in 0.0262 seconds with 5 iterations.
2024-04-01 01:25:44,879 - DEBUG - Score state 364 completed in 0.0417 seconds with 5 iterations.
2024-04-01 01:25:44,907 - DEBUG - Score state 365 completed in 0.0279 seconds with 5 iterations.
2024-04-01 01:25:44,945 - DEBUG - Score state 366 completed in 0.0386 seconds with 5 iterations.
2024-04-01 01:25:44,985 - DEBUG - Score state 367 completed in 0.0396 seconds with 5 iterations.
2024-04-01 01:25:45,020 - DEBUG - Score state 368 completed in 0.0345 seconds with 5 iterations.
2024-04-01 01:25:45,070 - DEBUG - Score state 369 completed in 0.0505 seconds with 5 iterations.
2024-04-01 01:25:45,102 - DEBUG - Score state 370 completed in 0.0318 seconds with 5 iterations.
2024-04-01 01:25:45,131 - DEBUG - Score state 371 completed in 0.0286 seconds with 5 iterations.
2024-04-01 01:25:45,164 - DEBUG - Score state 372 completed in 0.0330 seconds with 5 iterations.
2024-04-01 01:25:45,196 - DEBUG - Score state 373 completed in 0.0318 seconds with 5 iterations.
2024-04-01 01:25:45,234 - DEBUG - Score state 374 completed in 0.0383 seconds with 5 iterations.
2024-04-01 01:25:45,269 - DEBUG - Score state 375 completed in 0.0346 seconds with 5 iterations.
2024-04-01 01:25:45,320 - DEBUG - Score state 376 completed in 0.0506 seconds with 5 iterations.
2024-04-01 01:25:45,361 - DEBUG - Score state 377 completed in 0.0414 seconds with 5 iterations.
2024-04-01 01:25:45,399 - DEBUG - Score state 378 completed in 0.0360 seconds with 5 iterations.
2024-04-01 01:25:45,427 - DEBUG - Score state 379 completed in 0.0277 seconds with 5 iterations.
2024-04-01 01:25:45,449 - DEBUG - Score state 380 completed in 0.0229 seconds with 5 iterations.
2024-04-01 01:25:45,491 - DEBUG - Score state 381 completed in 0.0413 seconds with 5 iterations.
2024-04-01 01:25:45,526 - DEBUG - Score state 382 completed in 0.0354 seconds with 5 iterations.
2024-04-01 01:25:45,569 - DEBUG - Score state 383 completed in 0.0425 seconds with 5 iterations.
2024-04-01 01:25:45,597 - DEBUG - Score state 384 completed in 0.0282 seconds with 5 iterations.
2024-04-01 01:25:45,621 - DEBUG - Score state 385 completed in 0.0242 seconds with 5 iterations.
2024-04-01 01:25:45,653 - DEBUG - Score state 386 completed in 0.0318 seconds with 5 iterations.
2024-04-01 01:25:45,680 - DEBUG - Score state 387 completed in 0.0270 seconds with 5 iterations.
2024-04-01 01:25:45,720 - DEBUG - Score state 388 completed in 0.0393 seconds with 5 iterations.
2024-04-01 01:25:45,746 - DEBUG - Score state 389 completed in 0.0258 seconds with 5 iterations.
2024-04-01 01:25:45,773 - DEBUG - Score state 390 completed in 0.0277 seconds with 5 iterations.
2024-04-01 01:25:45,807 - DEBUG - Score state 391 completed in 0.0335 seconds with 5 iterations.
2024-04-01 01:25:45,841 - DEBUG - Score state 392 completed in 0.0341 seconds with 5 iterations.
2024-04-01 01:25:45,876 - DEBUG - Score state 393 completed in 0.0346 seconds with 5 iterations.
2024-04-01 01:25:45,911 - DEBUG - Score state 394 completed in 0.0355 seconds with 5 iterations.
2024-04-01 01:25:45,948 - DEBUG - Score state 395 completed in 0.0370 seconds with 5 iterations.
2024-04-01 01:25:45,976 - DEBUG - Score state 396 completed in 0.0273 seconds with 5 iterations.
2024-04-01 01:25:46,001 - DEBUG - Score state 397 completed in 0.0251 seconds with 5 iterations.
2024-04-01 01:25:46,033 - DEBUG - Score state 398 completed in 0.0318 seconds with 5 iterations.
2024-04-01 01:25:46,074 - DEBUG - Score state 399 completed in 0.0409 seconds with 5 iterations.
2024-04-01 01:25:46,108 - DEBUG - Score state 400 completed in 0.0341 seconds with 5 iterations.
2024-04-01 01:25:46,138 - DEBUG - Score state 401 completed in 0.0303 seconds with 5 iterations.
2024-04-01 01:25:46,164 - DEBUG - Score state 402 completed in 0.0254 seconds with 5 iterations.
2024-04-01 01:25:46,197 - DEBUG - Score state 403 completed in 0.0334 seconds with 5 iterations.
2024-04-01 01:25:46,228 - DEBUG - Score state 404 completed in 0.0312 seconds with 5 iterations.
2024-04-01 01:25:46,259 - DEBUG - Score state 405 completed in 0.0306 seconds with 5 iterations.
2024-04-01 01:25:46,285 - DEBUG - Score state 406 completed in 0.0256 seconds with 5 iterations.
2024-04-01 01:25:46,329 - DEBUG - Score state 407 completed in 0.0447 seconds with 5 iterations.
2024-04-01 01:25:46,359 - DEBUG - Score state 408 completed in 0.0300 seconds with 5 iterations.
2024-04-01 01:25:46,392 - DEBUG - Score state 409 completed in 0.0328 seconds with 5 iterations.
2024-04-01 01:25:46,417 - DEBUG - Score state 410 completed in 0.0252 seconds with 5 iterations.
2024-04-01 01:25:46,436 - DEBUG - Score state 411 completed in 0.0187 seconds with 5 iterations.
2024-04-01 01:25:46,464 - DEBUG - Score state 412 completed in 0.0280 seconds with 5 iterations.
2024-04-01 01:25:46,494 - DEBUG - Score state 413 completed in 0.0299 seconds with 5 iterations.
2024-04-01 01:25:46,527 - DEBUG - Score state 414 completed in 0.0326 seconds with 5 iterations.
2024-04-01 01:25:46,565 - DEBUG - Score state 415 completed in 0.0386 seconds with 5 iterations.
2024-04-01 01:25:46,596 - DEBUG - Score state 416 completed in 0.0305 seconds with 5 iterations.
2024-04-01 01:25:46,624 - DEBUG - Score state 417 completed in 0.0281 seconds with 5 iterations.
2024-04-01 01:25:46,653 - DEBUG - Score state 418 completed in 0.0286 seconds with 5 iterations.
2024-04-01 01:25:46,686 - DEBUG - Score state 419 completed in 0.0337 seconds with 5 iterations.
2024-04-01 01:25:46,717 - DEBUG - Score state 420 completed in 0.0301 seconds with 5 iterations.
2024-04-01 01:25:46,751 - DEBUG - Score state 421 completed in 0.0346 seconds with 5 iterations.
2024-04-01 01:25:46,778 - DEBUG - Score state 422 completed in 0.0268 seconds with 5 iterations.
2024-04-01 01:25:46,809 - DEBUG - Score state 423 completed in 0.0312 seconds with 5 iterations.
2024-04-01 01:25:46,834 - DEBUG - Score state 424 completed in 0.0243 seconds with 5 iterations.
2024-04-01 01:25:46,867 - DEBUG - Score state 425 completed in 0.0332 seconds with 5 iterations.
2024-04-01 01:25:46,900 - DEBUG - Score state 426 completed in 0.0326 seconds with 5 iterations.
2024-04-01 01:25:46,929 - DEBUG - Score state 427 completed in 0.0291 seconds with 5 iterations.
2024-04-01 01:25:46,965 - DEBUG - Score state 428 completed in 0.0358 seconds with 5 iterations.
2024-04-01 01:25:46,993 - DEBUG - Score state 429 completed in 0.0279 seconds with 5 iterations.
2024-04-01 01:25:47,024 - DEBUG - Score state 430 completed in 0.0313 seconds with 5 iterations.
2024-04-01 01:25:47,069 - DEBUG - Score state 431 completed in 0.0442 seconds with 5 iterations.
2024-04-01 01:25:47,101 - DEBUG - Score state 432 completed in 0.0322 seconds with 5 iterations.
2024-04-01 01:25:47,133 - DEBUG - Score state 433 completed in 0.0317 seconds with 5 iterations.
2024-04-01 01:25:47,167 - DEBUG - Score state 434 completed in 0.0339 seconds with 5 iterations.
2024-04-01 01:25:47,203 - DEBUG - Score state 435 completed in 0.0361 seconds with 5 iterations.
2024-04-01 01:25:47,234 - DEBUG - Score state 436 completed in 0.0308 seconds with 5 iterations.
2024-04-01 01:25:47,266 - DEBUG - Score state 437 completed in 0.0318 seconds with 5 iterations.
2024-04-01 01:25:47,310 - DEBUG - Score state 438 completed in 0.0445 seconds with 5 iterations.
2024-04-01 01:25:47,345 - DEBUG - Score state 439 completed in 0.0351 seconds with 5 iterations.
2024-04-01 01:25:47,383 - DEBUG - Score state 440 completed in 0.0381 seconds with 5 iterations.
2024-04-01 01:25:47,417 - DEBUG - Score state 441 completed in 0.0337 seconds with 5 iterations.
2024-04-01 01:25:47,450 - DEBUG - Score state 442 completed in 0.0332 seconds with 5 iterations.
2024-04-01 01:25:47,479 - DEBUG - Score state 443 completed in 0.0288 seconds with 5 iterations.
2024-04-01 01:25:47,507 - DEBUG - Score state 444 completed in 0.0281 seconds with 5 iterations.
2024-04-01 01:25:47,536 - DEBUG - Score state 445 completed in 0.0285 seconds with 5 iterations.
2024-04-01 01:25:47,577 - DEBUG - Score state 446 completed in 0.0406 seconds with 5 iterations.
2024-04-01 01:25:47,609 - DEBUG - Score state 447 completed in 0.0322 seconds with 5 iterations.
2024-04-01 01:25:47,640 - DEBUG - Score state 448 completed in 0.0304 seconds with 5 iterations.
2024-04-01 01:25:47,673 - DEBUG - Score state 449 completed in 0.0336 seconds with 5 iterations.
2024-04-01 01:25:47,703 - DEBUG - Score state 450 completed in 0.0293 seconds with 5 iterations.
2024-04-01 01:25:47,734 - DEBUG - Score state 451 completed in 0.0311 seconds with 5 iterations.
2024-04-01 01:25:47,768 - DEBUG - Score state 452 completed in 0.0345 seconds with 5 iterations.
2024-04-01 01:25:47,807 - DEBUG - Score state 453 completed in 0.0387 seconds with 5 iterations.
2024-04-01 01:25:47,837 - DEBUG - Score state 454 completed in 0.0304 seconds with 5 iterations.
2024-04-01 01:25:47,874 - DEBUG - Score state 455 completed in 0.0358 seconds with 5 iterations.
2024-04-01 01:25:47,907 - DEBUG - Score state 456 completed in 0.0329 seconds with 5 iterations.
2024-04-01 01:25:47,940 - DEBUG - Score state 457 completed in 0.0334 seconds with 5 iterations.
2024-04-01 01:25:47,969 - DEBUG - Score state 458 completed in 0.0284 seconds with 5 iterations.
2024-04-01 01:25:47,996 - DEBUG - Score state 459 completed in 0.0271 seconds with 5 iterations.
2024-04-01 01:25:48,029 - DEBUG - Score state 460 completed in 0.0336 seconds with 5 iterations.
2024-04-01 01:25:48,070 - DEBUG - Score state 461 completed in 0.0406 seconds with 5 iterations.
2024-04-01 01:25:48,099 - DEBUG - Score state 462 completed in 0.0291 seconds with 5 iterations.
2024-04-01 01:25:48,140 - DEBUG - Score state 463 completed in 0.0408 seconds with 5 iterations.
2024-04-01 01:25:48,163 - DEBUG - Score state 464 completed in 0.0230 seconds with 5 iterations.
2024-04-01 01:25:48,193 - DEBUG - Score state 465 completed in 0.0298 seconds with 5 iterations.
2024-04-01 01:25:48,212 - DEBUG - Score state 466 completed in 0.0185 seconds with 5 iterations.
2024-04-01 01:25:48,241 - DEBUG - Score state 467 completed in 0.0295 seconds with 5 iterations.
2024-04-01 01:25:48,274 - DEBUG - Score state 468 completed in 0.0328 seconds with 5 iterations.
2024-04-01 01:25:48,299 - DEBUG - Score state 469 completed in 0.0246 seconds with 5 iterations.
2024-04-01 01:25:48,324 - DEBUG - Score state 470 completed in 0.0254 seconds with 5 iterations.
2024-04-01 01:25:48,361 - DEBUG - Score state 471 completed in 0.0367 seconds with 5 iterations.
2024-04-01 01:25:48,397 - DEBUG - Score state 472 completed in 0.0364 seconds with 5 iterations.
2024-04-01 01:25:48,434 - DEBUG - Score state 473 completed in 0.0367 seconds with 5 iterations.
2024-04-01 01:25:48,460 - DEBUG - Score state 474 completed in 0.0257 seconds with 5 iterations.
2024-04-01 01:25:48,495 - DEBUG - Score state 475 completed in 0.0355 seconds with 5 iterations.
2024-04-01 01:25:48,524 - DEBUG - Score state 476 completed in 0.0285 seconds with 5 iterations.
2024-04-01 01:25:48,561 - DEBUG - Score state 477 completed in 0.0375 seconds with 5 iterations.
2024-04-01 01:25:48,587 - DEBUG - Score state 478 completed in 0.0259 seconds with 5 iterations.
2024-04-01 01:25:48,616 - DEBUG - Score state 479 completed in 0.0283 seconds with 5 iterations.
2024-04-01 01:25:48,647 - DEBUG - Score state 480 completed in 0.0317 seconds with 5 iterations.
2024-04-01 01:25:48,690 - DEBUG - Score state 481 completed in 0.0429 seconds with 5 iterations.
2024-04-01 01:25:48,711 - DEBUG - Score state 482 completed in 0.0203 seconds with 5 iterations.
2024-04-01 01:25:48,746 - DEBUG - Score state 483 completed in 0.0349 seconds with 5 iterations.
2024-04-01 01:25:48,784 - DEBUG - Score state 484 completed in 0.0386 seconds with 5 iterations.
2024-04-01 01:25:48,822 - DEBUG - Score state 485 completed in 0.0373 seconds with 5 iterations.
2024-04-01 01:25:48,850 - DEBUG - Score state 486 completed in 0.0281 seconds with 5 iterations.
2024-04-01 01:25:48,886 - DEBUG - Score state 487 completed in 0.0362 seconds with 5 iterations.
2024-04-01 01:25:48,925 - DEBUG - Score state 488 completed in 0.0390 seconds with 5 iterations.
2024-04-01 01:25:48,964 - DEBUG - Score state 489 completed in 0.0383 seconds with 5 iterations.
2024-04-01 01:25:48,997 - DEBUG - Score state 490 completed in 0.0329 seconds with 5 iterations.
2024-04-01 01:25:49,027 - DEBUG - Score state 491 completed in 0.0300 seconds with 5 iterations.
2024-04-01 01:25:49,069 - DEBUG - Score state 492 completed in 0.0422 seconds with 5 iterations.
2024-04-01 01:25:49,103 - DEBUG - Score state 493 completed in 0.0335 seconds with 5 iterations.
2024-04-01 01:25:49,134 - DEBUG - Score state 494 completed in 0.0306 seconds with 5 iterations.
2024-04-01 01:25:49,168 - DEBUG - Score state 495 completed in 0.0334 seconds with 5 iterations.
2024-04-01 01:25:49,195 - DEBUG - Score state 496 completed in 0.0276 seconds with 5 iterations.
2024-04-01 01:25:49,226 - DEBUG - Score state 497 completed in 0.0311 seconds with 5 iterations.
2024-04-01 01:25:49,256 - DEBUG - Score state 498 completed in 0.0296 seconds with 5 iterations.
2024-04-01 01:25:49,307 - DEBUG - Score state 499 completed in 0.0513 seconds with 5 iterations.
2024-04-01 01:25:49,335 - DEBUG - Score state 500 completed in 0.0274 seconds with 5 iterations.
2024-04-01 01:25:49,364 - DEBUG - Score state 501 completed in 0.0289 seconds with 5 iterations.
2024-04-01 01:25:49,370 - INFO - Saved V matrix and optimal action index for player 7
2024-04-01 01:25:49,370 - INFO - Total time for value iteration: 17.4248 seconds.
2024-04-01 01:44:54,246 - INFO - Operating System: Windows 10
2024-04-01 01:44:54,246 - INFO - Machine: AMD64
2024-04-01 01:44:54,246 - INFO - Processor: Intel64 Family 6 Model 165 Stepping 2, GenuineIntel
2024-04-01 01:44:54,246 - INFO - CPU Cores: 12
2024-04-01 01:44:54,246 - INFO - CPU Frequency: 2592.00 MHz (Min: 0.00 MHz, Max: 2592.00 MHz)
2024-04-01 01:44:54,249 - INFO - Total Memory: 15.77 GB
2024-04-01 01:44:54,601 - DEBUG - Score state 2 completed in 0.0020 seconds with 14 iterations.
2024-04-01 01:44:54,603 - DEBUG - Score state 3 completed in 0.0020 seconds with 14 iterations.
2024-04-01 01:44:54,606 - DEBUG - Score state 4 completed in 0.0030 seconds with 11 iterations.
2024-04-01 01:44:54,608 - DEBUG - Score state 5 completed in 0.0020 seconds with 10 iterations.
2024-04-01 01:44:54,612 - DEBUG - Score state 6 completed in 0.0040 seconds with 14 iterations.
2024-04-01 01:44:54,615 - DEBUG - Score state 7 completed in 0.0030 seconds with 10 iterations.
2024-04-01 01:44:54,619 - DEBUG - Score state 8 completed in 0.0030 seconds with 9 iterations.
2024-04-01 01:44:54,622 - DEBUG - Score state 9 completed in 0.0020 seconds with 6 iterations.
2024-04-01 01:44:54,627 - DEBUG - Score state 10 completed in 0.0050 seconds with 10 iterations.
2024-04-01 01:44:54,633 - DEBUG - Score state 11 completed in 0.0060 seconds with 6 iterations.
2024-04-01 01:44:54,642 - DEBUG - Score state 12 completed in 0.0090 seconds with 10 iterations.
2024-04-01 01:44:54,649 - DEBUG - Score state 13 completed in 0.0070 seconds with 6 iterations.
2024-04-01 01:44:54,662 - DEBUG - Score state 14 completed in 0.0130 seconds with 10 iterations.
2024-04-01 01:44:54,671 - DEBUG - Score state 15 completed in 0.0090 seconds with 6 iterations.
2024-04-01 01:44:54,683 - DEBUG - Score state 16 completed in 0.0110 seconds with 7 iterations.
2024-04-01 01:44:54,695 - DEBUG - Score state 17 completed in 0.0110 seconds with 6 iterations.
2024-04-01 01:44:54,714 - DEBUG - Score state 18 completed in 0.0189 seconds with 10 iterations.
2024-04-01 01:44:54,727 - DEBUG - Score state 19 completed in 0.0130 seconds with 6 iterations.
2024-04-01 01:44:54,747 - DEBUG - Score state 20 completed in 0.0199 seconds with 9 iterations.
2024-04-01 01:44:54,762 - DEBUG - Score state 21 completed in 0.0150 seconds with 6 iterations.
2024-04-01 01:44:54,785 - DEBUG - Score state 22 completed in 0.0229 seconds with 9 iterations.
2024-04-01 01:44:54,804 - DEBUG - Score state 23 completed in 0.0190 seconds with 6 iterations.
2024-04-01 01:44:54,826 - DEBUG - Score state 24 completed in 0.0229 seconds with 8 iterations.
2024-04-01 01:44:54,845 - DEBUG - Score state 25 completed in 0.0180 seconds with 6 iterations.
2024-04-01 01:44:54,873 - DEBUG - Score state 26 completed in 0.0279 seconds with 9 iterations.
2024-04-01 01:44:54,896 - DEBUG - Score state 27 completed in 0.0229 seconds with 6 iterations.
2024-04-01 01:44:54,931 - DEBUG - Score state 28 completed in 0.0339 seconds with 9 iterations.
2024-04-01 01:44:54,954 - DEBUG - Score state 29 completed in 0.0229 seconds with 6 iterations.
2024-04-01 01:44:54,992 - DEBUG - Score state 30 completed in 0.0379 seconds with 10 iterations.
2024-04-01 01:44:55,017 - DEBUG - Score state 31 completed in 0.0249 seconds with 6 iterations.
2024-04-01 01:44:55,047 - DEBUG - Score state 32 completed in 0.0299 seconds with 7 iterations.
2024-04-01 01:44:55,070 - DEBUG - Score state 33 completed in 0.0229 seconds with 5 iterations.
2024-04-01 01:44:55,113 - DEBUG - Score state 34 completed in 0.0429 seconds with 9 iterations.
2024-04-01 01:44:55,141 - DEBUG - Score state 35 completed in 0.0279 seconds with 5 iterations.
2024-04-01 01:44:55,181 - DEBUG - Score state 36 completed in 0.0399 seconds with 8 iterations.
2024-04-01 01:44:55,207 - DEBUG - Score state 37 completed in 0.0269 seconds with 5 iterations.
2024-04-01 01:44:55,254 - DEBUG - Score state 38 completed in 0.0469 seconds with 9 iterations.
2024-04-01 01:44:55,283 - DEBUG - Score state 39 completed in 0.0279 seconds with 5 iterations.
2024-04-01 01:44:55,326 - DEBUG - Score state 40 completed in 0.0429 seconds with 8 iterations.
2024-04-01 01:44:55,357 - DEBUG - Score state 41 completed in 0.0299 seconds with 5 iterations.
2024-04-01 01:44:55,387 - DEBUG - Score state 42 completed in 0.0299 seconds with 5 iterations.
2024-04-01 01:44:55,420 - DEBUG - Score state 43 completed in 0.0319 seconds with 5 iterations.
2024-04-01 01:44:55,453 - DEBUG - Score state 44 completed in 0.0329 seconds with 5 iterations.
2024-04-01 01:44:55,491 - DEBUG - Score state 45 completed in 0.0369 seconds with 5 iterations.
2024-04-01 01:44:55,526 - DEBUG - Score state 46 completed in 0.0349 seconds with 5 iterations.
2024-04-01 01:44:55,561 - DEBUG - Score state 47 completed in 0.0349 seconds with 5 iterations.
2024-04-01 01:44:55,596 - DEBUG - Score state 48 completed in 0.0359 seconds with 5 iterations.
2024-04-01 01:44:55,634 - DEBUG - Score state 49 completed in 0.0369 seconds with 5 iterations.
2024-04-01 01:44:55,671 - DEBUG - Score state 50 completed in 0.0369 seconds with 5 iterations.
2024-04-01 01:44:55,711 - DEBUG - Score state 51 completed in 0.0399 seconds with 5 iterations.
2024-04-01 01:44:55,751 - DEBUG - Score state 52 completed in 0.0399 seconds with 5 iterations.
2024-04-01 01:44:55,792 - DEBUG - Score state 53 completed in 0.0409 seconds with 5 iterations.
2024-04-01 01:44:55,835 - DEBUG - Score state 54 completed in 0.0429 seconds with 5 iterations.
2024-04-01 01:44:55,878 - DEBUG - Score state 55 completed in 0.0429 seconds with 5 iterations.
2024-04-01 01:44:55,922 - DEBUG - Score state 56 completed in 0.0439 seconds with 5 iterations.
2024-04-01 01:44:55,958 - DEBUG - Score state 57 completed in 0.0359 seconds with 4 iterations.
2024-04-01 01:44:55,996 - DEBUG - Score state 58 completed in 0.0369 seconds with 4 iterations.
2024-04-01 01:44:56,037 - DEBUG - Score state 59 completed in 0.0399 seconds with 4 iterations.
2024-04-01 01:44:56,077 - DEBUG - Score state 60 completed in 0.0399 seconds with 4 iterations.
2024-04-01 01:44:56,134 - DEBUG - Score state 61 completed in 0.0568 seconds with 6 iterations.
2024-04-01 01:44:56,187 - DEBUG - Score state 62 completed in 0.0529 seconds with 5 iterations.
2024-04-01 01:44:56,245 - DEBUG - Score state 63 completed in 0.0578 seconds with 6 iterations.
2024-04-01 01:44:56,296 - DEBUG - Score state 64 completed in 0.0509 seconds with 5 iterations.
2024-04-01 01:44:56,360 - DEBUG - Score state 65 completed in 0.0638 seconds with 6 iterations.
2024-04-01 01:44:56,412 - DEBUG - Score state 66 completed in 0.0519 seconds with 5 iterations.
2024-04-01 01:44:56,467 - DEBUG - Score state 67 completed in 0.0549 seconds with 5 iterations.
2024-04-01 01:44:56,523 - DEBUG - Score state 68 completed in 0.0559 seconds with 5 iterations.
2024-04-01 01:44:56,578 - DEBUG - Score state 69 completed in 0.0549 seconds with 5 iterations.
2024-04-01 01:44:56,634 - DEBUG - Score state 70 completed in 0.0559 seconds with 5 iterations.
2024-04-01 01:44:56,690 - DEBUG - Score state 71 completed in 0.0559 seconds with 5 iterations.
2024-04-01 01:44:56,748 - DEBUG - Score state 72 completed in 0.0578 seconds with 5 iterations.
2024-04-01 01:44:56,810 - DEBUG - Score state 73 completed in 0.0608 seconds with 5 iterations.
2024-04-01 01:44:56,872 - DEBUG - Score state 74 completed in 0.0618 seconds with 5 iterations.
2024-04-01 01:44:56,931 - DEBUG - Score state 75 completed in 0.0588 seconds with 5 iterations.
2024-04-01 01:44:56,991 - DEBUG - Score state 76 completed in 0.0598 seconds with 5 iterations.
2024-04-01 01:44:57,051 - DEBUG - Score state 77 completed in 0.0598 seconds with 5 iterations.
2024-04-01 01:44:57,110 - DEBUG - Score state 78 completed in 0.0598 seconds with 5 iterations.
2024-04-01 01:44:57,174 - DEBUG - Score state 79 completed in 0.0638 seconds with 5 iterations.
2024-04-01 01:44:57,234 - DEBUG - Score state 80 completed in 0.0598 seconds with 5 iterations.
2024-04-01 01:44:57,296 - DEBUG - Score state 81 completed in 0.0608 seconds with 5 iterations.
2024-04-01 01:44:57,360 - DEBUG - Score state 82 completed in 0.0628 seconds with 5 iterations.
2024-04-01 01:44:57,421 - DEBUG - Score state 83 completed in 0.0598 seconds with 5 iterations.
2024-04-01 01:44:57,487 - DEBUG - Score state 84 completed in 0.0658 seconds with 5 iterations.
2024-04-01 01:44:57,551 - DEBUG - Score state 85 completed in 0.0638 seconds with 5 iterations.
2024-04-01 01:44:57,614 - DEBUG - Score state 86 completed in 0.0628 seconds with 5 iterations.
2024-04-01 01:44:57,677 - DEBUG - Score state 87 completed in 0.0628 seconds with 5 iterations.
2024-04-01 01:44:57,741 - DEBUG - Score state 88 completed in 0.0638 seconds with 5 iterations.
2024-04-01 01:44:57,805 - DEBUG - Score state 89 completed in 0.0638 seconds with 5 iterations.
2024-04-01 01:44:57,869 - DEBUG - Score state 90 completed in 0.0648 seconds with 5 iterations.
2024-04-01 01:44:57,934 - DEBUG - Score state 91 completed in 0.0648 seconds with 5 iterations.
2024-04-01 01:44:57,999 - DEBUG - Score state 92 completed in 0.0648 seconds with 5 iterations.
2024-04-01 01:44:58,064 - DEBUG - Score state 93 completed in 0.0648 seconds with 5 iterations.
2024-04-01 01:44:58,132 - DEBUG - Score state 94 completed in 0.0668 seconds with 5 iterations.
2024-04-01 01:44:58,198 - DEBUG - Score state 95 completed in 0.0668 seconds with 5 iterations.
2024-04-01 01:44:58,265 - DEBUG - Score state 96 completed in 0.0668 seconds with 5 iterations.
2024-04-01 01:44:58,333 - DEBUG - Score state 97 completed in 0.0678 seconds with 5 iterations.
2024-04-01 01:44:58,401 - DEBUG - Score state 98 completed in 0.0678 seconds with 5 iterations.
2024-04-01 01:44:58,469 - DEBUG - Score state 99 completed in 0.0678 seconds with 5 iterations.
2024-04-01 01:44:58,540 - DEBUG - Score state 100 completed in 0.0698 seconds with 5 iterations.
2024-04-01 01:44:58,607 - DEBUG - Score state 101 completed in 0.0678 seconds with 5 iterations.
2024-04-01 01:44:58,676 - DEBUG - Score state 102 completed in 0.0678 seconds with 5 iterations.
2024-04-01 01:44:58,745 - DEBUG - Score state 103 completed in 0.0688 seconds with 5 iterations.
2024-04-01 01:44:58,815 - DEBUG - Score state 104 completed in 0.0688 seconds with 5 iterations.
2024-04-01 01:44:58,886 - DEBUG - Score state 105 completed in 0.0708 seconds with 5 iterations.
2024-04-01 01:44:58,961 - DEBUG - Score state 106 completed in 0.0758 seconds with 5 iterations.
2024-04-01 01:44:59,034 - DEBUG - Score state 107 completed in 0.0728 seconds with 5 iterations.
2024-04-01 01:44:59,105 - DEBUG - Score state 108 completed in 0.0708 seconds with 5 iterations.
2024-04-01 01:44:59,176 - DEBUG - Score state 109 completed in 0.0708 seconds with 5 iterations.
2024-04-01 01:44:59,249 - DEBUG - Score state 110 completed in 0.0728 seconds with 5 iterations.
2024-04-01 01:44:59,320 - DEBUG - Score state 111 completed in 0.0718 seconds with 5 iterations.
2024-04-01 01:44:59,394 - DEBUG - Score state 112 completed in 0.0728 seconds with 5 iterations.
2024-04-01 01:44:59,469 - DEBUG - Score state 113 completed in 0.0748 seconds with 5 iterations.
2024-04-01 01:44:59,546 - DEBUG - Score state 114 completed in 0.0768 seconds with 5 iterations.
2024-04-01 01:44:59,620 - DEBUG - Score state 115 completed in 0.0738 seconds with 5 iterations.
2024-04-01 01:44:59,694 - DEBUG - Score state 116 completed in 0.0748 seconds with 5 iterations.
2024-04-01 01:44:59,771 - DEBUG - Score state 117 completed in 0.0768 seconds with 5 iterations.
2024-04-01 01:44:59,847 - DEBUG - Score state 118 completed in 0.0758 seconds with 5 iterations.
2024-04-01 01:44:59,924 - DEBUG - Score state 119 completed in 0.0768 seconds with 5 iterations.
2024-04-01 01:45:00,001 - DEBUG - Score state 120 completed in 0.0768 seconds with 5 iterations.
2024-04-01 01:45:00,078 - DEBUG - Score state 121 completed in 0.0778 seconds with 5 iterations.
2024-04-01 01:45:00,155 - DEBUG - Score state 122 completed in 0.0758 seconds with 5 iterations.
2024-04-01 01:45:00,233 - DEBUG - Score state 123 completed in 0.0778 seconds with 5 iterations.
2024-04-01 01:45:00,311 - DEBUG - Score state 124 completed in 0.0778 seconds with 5 iterations.
2024-04-01 01:45:00,390 - DEBUG - Score state 125 completed in 0.0778 seconds with 5 iterations.
2024-04-01 01:45:00,467 - DEBUG - Score state 126 completed in 0.0778 seconds with 5 iterations.
2024-04-01 01:45:00,546 - DEBUG - Score state 127 completed in 0.0788 seconds with 5 iterations.
2024-04-01 01:45:00,625 - DEBUG - Score state 128 completed in 0.0778 seconds with 5 iterations.
2024-04-01 01:45:00,704 - DEBUG - Score state 129 completed in 0.0788 seconds with 5 iterations.
2024-04-01 01:45:00,784 - DEBUG - Score state 130 completed in 0.0798 seconds with 5 iterations.
2024-04-01 01:45:00,865 - DEBUG - Score state 131 completed in 0.0818 seconds with 5 iterations.
2024-04-01 01:45:00,946 - DEBUG - Score state 132 completed in 0.0808 seconds with 5 iterations.
2024-04-01 01:45:01,028 - DEBUG - Score state 133 completed in 0.0818 seconds with 5 iterations.
2024-04-01 01:45:01,111 - DEBUG - Score state 134 completed in 0.0828 seconds with 5 iterations.
2024-04-01 01:45:01,194 - DEBUG - Score state 135 completed in 0.0838 seconds with 5 iterations.
2024-04-01 01:45:01,279 - DEBUG - Score state 136 completed in 0.0838 seconds with 5 iterations.
2024-04-01 01:45:01,362 - DEBUG - Score state 137 completed in 0.0828 seconds with 5 iterations.
2024-04-01 01:45:01,445 - DEBUG - Score state 138 completed in 0.0828 seconds with 5 iterations.
2024-04-01 01:45:01,531 - DEBUG - Score state 139 completed in 0.0858 seconds with 5 iterations.
2024-04-01 01:45:01,612 - DEBUG - Score state 140 completed in 0.0808 seconds with 5 iterations.
2024-04-01 01:45:01,692 - DEBUG - Score state 141 completed in 0.0798 seconds with 5 iterations.
2024-04-01 01:45:01,772 - DEBUG - Score state 142 completed in 0.0798 seconds with 5 iterations.
2024-04-01 01:45:01,839 - DEBUG - Score state 143 completed in 0.0668 seconds with 4 iterations.
2024-04-01 01:45:01,907 - DEBUG - Score state 144 completed in 0.0668 seconds with 4 iterations.
2024-04-01 01:45:01,973 - DEBUG - Score state 145 completed in 0.0668 seconds with 4 iterations.
2024-04-01 01:45:02,040 - DEBUG - Score state 146 completed in 0.0668 seconds with 4 iterations.
2024-04-01 01:45:02,108 - DEBUG - Score state 147 completed in 0.0678 seconds with 4 iterations.
2024-04-01 01:45:02,176 - DEBUG - Score state 148 completed in 0.0678 seconds with 4 iterations.
2024-04-01 01:45:02,242 - DEBUG - Score state 149 completed in 0.0658 seconds with 4 iterations.
2024-04-01 01:45:02,311 - DEBUG - Score state 150 completed in 0.0688 seconds with 4 iterations.
2024-04-01 01:45:02,381 - DEBUG - Score state 151 completed in 0.0688 seconds with 4 iterations.
2024-04-01 01:45:02,448 - DEBUG - Score state 152 completed in 0.0658 seconds with 4 iterations.
2024-04-01 01:45:02,517 - DEBUG - Score state 153 completed in 0.0678 seconds with 4 iterations.
2024-04-01 01:45:02,584 - DEBUG - Score state 154 completed in 0.0658 seconds with 4 iterations.
2024-04-01 01:45:02,650 - DEBUG - Score state 155 completed in 0.0658 seconds with 4 iterations.
2024-04-01 01:45:02,715 - DEBUG - Score state 156 completed in 0.0658 seconds with 4 iterations.
2024-04-01 01:45:02,782 - DEBUG - Score state 157 completed in 0.0658 seconds with 4 iterations.
2024-04-01 01:45:02,849 - DEBUG - Score state 158 completed in 0.0668 seconds with 4 iterations.
2024-04-01 01:45:02,931 - DEBUG - Score state 159 completed in 0.0818 seconds with 5 iterations.
2024-04-01 01:45:03,000 - DEBUG - Score state 160 completed in 0.0688 seconds with 4 iterations.
2024-04-01 01:45:03,068 - DEBUG - Score state 161 completed in 0.0678 seconds with 4 iterations.
2024-04-01 01:45:03,150 - DEBUG - Score state 162 completed in 0.0818 seconds with 5 iterations.
2024-04-01 01:45:03,233 - DEBUG - Score state 163 completed in 0.0828 seconds with 5 iterations.
2024-04-01 01:45:03,307 - DEBUG - Score state 164 completed in 0.0728 seconds with 4 iterations.
2024-04-01 01:45:03,389 - DEBUG - Score state 165 completed in 0.0808 seconds with 5 iterations.
2024-04-01 01:45:03,472 - DEBUG - Score state 166 completed in 0.0838 seconds with 5 iterations.
2024-04-01 01:45:03,544 - DEBUG - Score state 167 completed in 0.0718 seconds with 4 iterations.
2024-04-01 01:45:03,629 - DEBUG - Score state 168 completed in 0.0848 seconds with 5 iterations.
2024-04-01 01:45:03,717 - DEBUG - Score state 169 completed in 0.0868 seconds with 5 iterations.
2024-04-01 01:45:03,790 - DEBUG - Score state 170 completed in 0.0728 seconds with 4 iterations.
2024-04-01 01:45:03,873 - DEBUG - Score state 171 completed in 0.0838 seconds with 5 iterations.
2024-04-01 01:45:03,955 - DEBUG - Score state 172 completed in 0.0818 seconds with 5 iterations.
2024-04-01 01:45:04,036 - DEBUG - Score state 173 completed in 0.0808 seconds with 5 iterations.
2024-04-01 01:45:04,115 - DEBUG - Score state 174 completed in 0.0788 seconds with 5 iterations.
2024-04-01 01:45:04,194 - DEBUG - Score state 175 completed in 0.0798 seconds with 5 iterations.
2024-04-01 01:45:04,272 - DEBUG - Score state 176 completed in 0.0778 seconds with 5 iterations.
2024-04-01 01:45:04,354 - DEBUG - Score state 177 completed in 0.0818 seconds with 5 iterations.
2024-04-01 01:45:04,434 - DEBUG - Score state 178 completed in 0.0798 seconds with 5 iterations.
2024-04-01 01:45:04,517 - DEBUG - Score state 179 completed in 0.0818 seconds with 5 iterations.
2024-04-01 01:45:04,595 - DEBUG - Score state 180 completed in 0.0788 seconds with 5 iterations.
2024-04-01 01:45:04,673 - DEBUG - Score state 181 completed in 0.0778 seconds with 5 iterations.
2024-04-01 01:45:04,739 - DEBUG - Score state 182 completed in 0.0658 seconds with 4 iterations.
2024-04-01 01:45:04,806 - DEBUG - Score state 183 completed in 0.0668 seconds with 4 iterations.
2024-04-01 01:45:04,871 - DEBUG - Score state 184 completed in 0.0648 seconds with 4 iterations.
2024-04-01 01:45:04,939 - DEBUG - Score state 185 completed in 0.0678 seconds with 4 iterations.
2024-04-01 01:45:05,004 - DEBUG - Score state 186 completed in 0.0648 seconds with 4 iterations.
2024-04-01 01:45:05,070 - DEBUG - Score state 187 completed in 0.0648 seconds with 4 iterations.
2024-04-01 01:45:05,137 - DEBUG - Score state 188 completed in 0.0668 seconds with 4 iterations.
2024-04-01 01:45:05,203 - DEBUG - Score state 189 completed in 0.0658 seconds with 4 iterations.
2024-04-01 01:45:05,268 - DEBUG - Score state 190 completed in 0.0648 seconds with 4 iterations.
2024-04-01 01:45:05,338 - DEBUG - Score state 191 completed in 0.0698 seconds with 4 iterations.
2024-04-01 01:45:05,409 - DEBUG - Score state 192 completed in 0.0708 seconds with 4 iterations.
2024-04-01 01:45:05,478 - DEBUG - Score state 193 completed in 0.0688 seconds with 4 iterations.
2024-04-01 01:45:05,548 - DEBUG - Score state 194 completed in 0.0688 seconds with 4 iterations.
2024-04-01 01:45:05,615 - DEBUG - Score state 195 completed in 0.0658 seconds with 4 iterations.
2024-04-01 01:45:05,679 - DEBUG - Score state 196 completed in 0.0648 seconds with 4 iterations.
2024-04-01 01:45:05,745 - DEBUG - Score state 197 completed in 0.0658 seconds with 4 iterations.
2024-04-01 01:45:05,813 - DEBUG - Score state 198 completed in 0.0678 seconds with 4 iterations.
2024-04-01 01:45:05,880 - DEBUG - Score state 199 completed in 0.0668 seconds with 4 iterations.
2024-04-01 01:45:05,947 - DEBUG - Score state 200 completed in 0.0658 seconds with 4 iterations.
2024-04-01 01:45:06,012 - DEBUG - Score state 201 completed in 0.0648 seconds with 4 iterations.
2024-04-01 01:45:06,076 - DEBUG - Score state 202 completed in 0.0648 seconds with 4 iterations.
2024-04-01 01:45:06,142 - DEBUG - Score state 203 completed in 0.0658 seconds with 4 iterations.
2024-04-01 01:45:06,207 - DEBUG - Score state 204 completed in 0.0648 seconds with 4 iterations.
2024-04-01 01:45:06,273 - DEBUG - Score state 205 completed in 0.0658 seconds with 4 iterations.
2024-04-01 01:45:06,339 - DEBUG - Score state 206 completed in 0.0658 seconds with 4 iterations.
2024-04-01 01:45:06,404 - DEBUG - Score state 207 completed in 0.0648 seconds with 4 iterations.
2024-04-01 01:45:06,469 - DEBUG - Score state 208 completed in 0.0658 seconds with 4 iterations.
2024-04-01 01:45:06,537 - DEBUG - Score state 209 completed in 0.0678 seconds with 4 iterations.
2024-04-01 01:45:06,602 - DEBUG - Score state 210 completed in 0.0648 seconds with 4 iterations.
2024-04-01 01:45:06,668 - DEBUG - Score state 211 completed in 0.0658 seconds with 4 iterations.
2024-04-01 01:45:06,733 - DEBUG - Score state 212 completed in 0.0648 seconds with 4 iterations.
2024-04-01 01:45:06,800 - DEBUG - Score state 213 completed in 0.0668 seconds with 4 iterations.
2024-04-01 01:45:06,866 - DEBUG - Score state 214 completed in 0.0658 seconds with 4 iterations.
2024-04-01 01:45:06,931 - DEBUG - Score state 215 completed in 0.0648 seconds with 4 iterations.
2024-04-01 01:45:06,997 - DEBUG - Score state 216 completed in 0.0648 seconds with 4 iterations.
2024-04-01 01:45:07,062 - DEBUG - Score state 217 completed in 0.0648 seconds with 4 iterations.
2024-04-01 01:45:07,128 - DEBUG - Score state 218 completed in 0.0648 seconds with 4 iterations.
2024-04-01 01:45:07,193 - DEBUG - Score state 219 completed in 0.0658 seconds with 4 iterations.
2024-04-01 01:45:07,258 - DEBUG - Score state 220 completed in 0.0648 seconds with 4 iterations.
2024-04-01 01:45:07,324 - DEBUG - Score state 221 completed in 0.0658 seconds with 4 iterations.
2024-04-01 01:45:07,393 - DEBUG - Score state 222 completed in 0.0678 seconds with 4 iterations.
2024-04-01 01:45:07,459 - DEBUG - Score state 223 completed in 0.0648 seconds with 4 iterations.
2024-04-01 01:45:07,529 - DEBUG - Score state 224 completed in 0.0698 seconds with 4 iterations.
2024-04-01 01:45:07,598 - DEBUG - Score state 225 completed in 0.0698 seconds with 4 iterations.
2024-04-01 01:45:07,670 - DEBUG - Score state 226 completed in 0.0718 seconds with 4 iterations.
2024-04-01 01:45:07,742 - DEBUG - Score state 227 completed in 0.0718 seconds with 4 iterations.
2024-04-01 01:45:07,812 - DEBUG - Score state 228 completed in 0.0688 seconds with 4 iterations.
2024-04-01 01:45:07,881 - DEBUG - Score state 229 completed in 0.0688 seconds with 4 iterations.
2024-04-01 01:45:07,948 - DEBUG - Score state 230 completed in 0.0678 seconds with 4 iterations.
2024-04-01 01:45:08,016 - DEBUG - Score state 231 completed in 0.0668 seconds with 4 iterations.
2024-04-01 01:45:08,082 - DEBUG - Score state 232 completed in 0.0658 seconds with 4 iterations.
2024-04-01 01:45:08,148 - DEBUG - Score state 233 completed in 0.0658 seconds with 4 iterations.
2024-04-01 01:45:08,215 - DEBUG - Score state 234 completed in 0.0658 seconds with 4 iterations.
2024-04-01 01:45:08,284 - DEBUG - Score state 235 completed in 0.0688 seconds with 4 iterations.
2024-04-01 01:45:08,360 - DEBUG - Score state 236 completed in 0.0768 seconds with 4 iterations.
2024-04-01 01:45:08,426 - DEBUG - Score state 237 completed in 0.0658 seconds with 4 iterations.
2024-04-01 01:45:08,493 - DEBUG - Score state 238 completed in 0.0668 seconds with 4 iterations.
2024-04-01 01:45:08,561 - DEBUG - Score state 239 completed in 0.0678 seconds with 4 iterations.
2024-04-01 01:45:08,627 - DEBUG - Score state 240 completed in 0.0658 seconds with 4 iterations.
2024-04-01 01:45:08,693 - DEBUG - Score state 241 completed in 0.0668 seconds with 4 iterations.
2024-04-01 01:45:08,759 - DEBUG - Score state 242 completed in 0.0658 seconds with 4 iterations.
2024-04-01 01:45:08,828 - DEBUG - Score state 243 completed in 0.0688 seconds with 4 iterations.
2024-04-01 01:45:08,895 - DEBUG - Score state 244 completed in 0.0668 seconds with 4 iterations.
2024-04-01 01:45:08,961 - DEBUG - Score state 245 completed in 0.0658 seconds with 4 iterations.
2024-04-01 01:45:09,027 - DEBUG - Score state 246 completed in 0.0658 seconds with 4 iterations.
2024-04-01 01:45:09,092 - DEBUG - Score state 247 completed in 0.0658 seconds with 4 iterations.
2024-04-01 01:45:09,158 - DEBUG - Score state 248 completed in 0.0658 seconds with 4 iterations.
2024-04-01 01:45:09,224 - DEBUG - Score state 249 completed in 0.0658 seconds with 4 iterations.
2024-04-01 01:45:09,291 - DEBUG - Score state 250 completed in 0.0668 seconds with 4 iterations.
2024-04-01 01:45:09,359 - DEBUG - Score state 251 completed in 0.0678 seconds with 4 iterations.
2024-04-01 01:45:09,425 - DEBUG - Score state 252 completed in 0.0668 seconds with 4 iterations.
2024-04-01 01:45:09,493 - DEBUG - Score state 253 completed in 0.0678 seconds with 4 iterations.
2024-04-01 01:45:09,559 - DEBUG - Score state 254 completed in 0.0658 seconds with 4 iterations.
2024-04-01 01:45:09,625 - DEBUG - Score state 255 completed in 0.0658 seconds with 4 iterations.
2024-04-01 01:45:09,691 - DEBUG - Score state 256 completed in 0.0658 seconds with 4 iterations.
2024-04-01 01:45:09,760 - DEBUG - Score state 257 completed in 0.0688 seconds with 4 iterations.
2024-04-01 01:45:09,829 - DEBUG - Score state 258 completed in 0.0698 seconds with 4 iterations.
2024-04-01 01:45:09,903 - DEBUG - Score state 259 completed in 0.0738 seconds with 4 iterations.
2024-04-01 01:45:09,972 - DEBUG - Score state 260 completed in 0.0688 seconds with 4 iterations.
2024-04-01 01:45:10,038 - DEBUG - Score state 261 completed in 0.0658 seconds with 4 iterations.
2024-04-01 01:45:10,104 - DEBUG - Score state 262 completed in 0.0648 seconds with 4 iterations.
2024-04-01 01:45:10,170 - DEBUG - Score state 263 completed in 0.0668 seconds with 4 iterations.
2024-04-01 01:45:10,238 - DEBUG - Score state 264 completed in 0.0668 seconds with 4 iterations.
2024-04-01 01:45:10,306 - DEBUG - Score state 265 completed in 0.0678 seconds with 4 iterations.
2024-04-01 01:45:10,372 - DEBUG - Score state 266 completed in 0.0658 seconds with 4 iterations.
2024-04-01 01:45:10,440 - DEBUG - Score state 267 completed in 0.0678 seconds with 4 iterations.
2024-04-01 01:45:10,510 - DEBUG - Score state 268 completed in 0.0688 seconds with 4 iterations.
2024-04-01 01:45:10,574 - DEBUG - Score state 269 completed in 0.0648 seconds with 4 iterations.
2024-04-01 01:45:10,640 - DEBUG - Score state 270 completed in 0.0658 seconds with 4 iterations.
2024-04-01 01:45:10,706 - DEBUG - Score state 271 completed in 0.0648 seconds with 4 iterations.
2024-04-01 01:45:10,773 - DEBUG - Score state 272 completed in 0.0658 seconds with 4 iterations.
2024-04-01 01:45:10,844 - DEBUG - Score state 273 completed in 0.0708 seconds with 4 iterations.
2024-04-01 01:45:10,910 - DEBUG - Score state 274 completed in 0.0668 seconds with 4 iterations.
2024-04-01 01:45:10,978 - DEBUG - Score state 275 completed in 0.0678 seconds with 4 iterations.
2024-04-01 01:45:11,045 - DEBUG - Score state 276 completed in 0.0668 seconds with 4 iterations.
2024-04-01 01:45:11,111 - DEBUG - Score state 277 completed in 0.0648 seconds with 4 iterations.
2024-04-01 01:45:11,178 - DEBUG - Score state 278 completed in 0.0668 seconds with 4 iterations.
2024-04-01 01:45:11,245 - DEBUG - Score state 279 completed in 0.0668 seconds with 4 iterations.
2024-04-01 01:45:11,316 - DEBUG - Score state 280 completed in 0.0718 seconds with 4 iterations.
2024-04-01 01:45:11,389 - DEBUG - Score state 281 completed in 0.0728 seconds with 4 iterations.
2024-04-01 01:45:11,460 - DEBUG - Score state 282 completed in 0.0708 seconds with 4 iterations.
2024-04-01 01:45:11,532 - DEBUG - Score state 283 completed in 0.0708 seconds with 4 iterations.
2024-04-01 01:45:11,602 - DEBUG - Score state 284 completed in 0.0698 seconds with 4 iterations.
2024-04-01 01:45:11,670 - DEBUG - Score state 285 completed in 0.0688 seconds with 4 iterations.
2024-04-01 01:45:11,739 - DEBUG - Score state 286 completed in 0.0688 seconds with 4 iterations.
2024-04-01 01:45:11,808 - DEBUG - Score state 287 completed in 0.0688 seconds with 4 iterations.
2024-04-01 01:45:11,877 - DEBUG - Score state 288 completed in 0.0688 seconds with 4 iterations.
2024-04-01 01:45:11,948 - DEBUG - Score state 289 completed in 0.0698 seconds with 4 iterations.
2024-04-01 01:45:12,018 - DEBUG - Score state 290 completed in 0.0698 seconds with 4 iterations.
2024-04-01 01:45:12,087 - DEBUG - Score state 291 completed in 0.0698 seconds with 4 iterations.
2024-04-01 01:45:12,156 - DEBUG - Score state 292 completed in 0.0678 seconds with 4 iterations.
2024-04-01 01:45:12,226 - DEBUG - Score state 293 completed in 0.0698 seconds with 4 iterations.
2024-04-01 01:45:12,295 - DEBUG - Score state 294 completed in 0.0688 seconds with 4 iterations.
2024-04-01 01:45:12,364 - DEBUG - Score state 295 completed in 0.0688 seconds with 4 iterations.
2024-04-01 01:45:12,432 - DEBUG - Score state 296 completed in 0.0678 seconds with 4 iterations.
2024-04-01 01:45:12,506 - DEBUG - Score state 297 completed in 0.0738 seconds with 4 iterations.
2024-04-01 01:45:12,574 - DEBUG - Score state 298 completed in 0.0678 seconds with 4 iterations.
2024-04-01 01:45:12,644 - DEBUG - Score state 299 completed in 0.0698 seconds with 4 iterations.
2024-04-01 01:45:12,714 - DEBUG - Score state 300 completed in 0.0698 seconds with 4 iterations.
2024-04-01 01:45:12,782 - DEBUG - Score state 301 completed in 0.0688 seconds with 4 iterations.
2024-04-01 01:45:12,851 - DEBUG - Score state 302 completed in 0.0688 seconds with 4 iterations.
2024-04-01 01:45:12,920 - DEBUG - Score state 303 completed in 0.0678 seconds with 4 iterations.
2024-04-01 01:45:12,988 - DEBUG - Score state 304 completed in 0.0678 seconds with 4 iterations.
2024-04-01 01:45:13,057 - DEBUG - Score state 305 completed in 0.0678 seconds with 4 iterations.
2024-04-01 01:45:13,126 - DEBUG - Score state 306 completed in 0.0688 seconds with 4 iterations.
2024-04-01 01:45:13,194 - DEBUG - Score state 307 completed in 0.0688 seconds with 4 iterations.
2024-04-01 01:45:13,263 - DEBUG - Score state 308 completed in 0.0688 seconds with 4 iterations.
2024-04-01 01:45:13,335 - DEBUG - Score state 309 completed in 0.0718 seconds with 4 iterations.
2024-04-01 01:45:13,404 - DEBUG - Score state 310 completed in 0.0688 seconds with 4 iterations.
2024-04-01 01:45:13,475 - DEBUG - Score state 311 completed in 0.0698 seconds with 4 iterations.
2024-04-01 01:45:13,547 - DEBUG - Score state 312 completed in 0.0728 seconds with 4 iterations.
2024-04-01 01:45:13,616 - DEBUG - Score state 313 completed in 0.0688 seconds with 4 iterations.
2024-04-01 01:45:13,699 - DEBUG - Score state 314 completed in 0.0828 seconds with 5 iterations.
2024-04-01 01:45:13,782 - DEBUG - Score state 315 completed in 0.0818 seconds with 5 iterations.
2024-04-01 01:45:13,865 - DEBUG - Score state 316 completed in 0.0828 seconds with 5 iterations.
2024-04-01 01:45:13,947 - DEBUG - Score state 317 completed in 0.0828 seconds with 5 iterations.
2024-04-01 01:45:14,028 - DEBUG - Score state 318 completed in 0.0808 seconds with 5 iterations.
2024-04-01 01:45:14,095 - DEBUG - Score state 319 completed in 0.0668 seconds with 4 iterations.
2024-04-01 01:45:14,181 - DEBUG - Score state 320 completed in 0.0848 seconds with 5 iterations.
2024-04-01 01:45:14,261 - DEBUG - Score state 321 completed in 0.0798 seconds with 5 iterations.
2024-04-01 01:45:14,339 - DEBUG - Score state 322 completed in 0.0788 seconds with 5 iterations.
2024-04-01 01:45:14,419 - DEBUG - Score state 323 completed in 0.0798 seconds with 5 iterations.
2024-04-01 01:45:14,500 - DEBUG - Score state 324 completed in 0.0808 seconds with 5 iterations.
2024-04-01 01:45:14,579 - DEBUG - Score state 325 completed in 0.0788 seconds with 5 iterations.
2024-04-01 01:45:14,658 - DEBUG - Score state 326 completed in 0.0788 seconds with 5 iterations.
2024-04-01 01:45:14,737 - DEBUG - Score state 327 completed in 0.0788 seconds with 5 iterations.
2024-04-01 01:45:14,817 - DEBUG - Score state 328 completed in 0.0798 seconds with 5 iterations.
2024-04-01 01:45:14,897 - DEBUG - Score state 329 completed in 0.0798 seconds with 5 iterations.
2024-04-01 01:45:14,977 - DEBUG - Score state 330 completed in 0.0798 seconds with 5 iterations.
2024-04-01 01:45:15,055 - DEBUG - Score state 331 completed in 0.0788 seconds with 5 iterations.
2024-04-01 01:45:15,134 - DEBUG - Score state 332 completed in 0.0788 seconds with 5 iterations.
2024-04-01 01:45:15,214 - DEBUG - Score state 333 completed in 0.0798 seconds with 5 iterations.
2024-04-01 01:45:15,293 - DEBUG - Score state 334 completed in 0.0788 seconds with 5 iterations.
2024-04-01 01:45:15,375 - DEBUG - Score state 335 completed in 0.0818 seconds with 5 iterations.
2024-04-01 01:45:15,452 - DEBUG - Score state 336 completed in 0.0778 seconds with 5 iterations.
2024-04-01 01:45:15,534 - DEBUG - Score state 337 completed in 0.0818 seconds with 5 iterations.
2024-04-01 01:45:15,614 - DEBUG - Score state 338 completed in 0.0798 seconds with 5 iterations.
2024-04-01 01:45:15,693 - DEBUG - Score state 339 completed in 0.0788 seconds with 5 iterations.
2024-04-01 01:45:15,772 - DEBUG - Score state 340 completed in 0.0798 seconds with 5 iterations.
2024-04-01 01:45:15,852 - DEBUG - Score state 341 completed in 0.0798 seconds with 5 iterations.
2024-04-01 01:45:15,933 - DEBUG - Score state 342 completed in 0.0808 seconds with 5 iterations.
2024-04-01 01:45:16,012 - DEBUG - Score state 343 completed in 0.0788 seconds with 5 iterations.
2024-04-01 01:45:16,092 - DEBUG - Score state 344 completed in 0.0798 seconds with 5 iterations.
2024-04-01 01:45:16,170 - DEBUG - Score state 345 completed in 0.0788 seconds with 5 iterations.
2024-04-01 01:45:16,251 - DEBUG - Score state 346 completed in 0.0808 seconds with 5 iterations.
2024-04-01 01:45:16,339 - DEBUG - Score state 347 completed in 0.0878 seconds with 5 iterations.
2024-04-01 01:45:16,423 - DEBUG - Score state 348 completed in 0.0838 seconds with 5 iterations.
2024-04-01 01:45:16,506 - DEBUG - Score state 349 completed in 0.0828 seconds with 5 iterations.
2024-04-01 01:45:16,585 - DEBUG - Score state 350 completed in 0.0798 seconds with 5 iterations.
2024-04-01 01:45:16,664 - DEBUG - Score state 351 completed in 0.0788 seconds with 5 iterations.
2024-04-01 01:45:16,744 - DEBUG - Score state 352 completed in 0.0798 seconds with 5 iterations.
2024-04-01 01:45:16,824 - DEBUG - Score state 353 completed in 0.0798 seconds with 5 iterations.
2024-04-01 01:45:16,903 - DEBUG - Score state 354 completed in 0.0798 seconds with 5 iterations.
2024-04-01 01:45:16,983 - DEBUG - Score state 355 completed in 0.0788 seconds with 5 iterations.
2024-04-01 01:45:17,063 - DEBUG - Score state 356 completed in 0.0798 seconds with 5 iterations.
2024-04-01 01:45:17,142 - DEBUG - Score state 357 completed in 0.0788 seconds with 5 iterations.
2024-04-01 01:45:17,222 - DEBUG - Score state 358 completed in 0.0798 seconds with 5 iterations.
2024-04-01 01:45:17,300 - DEBUG - Score state 359 completed in 0.0788 seconds with 5 iterations.
2024-04-01 01:45:17,381 - DEBUG - Score state 360 completed in 0.0808 seconds with 5 iterations.
2024-04-01 01:45:17,460 - DEBUG - Score state 361 completed in 0.0788 seconds with 5 iterations.
2024-04-01 01:45:17,548 - DEBUG - Score state 362 completed in 0.0868 seconds with 5 iterations.
2024-04-01 01:45:17,631 - DEBUG - Score state 363 completed in 0.0818 seconds with 5 iterations.
2024-04-01 01:45:17,712 - DEBUG - Score state 364 completed in 0.0818 seconds with 5 iterations.
2024-04-01 01:45:17,793 - DEBUG - Score state 365 completed in 0.0808 seconds with 5 iterations.
2024-04-01 01:45:17,872 - DEBUG - Score state 366 completed in 0.0788 seconds with 5 iterations.
2024-04-01 01:45:17,954 - DEBUG - Score state 367 completed in 0.0818 seconds with 5 iterations.
2024-04-01 01:45:18,036 - DEBUG - Score state 368 completed in 0.0828 seconds with 5 iterations.
2024-04-01 01:45:18,119 - DEBUG - Score state 369 completed in 0.0818 seconds with 5 iterations.
2024-04-01 01:45:18,200 - DEBUG - Score state 370 completed in 0.0808 seconds with 5 iterations.
2024-04-01 01:45:18,281 - DEBUG - Score state 371 completed in 0.0808 seconds with 5 iterations.
2024-04-01 01:45:18,365 - DEBUG - Score state 372 completed in 0.0828 seconds with 5 iterations.
2024-04-01 01:45:18,447 - DEBUG - Score state 373 completed in 0.0828 seconds with 5 iterations.
2024-04-01 01:45:18,539 - DEBUG - Score state 374 completed in 0.0918 seconds with 5 iterations.
2024-04-01 01:45:18,620 - DEBUG - Score state 375 completed in 0.0808 seconds with 5 iterations.
2024-04-01 01:45:18,702 - DEBUG - Score state 376 completed in 0.0808 seconds with 5 iterations.
2024-04-01 01:45:18,783 - DEBUG - Score state 377 completed in 0.0818 seconds with 5 iterations.
2024-04-01 01:45:18,865 - DEBUG - Score state 378 completed in 0.0808 seconds with 5 iterations.
2024-04-01 01:45:18,945 - DEBUG - Score state 379 completed in 0.0798 seconds with 5 iterations.
2024-04-01 01:45:19,026 - DEBUG - Score state 380 completed in 0.0808 seconds with 5 iterations.
2024-04-01 01:45:19,108 - DEBUG - Score state 381 completed in 0.0808 seconds with 5 iterations.
2024-04-01 01:45:19,187 - DEBUG - Score state 382 completed in 0.0798 seconds with 5 iterations.
2024-04-01 01:45:19,268 - DEBUG - Score state 383 completed in 0.0808 seconds with 5 iterations.
2024-04-01 01:45:19,351 - DEBUG - Score state 384 completed in 0.0828 seconds with 5 iterations.
2024-04-01 01:45:19,431 - DEBUG - Score state 385 completed in 0.0798 seconds with 5 iterations.
2024-04-01 01:45:19,532 - DEBUG - Score state 386 completed in 0.1017 seconds with 5 iterations.
2024-04-01 01:45:19,619 - DEBUG - Score state 387 completed in 0.0868 seconds with 5 iterations.
2024-04-01 01:45:19,698 - DEBUG - Score state 388 completed in 0.0788 seconds with 5 iterations.
2024-04-01 01:45:19,779 - DEBUG - Score state 389 completed in 0.0808 seconds with 5 iterations.
2024-04-01 01:45:19,861 - DEBUG - Score state 390 completed in 0.0818 seconds with 5 iterations.
2024-04-01 01:45:19,943 - DEBUG - Score state 391 completed in 0.0828 seconds with 5 iterations.
2024-04-01 01:45:20,023 - DEBUG - Score state 392 completed in 0.0798 seconds with 5 iterations.
2024-04-01 01:45:20,103 - DEBUG - Score state 393 completed in 0.0798 seconds with 5 iterations.
2024-04-01 01:45:20,182 - DEBUG - Score state 394 completed in 0.0788 seconds with 5 iterations.
2024-04-01 01:45:20,260 - DEBUG - Score state 395 completed in 0.0788 seconds with 5 iterations.
2024-04-01 01:45:20,340 - DEBUG - Score state 396 completed in 0.0798 seconds with 5 iterations.
2024-04-01 01:45:20,419 - DEBUG - Score state 397 completed in 0.0788 seconds with 5 iterations.
2024-04-01 01:45:20,501 - DEBUG - Score state 398 completed in 0.0818 seconds with 5 iterations.
2024-04-01 01:45:20,590 - DEBUG - Score state 399 completed in 0.0888 seconds with 5 iterations.
2024-04-01 01:45:20,673 - DEBUG - Score state 400 completed in 0.0828 seconds with 5 iterations.
2024-04-01 01:45:20,753 - DEBUG - Score state 401 completed in 0.0798 seconds with 5 iterations.
2024-04-01 01:45:20,835 - DEBUG - Score state 402 completed in 0.0818 seconds with 5 iterations.
2024-04-01 01:45:20,918 - DEBUG - Score state 403 completed in 0.0828 seconds with 5 iterations.
2024-04-01 01:45:21,002 - DEBUG - Score state 404 completed in 0.0838 seconds with 5 iterations.
2024-04-01 01:45:21,082 - DEBUG - Score state 405 completed in 0.0808 seconds with 5 iterations.
2024-04-01 01:45:21,162 - DEBUG - Score state 406 completed in 0.0798 seconds with 5 iterations.
2024-04-01 01:45:21,242 - DEBUG - Score state 407 completed in 0.0798 seconds with 5 iterations.
2024-04-01 01:45:21,323 - DEBUG - Score state 408 completed in 0.0808 seconds with 5 iterations.
2024-04-01 01:45:21,404 - DEBUG - Score state 409 completed in 0.0818 seconds with 5 iterations.
2024-04-01 01:45:21,487 - DEBUG - Score state 410 completed in 0.0828 seconds with 5 iterations.
2024-04-01 01:45:21,573 - DEBUG - Score state 411 completed in 0.0858 seconds with 5 iterations.
2024-04-01 01:45:21,659 - DEBUG - Score state 412 completed in 0.0848 seconds with 5 iterations.
2024-04-01 01:45:21,741 - DEBUG - Score state 413 completed in 0.0818 seconds with 5 iterations.
2024-04-01 01:45:21,820 - DEBUG - Score state 414 completed in 0.0798 seconds with 5 iterations.
2024-04-01 01:45:21,900 - DEBUG - Score state 415 completed in 0.0798 seconds with 5 iterations.
2024-04-01 01:45:21,979 - DEBUG - Score state 416 completed in 0.0788 seconds with 5 iterations.
2024-04-01 01:45:22,059 - DEBUG - Score state 417 completed in 0.0788 seconds with 5 iterations.
2024-04-01 01:45:22,138 - DEBUG - Score state 418 completed in 0.0798 seconds with 5 iterations.
2024-04-01 01:45:22,217 - DEBUG - Score state 419 completed in 0.0788 seconds with 5 iterations.
2024-04-01 01:45:22,297 - DEBUG - Score state 420 completed in 0.0798 seconds with 5 iterations.
2024-04-01 01:45:22,378 - DEBUG - Score state 421 completed in 0.0808 seconds with 5 iterations.
2024-04-01 01:45:22,458 - DEBUG - Score state 422 completed in 0.0798 seconds with 5 iterations.
2024-04-01 01:45:22,540 - DEBUG - Score state 423 completed in 0.0828 seconds with 5 iterations.
2024-04-01 01:45:22,623 - DEBUG - Score state 424 completed in 0.0828 seconds with 5 iterations.
2024-04-01 01:45:22,703 - DEBUG - Score state 425 completed in 0.0798 seconds with 5 iterations.
2024-04-01 01:45:22,786 - DEBUG - Score state 426 completed in 0.0828 seconds with 5 iterations.
2024-04-01 01:45:22,872 - DEBUG - Score state 427 completed in 0.0858 seconds with 5 iterations.
2024-04-01 01:45:22,954 - DEBUG - Score state 428 completed in 0.0828 seconds with 5 iterations.
2024-04-01 01:45:23,035 - DEBUG - Score state 429 completed in 0.0808 seconds with 5 iterations.
2024-04-01 01:45:23,115 - DEBUG - Score state 430 completed in 0.0798 seconds with 5 iterations.
2024-04-01 01:45:23,195 - DEBUG - Score state 431 completed in 0.0798 seconds with 5 iterations.
2024-04-01 01:45:23,273 - DEBUG - Score state 432 completed in 0.0788 seconds with 5 iterations.
2024-04-01 01:45:23,356 - DEBUG - Score state 433 completed in 0.0818 seconds with 5 iterations.
2024-04-01 01:45:23,436 - DEBUG - Score state 434 completed in 0.0798 seconds with 5 iterations.
2024-04-01 01:45:23,518 - DEBUG - Score state 435 completed in 0.0818 seconds with 5 iterations.
2024-04-01 01:45:23,600 - DEBUG - Score state 436 completed in 0.0818 seconds with 5 iterations.
2024-04-01 01:45:23,685 - DEBUG - Score state 437 completed in 0.0848 seconds with 5 iterations.
2024-04-01 01:45:23,767 - DEBUG - Score state 438 completed in 0.0818 seconds with 5 iterations.
2024-04-01 01:45:23,851 - DEBUG - Score state 439 completed in 0.0838 seconds with 5 iterations.
2024-04-01 01:45:23,932 - DEBUG - Score state 440 completed in 0.0808 seconds with 5 iterations.
2024-04-01 01:45:24,011 - DEBUG - Score state 441 completed in 0.0788 seconds with 5 iterations.
2024-04-01 01:45:24,091 - DEBUG - Score state 442 completed in 0.0798 seconds with 5 iterations.
2024-04-01 01:45:24,172 - DEBUG - Score state 443 completed in 0.0798 seconds with 5 iterations.
2024-04-01 01:45:24,252 - DEBUG - Score state 444 completed in 0.0798 seconds with 5 iterations.
2024-04-01 01:45:24,333 - DEBUG - Score state 445 completed in 0.0808 seconds with 5 iterations.
2024-04-01 01:45:24,412 - DEBUG - Score state 446 completed in 0.0788 seconds with 5 iterations.
2024-04-01 01:45:24,493 - DEBUG - Score state 447 completed in 0.0798 seconds with 5 iterations.
2024-04-01 01:45:24,579 - DEBUG - Score state 448 completed in 0.0858 seconds with 5 iterations.
2024-04-01 01:45:24,665 - DEBUG - Score state 449 completed in 0.0858 seconds with 5 iterations.
2024-04-01 01:45:24,747 - DEBUG - Score state 450 completed in 0.0828 seconds with 5 iterations.
2024-04-01 01:45:24,832 - DEBUG - Score state 451 completed in 0.0848 seconds with 5 iterations.
2024-04-01 01:45:24,920 - DEBUG - Score state 452 completed in 0.0878 seconds with 5 iterations.
2024-04-01 01:45:25,005 - DEBUG - Score state 453 completed in 0.0848 seconds with 5 iterations.
2024-04-01 01:45:25,087 - DEBUG - Score state 454 completed in 0.0818 seconds with 5 iterations.
2024-04-01 01:45:25,167 - DEBUG - Score state 455 completed in 0.0808 seconds with 5 iterations.
2024-04-01 01:45:25,250 - DEBUG - Score state 456 completed in 0.0818 seconds with 5 iterations.
2024-04-01 01:45:25,332 - DEBUG - Score state 457 completed in 0.0818 seconds with 5 iterations.
2024-04-01 01:45:25,413 - DEBUG - Score state 458 completed in 0.0808 seconds with 5 iterations.
2024-04-01 01:45:25,492 - DEBUG - Score state 459 completed in 0.0798 seconds with 5 iterations.
2024-04-01 01:45:25,580 - DEBUG - Score state 460 completed in 0.0868 seconds with 5 iterations.
2024-04-01 01:45:25,665 - DEBUG - Score state 461 completed in 0.0848 seconds with 5 iterations.
2024-04-01 01:45:25,749 - DEBUG - Score state 462 completed in 0.0838 seconds with 5 iterations.
2024-04-01 01:45:25,833 - DEBUG - Score state 463 completed in 0.0838 seconds with 5 iterations.
2024-04-01 01:45:25,916 - DEBUG - Score state 464 completed in 0.0838 seconds with 5 iterations.
2024-04-01 01:45:26,000 - DEBUG - Score state 465 completed in 0.0838 seconds with 5 iterations.
2024-04-01 01:45:26,083 - DEBUG - Score state 466 completed in 0.0828 seconds with 5 iterations.
2024-04-01 01:45:26,166 - DEBUG - Score state 467 completed in 0.0828 seconds with 5 iterations.
2024-04-01 01:45:26,248 - DEBUG - Score state 468 completed in 0.0828 seconds with 5 iterations.
2024-04-01 01:45:26,333 - DEBUG - Score state 469 completed in 0.0848 seconds with 5 iterations.
2024-04-01 01:45:26,417 - DEBUG - Score state 470 completed in 0.0838 seconds with 5 iterations.
2024-04-01 01:45:26,500 - DEBUG - Score state 471 completed in 0.0828 seconds with 5 iterations.
2024-04-01 01:45:26,587 - DEBUG - Score state 472 completed in 0.0868 seconds with 5 iterations.
2024-04-01 01:45:26,671 - DEBUG - Score state 473 completed in 0.0848 seconds with 5 iterations.
2024-04-01 01:45:26,757 - DEBUG - Score state 474 completed in 0.0858 seconds with 5 iterations.
2024-04-01 01:45:26,842 - DEBUG - Score state 475 completed in 0.0848 seconds with 5 iterations.
2024-04-01 01:45:26,926 - DEBUG - Score state 476 completed in 0.0838 seconds with 5 iterations.
2024-04-01 01:45:27,009 - DEBUG - Score state 477 completed in 0.0828 seconds with 5 iterations.
2024-04-01 01:45:27,094 - DEBUG - Score state 478 completed in 0.0838 seconds with 5 iterations.
2024-04-01 01:45:27,178 - DEBUG - Score state 479 completed in 0.0838 seconds with 5 iterations.
2024-04-01 01:45:27,259 - DEBUG - Score state 480 completed in 0.0808 seconds with 5 iterations.
2024-04-01 01:45:27,340 - DEBUG - Score state 481 completed in 0.0808 seconds with 5 iterations.
2024-04-01 01:45:27,420 - DEBUG - Score state 482 completed in 0.0808 seconds with 5 iterations.
2024-04-01 01:45:27,501 - DEBUG - Score state 483 completed in 0.0798 seconds with 5 iterations.
2024-04-01 01:45:27,584 - DEBUG - Score state 484 completed in 0.0828 seconds with 5 iterations.
2024-04-01 01:45:27,665 - DEBUG - Score state 485 completed in 0.0808 seconds with 5 iterations.
2024-04-01 01:45:27,751 - DEBUG - Score state 486 completed in 0.0868 seconds with 5 iterations.
2024-04-01 01:45:27,832 - DEBUG - Score state 487 completed in 0.0808 seconds with 5 iterations.
2024-04-01 01:45:27,913 - DEBUG - Score state 488 completed in 0.0808 seconds with 5 iterations.
2024-04-01 01:45:27,993 - DEBUG - Score state 489 completed in 0.0798 seconds with 5 iterations.
2024-04-01 01:45:28,074 - DEBUG - Score state 490 completed in 0.0808 seconds with 5 iterations.
2024-04-01 01:45:28,156 - DEBUG - Score state 491 completed in 0.0828 seconds with 5 iterations.
2024-04-01 01:45:28,241 - DEBUG - Score state 492 completed in 0.0848 seconds with 5 iterations.
2024-04-01 01:45:28,325 - DEBUG - Score state 493 completed in 0.0838 seconds with 5 iterations.
2024-04-01 01:45:28,410 - DEBUG - Score state 494 completed in 0.0838 seconds with 5 iterations.
2024-04-01 01:45:28,494 - DEBUG - Score state 495 completed in 0.0848 seconds with 5 iterations.
2024-04-01 01:45:28,578 - DEBUG - Score state 496 completed in 0.0838 seconds with 5 iterations.
2024-04-01 01:45:28,662 - DEBUG - Score state 497 completed in 0.0828 seconds with 5 iterations.
2024-04-01 01:45:28,748 - DEBUG - Score state 498 completed in 0.0858 seconds with 5 iterations.
2024-04-01 01:45:28,833 - DEBUG - Score state 499 completed in 0.0848 seconds with 5 iterations.
2024-04-01 01:45:28,917 - DEBUG - Score state 500 completed in 0.0848 seconds with 5 iterations.
2024-04-01 01:45:29,001 - DEBUG - Score state 501 completed in 0.0838 seconds with 5 iterations.
2024-04-01 01:45:29,021 - INFO - Saved V matrix and optimal action index for player 7
2024-04-01 01:45:29,022 - INFO - Total time for value iteration: 34.7601 seconds.
