2024-03-25 02:34:51,477 - INFO - Operating System: Windows 10
2024-03-25 02:34:51,477 - INFO - Machine: AMD64
2024-03-25 02:34:51,477 - INFO - Processor: Intel64 Family 6 Model 165 Stepping 2, GenuineIntel
2024-03-25 02:34:51,501 - DEBUG - Score state 2 completed in 0.0030 seconds with 21 iterations.
2024-03-25 02:34:51,505 - DEBUG - Score state 3 completed in 0.0040 seconds with 19 iterations.
2024-03-25 02:34:51,508 - DEBUG - Score state 4 completed in 0.0030 seconds with 14 iterations.
2024-03-25 02:34:51,513 - DEBUG - Score state 5 completed in 0.0040 seconds with 13 iterations.
2024-03-25 02:34:51,518 - DEBUG - Score state 6 completed in 0.0050 seconds with 14 iterations.
2024-03-25 02:34:51,525 - DEBUG - Score state 7 completed in 0.0060 seconds with 13 iterations.
2024-03-25 02:34:51,532 - DEBUG - Score state 8 completed in 0.0070 seconds with 12 iterations.
2024-03-25 02:34:51,537 - DEBUG - Score state 9 completed in 0.0050 seconds with 8 iterations.
2024-03-25 02:34:51,545 - DEBUG - Score state 10 completed in 0.0080 seconds with 12 iterations.
2024-03-25 02:34:51,553 - DEBUG - Score state 11 completed in 0.0080 seconds with 8 iterations.
2024-03-25 02:34:51,569 - DEBUG - Score state 12 completed in 0.0160 seconds with 14 iterations.
2024-03-25 02:34:51,580 - DEBUG - Score state 13 completed in 0.0110 seconds with 8 iterations.
2024-03-25 02:34:51,598 - DEBUG - Score state 14 completed in 0.0180 seconds with 12 iterations.
2024-03-25 02:34:51,612 - DEBUG - Score state 15 completed in 0.0140 seconds with 8 iterations.
2024-03-25 02:34:51,631 - DEBUG - Score state 16 completed in 0.0189 seconds with 10 iterations.
2024-03-25 02:34:51,645 - DEBUG - Score state 17 completed in 0.0140 seconds with 6 iterations.
2024-03-25 02:34:51,672 - DEBUG - Score state 18 completed in 0.0259 seconds with 12 iterations.
2024-03-25 02:34:51,692 - DEBUG - Score state 19 completed in 0.0199 seconds with 8 iterations.
2024-03-25 02:34:51,722 - DEBUG - Score state 20 completed in 0.0299 seconds with 11 iterations.
2024-03-25 02:34:51,747 - DEBUG - Score state 21 completed in 0.0249 seconds with 8 iterations.
2024-03-25 02:34:51,786 - DEBUG - Score state 22 completed in 0.0399 seconds with 12 iterations.
2024-03-25 02:34:51,812 - DEBUG - Score state 23 completed in 0.0259 seconds with 8 iterations.
2024-03-25 02:34:51,847 - DEBUG - Score state 24 completed in 0.0339 seconds with 10 iterations.
2024-03-25 02:34:51,871 - DEBUG - Score state 25 completed in 0.0239 seconds with 6 iterations.
2024-03-25 02:34:51,917 - DEBUG - Score state 26 completed in 0.0459 seconds with 12 iterations.
2024-03-25 02:34:51,947 - DEBUG - Score state 27 completed in 0.0289 seconds with 7 iterations.
2024-03-25 02:34:51,998 - DEBUG - Score state 28 completed in 0.0499 seconds with 12 iterations.
2024-03-25 02:34:52,031 - DEBUG - Score state 29 completed in 0.0329 seconds with 6 iterations.
2024-03-25 02:34:52,095 - DEBUG - Score state 30 completed in 0.0638 seconds with 12 iterations.
2024-03-25 02:34:52,127 - DEBUG - Score state 31 completed in 0.0329 seconds with 6 iterations.
2024-03-25 02:34:52,178 - DEBUG - Score state 32 completed in 0.0499 seconds with 10 iterations.
2024-03-25 02:34:52,217 - DEBUG - Score state 33 completed in 0.0389 seconds with 7 iterations.
2024-03-25 02:34:52,279 - DEBUG - Score state 34 completed in 0.0608 seconds with 11 iterations.
2024-03-25 02:34:52,320 - DEBUG - Score state 35 completed in 0.0409 seconds with 7 iterations.
2024-03-25 02:34:52,380 - DEBUG - Score state 36 completed in 0.0588 seconds with 10 iterations.
2024-03-25 02:34:52,429 - DEBUG - Score state 37 completed in 0.0489 seconds with 8 iterations.
2024-03-25 02:34:52,479 - DEBUG - Score state 38 completed in 0.0499 seconds with 8 iterations.
2024-03-25 02:34:52,527 - DEBUG - Score state 39 completed in 0.0489 seconds with 7 iterations.
2024-03-25 02:34:52,591 - DEBUG - Score state 40 completed in 0.0638 seconds with 10 iterations.
2024-03-25 02:34:52,635 - DEBUG - Score state 41 completed in 0.0429 seconds with 6 iterations.
2024-03-25 02:34:52,681 - DEBUG - Score state 42 completed in 0.0459 seconds with 6 iterations.
2024-03-25 02:34:52,727 - DEBUG - Score state 43 completed in 0.0459 seconds with 6 iterations.
2024-03-25 02:34:52,775 - DEBUG - Score state 44 completed in 0.0479 seconds with 6 iterations.
2024-03-25 02:34:52,824 - DEBUG - Score state 45 completed in 0.0489 seconds with 6 iterations.
2024-03-25 02:34:52,881 - DEBUG - Score state 46 completed in 0.0578 seconds with 7 iterations.
2024-03-25 02:34:52,939 - DEBUG - Score state 47 completed in 0.0578 seconds with 7 iterations.
2024-03-25 02:34:52,997 - DEBUG - Score state 48 completed in 0.0578 seconds with 7 iterations.
2024-03-25 02:34:53,061 - DEBUG - Score state 49 completed in 0.0628 seconds with 7 iterations.
2024-03-25 02:34:53,139 - DEBUG - Score state 50 completed in 0.0778 seconds with 7 iterations.
2024-03-25 02:34:53,195 - DEBUG - Score state 51 completed in 0.0559 seconds with 6 iterations.
2024-03-25 02:34:53,251 - DEBUG - Score state 52 completed in 0.0568 seconds with 6 iterations.
2024-03-25 02:34:53,309 - DEBUG - Score state 53 completed in 0.0578 seconds with 6 iterations.
2024-03-25 02:34:53,369 - DEBUG - Score state 54 completed in 0.0598 seconds with 6 iterations.
2024-03-25 02:34:53,430 - DEBUG - Score state 55 completed in 0.0608 seconds with 6 iterations.
2024-03-25 02:34:53,491 - DEBUG - Score state 56 completed in 0.0608 seconds with 6 iterations.
2024-03-25 02:34:53,555 - DEBUG - Score state 57 completed in 0.0628 seconds with 6 iterations.
2024-03-25 02:34:53,621 - DEBUG - Score state 58 completed in 0.0658 seconds with 6 iterations.
2024-03-25 02:34:53,687 - DEBUG - Score state 59 completed in 0.0658 seconds with 6 iterations.
2024-03-25 02:34:53,755 - DEBUG - Score state 60 completed in 0.0668 seconds with 6 iterations.
2024-03-25 02:34:53,838 - DEBUG - Score state 61 completed in 0.0818 seconds with 7 iterations.
2024-03-25 02:34:53,907 - DEBUG - Score state 62 completed in 0.0688 seconds with 6 iterations.
2024-03-25 02:34:53,986 - DEBUG - Score state 63 completed in 0.0788 seconds with 7 iterations.
2024-03-25 02:34:54,066 - DEBUG - Score state 64 completed in 0.0808 seconds with 6 iterations.
2024-03-25 02:34:54,154 - DEBUG - Score state 65 completed in 0.0878 seconds with 7 iterations.
2024-03-25 02:34:54,229 - DEBUG - Score state 66 completed in 0.0738 seconds with 6 iterations.
2024-03-25 02:34:54,306 - DEBUG - Score state 67 completed in 0.0768 seconds with 6 iterations.
2024-03-25 02:34:54,385 - DEBUG - Score state 68 completed in 0.0798 seconds with 6 iterations.
2024-03-25 02:34:54,465 - DEBUG - Score state 69 completed in 0.0798 seconds with 6 iterations.
2024-03-25 02:34:54,545 - DEBUG - Score state 70 completed in 0.0798 seconds with 6 iterations.
2024-03-25 02:34:54,624 - DEBUG - Score state 71 completed in 0.0788 seconds with 6 iterations.
2024-03-25 02:34:54,703 - DEBUG - Score state 72 completed in 0.0788 seconds with 6 iterations.
2024-03-25 02:34:54,783 - DEBUG - Score state 73 completed in 0.0808 seconds with 6 iterations.
2024-03-25 02:34:54,854 - DEBUG - Score state 74 completed in 0.0708 seconds with 5 iterations.
2024-03-25 02:34:54,935 - DEBUG - Score state 75 completed in 0.0808 seconds with 6 iterations.
2024-03-25 02:34:55,017 - DEBUG - Score state 76 completed in 0.0818 seconds with 6 iterations.
2024-03-25 02:34:55,108 - DEBUG - Score state 77 completed in 0.0908 seconds with 6 iterations.
2024-03-25 02:34:55,189 - DEBUG - Score state 78 completed in 0.0818 seconds with 6 iterations.
2024-03-25 02:34:55,283 - DEBUG - Score state 79 completed in 0.0937 seconds with 7 iterations.
2024-03-25 02:34:55,368 - DEBUG - Score state 80 completed in 0.0848 seconds with 6 iterations.
2024-03-25 02:34:55,455 - DEBUG - Score state 81 completed in 0.0858 seconds with 6 iterations.
2024-03-25 02:34:55,541 - DEBUG - Score state 82 completed in 0.0868 seconds with 6 iterations.
2024-03-25 02:34:55,628 - DEBUG - Score state 83 completed in 0.0858 seconds with 6 iterations.
2024-03-25 02:34:55,713 - DEBUG - Score state 84 completed in 0.0848 seconds with 6 iterations.
2024-03-25 02:34:55,805 - DEBUG - Score state 85 completed in 0.0908 seconds with 6 iterations.
2024-03-25 02:34:55,903 - DEBUG - Score state 86 completed in 0.0987 seconds with 7 iterations.
2024-03-25 02:34:56,003 - DEBUG - Score state 87 completed in 0.0997 seconds with 7 iterations.
2024-03-25 02:34:56,107 - DEBUG - Score state 88 completed in 0.1037 seconds with 6 iterations.
2024-03-25 02:34:56,211 - DEBUG - Score state 89 completed in 0.1037 seconds with 7 iterations.
2024-03-25 02:34:56,313 - DEBUG - Score state 90 completed in 0.1027 seconds with 7 iterations.
2024-03-25 02:34:56,419 - DEBUG - Score state 91 completed in 0.1057 seconds with 7 iterations.
2024-03-25 02:34:56,511 - DEBUG - Score state 92 completed in 0.0918 seconds with 6 iterations.
2024-03-25 02:34:56,618 - DEBUG - Score state 93 completed in 0.1067 seconds with 7 iterations.
2024-03-25 02:34:56,736 - DEBUG - Score state 94 completed in 0.1187 seconds with 7 iterations.
2024-03-25 02:34:56,848 - DEBUG - Score state 95 completed in 0.1107 seconds with 7 iterations.
2024-03-25 02:34:56,958 - DEBUG - Score state 96 completed in 0.1097 seconds with 7 iterations.
2024-03-25 02:34:57,073 - DEBUG - Score state 97 completed in 0.1147 seconds with 7 iterations.
2024-03-25 02:34:57,191 - DEBUG - Score state 98 completed in 0.1177 seconds with 7 iterations.
2024-03-25 02:34:57,306 - DEBUG - Score state 99 completed in 0.1147 seconds with 7 iterations.
2024-03-25 02:34:57,420 - DEBUG - Score state 100 completed in 0.1147 seconds with 7 iterations.
2024-03-25 02:34:57,521 - DEBUG - Score state 101 completed in 0.1007 seconds with 6 iterations.
2024-03-25 02:34:57,606 - DEBUG - Score state 102 completed in 0.0848 seconds with 5 iterations.
2024-03-25 02:34:57,692 - DEBUG - Score state 103 completed in 0.0838 seconds with 5 iterations.
2024-03-25 02:34:57,779 - DEBUG - Score state 104 completed in 0.0878 seconds with 5 iterations.
2024-03-25 02:34:57,881 - DEBUG - Score state 105 completed in 0.1017 seconds with 6 iterations.
2024-03-25 02:34:57,983 - DEBUG - Score state 106 completed in 0.1007 seconds with 6 iterations.
2024-03-25 02:34:58,092 - DEBUG - Score state 107 completed in 0.1087 seconds with 6 iterations.
2024-03-25 02:34:58,182 - DEBUG - Score state 108 completed in 0.0908 seconds with 5 iterations.
2024-03-25 02:34:58,273 - DEBUG - Score state 109 completed in 0.0908 seconds with 5 iterations.
2024-03-25 02:34:58,382 - DEBUG - Score state 110 completed in 0.1077 seconds with 6 iterations.
2024-03-25 02:34:58,471 - DEBUG - Score state 111 completed in 0.0888 seconds with 5 iterations.
2024-03-25 02:34:58,562 - DEBUG - Score state 112 completed in 0.0908 seconds with 5 iterations.
2024-03-25 02:34:58,655 - DEBUG - Score state 113 completed in 0.0928 seconds with 5 iterations.
2024-03-25 02:34:58,752 - DEBUG - Score state 114 completed in 0.0967 seconds with 5 iterations.
2024-03-25 02:34:58,852 - DEBUG - Score state 115 completed in 0.1007 seconds with 5 iterations.
2024-03-25 02:34:58,947 - DEBUG - Score state 116 completed in 0.0947 seconds with 5 iterations.
2024-03-25 02:34:59,044 - DEBUG - Score state 117 completed in 0.0967 seconds with 5 iterations.
2024-03-25 02:34:59,140 - DEBUG - Score state 118 completed in 0.0957 seconds with 5 iterations.
2024-03-25 02:34:59,252 - DEBUG - Score state 119 completed in 0.1127 seconds with 6 iterations.
2024-03-25 02:34:59,350 - DEBUG - Score state 120 completed in 0.0977 seconds with 5 iterations.
2024-03-25 02:34:59,463 - DEBUG - Score state 121 completed in 0.1127 seconds with 6 iterations.
2024-03-25 02:34:59,576 - DEBUG - Score state 122 completed in 0.1127 seconds with 6 iterations.
2024-03-25 02:34:59,702 - DEBUG - Score state 123 completed in 0.1267 seconds with 6 iterations.
2024-03-25 02:34:59,819 - DEBUG - Score state 124 completed in 0.1167 seconds with 6 iterations.
2024-03-25 02:34:59,935 - DEBUG - Score state 125 completed in 0.1157 seconds with 6 iterations.
2024-03-25 02:35:00,039 - DEBUG - Score state 126 completed in 0.1047 seconds with 5 iterations.
2024-03-25 02:35:00,147 - DEBUG - Score state 127 completed in 0.1067 seconds with 5 iterations.
2024-03-25 02:35:00,264 - DEBUG - Score state 128 completed in 0.1157 seconds with 6 iterations.
2024-03-25 02:35:00,381 - DEBUG - Score state 129 completed in 0.1177 seconds with 6 iterations.
2024-03-25 02:35:00,497 - DEBUG - Score state 130 completed in 0.1157 seconds with 6 iterations.
2024-03-25 02:35:00,614 - DEBUG - Score state 131 completed in 0.1167 seconds with 6 iterations.
2024-03-25 02:35:00,730 - DEBUG - Score state 132 completed in 0.1167 seconds with 6 iterations.
2024-03-25 02:35:00,850 - DEBUG - Score state 133 completed in 0.1197 seconds with 6 iterations.
2024-03-25 02:35:00,988 - DEBUG - Score state 134 completed in 0.1376 seconds with 7 iterations.
2024-03-25 02:35:01,115 - DEBUG - Score state 135 completed in 0.1277 seconds with 6 iterations.
2024-03-25 02:35:01,233 - DEBUG - Score state 136 completed in 0.1177 seconds with 6 iterations.
2024-03-25 02:35:01,351 - DEBUG - Score state 137 completed in 0.1177 seconds with 6 iterations.
2024-03-25 02:35:01,487 - DEBUG - Score state 138 completed in 0.1366 seconds with 7 iterations.
2024-03-25 02:35:01,626 - DEBUG - Score state 139 completed in 0.1376 seconds with 7 iterations.
2024-03-25 02:35:01,759 - DEBUG - Score state 140 completed in 0.1326 seconds with 7 iterations.
2024-03-25 02:35:01,877 - DEBUG - Score state 141 completed in 0.1187 seconds with 6 iterations.
2024-03-25 02:35:01,978 - DEBUG - Score state 142 completed in 0.1007 seconds with 5 iterations.
2024-03-25 02:35:02,064 - DEBUG - Score state 143 completed in 0.0858 seconds with 4 iterations.
2024-03-25 02:35:02,150 - DEBUG - Score state 144 completed in 0.0858 seconds with 4 iterations.
2024-03-25 02:35:02,250 - DEBUG - Score state 145 completed in 0.1007 seconds with 5 iterations.
2024-03-25 02:35:02,352 - DEBUG - Score state 146 completed in 0.1007 seconds with 5 iterations.
2024-03-25 02:35:02,437 - DEBUG - Score state 147 completed in 0.0848 seconds with 4 iterations.
2024-03-25 02:35:02,522 - DEBUG - Score state 148 completed in 0.0848 seconds with 4 iterations.
2024-03-25 02:35:02,601 - DEBUG - Score state 149 completed in 0.0798 seconds with 4 iterations.
2024-03-25 02:35:02,684 - DEBUG - Score state 150 completed in 0.0828 seconds with 4 iterations.
2024-03-25 02:35:02,767 - DEBUG - Score state 151 completed in 0.0828 seconds with 4 iterations.
2024-03-25 02:35:02,852 - DEBUG - Score state 152 completed in 0.0848 seconds with 4 iterations.
2024-03-25 02:35:02,934 - DEBUG - Score state 153 completed in 0.0818 seconds with 4 iterations.
2024-03-25 02:35:03,017 - DEBUG - Score state 154 completed in 0.0828 seconds with 4 iterations.
2024-03-25 02:35:03,105 - DEBUG - Score state 155 completed in 0.0878 seconds with 4 iterations.
2024-03-25 02:35:03,190 - DEBUG - Score state 156 completed in 0.0848 seconds with 4 iterations.
2024-03-25 02:35:03,279 - DEBUG - Score state 157 completed in 0.0878 seconds with 4 iterations.
2024-03-25 02:35:03,360 - DEBUG - Score state 158 completed in 0.0818 seconds with 4 iterations.
2024-03-25 02:35:03,476 - DEBUG - Score state 159 completed in 0.1157 seconds with 6 iterations.
2024-03-25 02:35:03,565 - DEBUG - Score state 160 completed in 0.0888 seconds with 4 iterations.
2024-03-25 02:35:03,664 - DEBUG - Score state 161 completed in 0.0977 seconds with 5 iterations.
2024-03-25 02:35:03,782 - DEBUG - Score state 162 completed in 0.1177 seconds with 6 iterations.
2024-03-25 02:35:03,883 - DEBUG - Score state 163 completed in 0.0997 seconds with 5 iterations.
2024-03-25 02:35:03,982 - DEBUG - Score state 164 completed in 0.0987 seconds with 5 iterations.
2024-03-25 02:35:04,092 - DEBUG - Score state 165 completed in 0.1097 seconds with 5 iterations.
2024-03-25 02:35:04,191 - DEBUG - Score state 166 completed in 0.0987 seconds with 5 iterations.
2024-03-25 02:35:04,274 - DEBUG - Score state 167 completed in 0.0828 seconds with 4 iterations.
2024-03-25 02:35:04,373 - DEBUG - Score state 168 completed in 0.0977 seconds with 5 iterations.
2024-03-25 02:35:04,473 - DEBUG - Score state 169 completed in 0.1007 seconds with 5 iterations.
2024-03-25 02:35:04,558 - DEBUG - Score state 170 completed in 0.0848 seconds with 4 iterations.
2024-03-25 02:35:04,660 - DEBUG - Score state 171 completed in 0.1007 seconds with 5 iterations.
2024-03-25 02:35:04,761 - DEBUG - Score state 172 completed in 0.1007 seconds with 5 iterations.
2024-03-25 02:35:04,861 - DEBUG - Score state 173 completed in 0.1007 seconds with 5 iterations.
2024-03-25 02:35:04,959 - DEBUG - Score state 174 completed in 0.0977 seconds with 5 iterations.
2024-03-25 02:35:05,071 - DEBUG - Score state 175 completed in 0.1107 seconds with 5 iterations.
2024-03-25 02:35:05,171 - DEBUG - Score state 176 completed in 0.0997 seconds with 5 iterations.
2024-03-25 02:35:05,268 - DEBUG - Score state 177 completed in 0.0977 seconds with 5 iterations.
2024-03-25 02:35:05,370 - DEBUG - Score state 178 completed in 0.1017 seconds with 5 iterations.
2024-03-25 02:35:05,467 - DEBUG - Score state 179 completed in 0.0967 seconds with 5 iterations.
2024-03-25 02:35:05,563 - DEBUG - Score state 180 completed in 0.0957 seconds with 5 iterations.
2024-03-25 02:35:05,658 - DEBUG - Score state 181 completed in 0.0957 seconds with 5 iterations.
2024-03-25 02:35:05,738 - DEBUG - Score state 182 completed in 0.0798 seconds with 4 iterations.
2024-03-25 02:35:05,819 - DEBUG - Score state 183 completed in 0.0808 seconds with 4 iterations.
2024-03-25 02:35:05,901 - DEBUG - Score state 184 completed in 0.0818 seconds with 4 iterations.
2024-03-25 02:35:05,982 - DEBUG - Score state 185 completed in 0.0818 seconds with 4 iterations.
2024-03-25 02:35:06,063 - DEBUG - Score state 186 completed in 0.0808 seconds with 4 iterations.
2024-03-25 02:35:06,143 - DEBUG - Score state 187 completed in 0.0798 seconds with 4 iterations.
2024-03-25 02:35:06,224 - DEBUG - Score state 188 completed in 0.0798 seconds with 4 iterations.
2024-03-25 02:35:06,302 - DEBUG - Score state 189 completed in 0.0778 seconds with 4 iterations.
2024-03-25 02:35:06,381 - DEBUG - Score state 190 completed in 0.0798 seconds with 4 iterations.
2024-03-25 02:35:06,460 - DEBUG - Score state 191 completed in 0.0788 seconds with 4 iterations.
2024-03-25 02:35:06,540 - DEBUG - Score state 192 completed in 0.0788 seconds with 4 iterations.
2024-03-25 02:35:06,623 - DEBUG - Score state 193 completed in 0.0828 seconds with 4 iterations.
2024-03-25 02:35:06,702 - DEBUG - Score state 194 completed in 0.0798 seconds with 4 iterations.
2024-03-25 02:35:06,781 - DEBUG - Score state 195 completed in 0.0788 seconds with 4 iterations.
2024-03-25 02:35:06,863 - DEBUG - Score state 196 completed in 0.0808 seconds with 4 iterations.
2024-03-25 02:35:06,944 - DEBUG - Score state 197 completed in 0.0808 seconds with 4 iterations.
2024-03-25 02:35:07,025 - DEBUG - Score state 198 completed in 0.0808 seconds with 4 iterations.
2024-03-25 02:35:07,105 - DEBUG - Score state 199 completed in 0.0808 seconds with 4 iterations.
2024-03-25 02:35:07,185 - DEBUG - Score state 200 completed in 0.0798 seconds with 4 iterations.
2024-03-25 02:35:07,265 - DEBUG - Score state 201 completed in 0.0798 seconds with 4 iterations.
2024-03-25 02:35:07,346 - DEBUG - Score state 202 completed in 0.0808 seconds with 4 iterations.
2024-03-25 02:35:07,429 - DEBUG - Score state 203 completed in 0.0828 seconds with 4 iterations.
2024-03-25 02:35:07,513 - DEBUG - Score state 204 completed in 0.0848 seconds with 4 iterations.
2024-03-25 02:35:07,601 - DEBUG - Score state 205 completed in 0.0878 seconds with 4 iterations.
2024-03-25 02:35:07,686 - DEBUG - Score state 206 completed in 0.0838 seconds with 4 iterations.
2024-03-25 02:35:07,769 - DEBUG - Score state 207 completed in 0.0828 seconds with 4 iterations.
2024-03-25 02:35:07,852 - DEBUG - Score state 208 completed in 0.0838 seconds with 4 iterations.
2024-03-25 02:35:07,933 - DEBUG - Score state 209 completed in 0.0808 seconds with 4 iterations.
2024-03-25 02:35:08,013 - DEBUG - Score state 210 completed in 0.0798 seconds with 4 iterations.
2024-03-25 02:35:08,095 - DEBUG - Score state 211 completed in 0.0818 seconds with 4 iterations.
2024-03-25 02:35:08,179 - DEBUG - Score state 212 completed in 0.0838 seconds with 4 iterations.
2024-03-25 02:35:08,262 - DEBUG - Score state 213 completed in 0.0828 seconds with 4 iterations.
2024-03-25 02:35:08,342 - DEBUG - Score state 214 completed in 0.0798 seconds with 4 iterations.
2024-03-25 02:35:08,427 - DEBUG - Score state 215 completed in 0.0848 seconds with 4 iterations.
2024-03-25 02:35:08,511 - DEBUG - Score state 216 completed in 0.0838 seconds with 4 iterations.
2024-03-25 02:35:08,591 - DEBUG - Score state 217 completed in 0.0798 seconds with 4 iterations.
2024-03-25 02:35:08,674 - DEBUG - Score state 218 completed in 0.0828 seconds with 4 iterations.
2024-03-25 02:35:08,754 - DEBUG - Score state 219 completed in 0.0798 seconds with 4 iterations.
2024-03-25 02:35:08,838 - DEBUG - Score state 220 completed in 0.0828 seconds with 4 iterations.
2024-03-25 02:35:08,920 - DEBUG - Score state 221 completed in 0.0818 seconds with 4 iterations.
2024-03-25 02:35:09,004 - DEBUG - Score state 222 completed in 0.0848 seconds with 4 iterations.
2024-03-25 02:35:09,094 - DEBUG - Score state 223 completed in 0.0898 seconds with 4 iterations.
2024-03-25 02:35:09,177 - DEBUG - Score state 224 completed in 0.0828 seconds with 4 iterations.
2024-03-25 02:35:09,262 - DEBUG - Score state 225 completed in 0.0848 seconds with 4 iterations.
2024-03-25 02:35:09,345 - DEBUG - Score state 226 completed in 0.0838 seconds with 4 iterations.
2024-03-25 02:35:09,426 - DEBUG - Score state 227 completed in 0.0798 seconds with 4 iterations.
2024-03-25 02:35:09,506 - DEBUG - Score state 228 completed in 0.0798 seconds with 4 iterations.
2024-03-25 02:35:09,588 - DEBUG - Score state 229 completed in 0.0818 seconds with 4 iterations.
2024-03-25 02:35:09,674 - DEBUG - Score state 230 completed in 0.0858 seconds with 4 iterations.
2024-03-25 02:35:09,759 - DEBUG - Score state 231 completed in 0.0858 seconds with 4 iterations.
2024-03-25 02:35:09,844 - DEBUG - Score state 232 completed in 0.0838 seconds with 4 iterations.
2024-03-25 02:35:09,926 - DEBUG - Score state 233 completed in 0.0818 seconds with 4 iterations.
2024-03-25 02:35:10,009 - DEBUG - Score state 234 completed in 0.0828 seconds with 4 iterations.
2024-03-25 02:35:10,099 - DEBUG - Score state 235 completed in 0.0898 seconds with 4 iterations.
2024-03-25 02:35:10,180 - DEBUG - Score state 236 completed in 0.0808 seconds with 4 iterations.
2024-03-25 02:35:10,263 - DEBUG - Score state 237 completed in 0.0828 seconds with 4 iterations.
2024-03-25 02:35:10,345 - DEBUG - Score state 238 completed in 0.0818 seconds with 4 iterations.
2024-03-25 02:35:10,427 - DEBUG - Score state 239 completed in 0.0808 seconds with 4 iterations.
2024-03-25 02:35:10,509 - DEBUG - Score state 240 completed in 0.0818 seconds with 4 iterations.
2024-03-25 02:35:10,593 - DEBUG - Score state 241 completed in 0.0838 seconds with 4 iterations.
2024-03-25 02:35:10,676 - DEBUG - Score state 242 completed in 0.0828 seconds with 4 iterations.
2024-03-25 02:35:10,757 - DEBUG - Score state 243 completed in 0.0808 seconds with 4 iterations.
2024-03-25 02:35:10,838 - DEBUG - Score state 244 completed in 0.0818 seconds with 4 iterations.
2024-03-25 02:35:10,919 - DEBUG - Score state 245 completed in 0.0808 seconds with 4 iterations.
2024-03-25 02:35:11,002 - DEBUG - Score state 246 completed in 0.0828 seconds with 4 iterations.
2024-03-25 02:35:11,088 - DEBUG - Score state 247 completed in 0.0858 seconds with 4 iterations.
2024-03-25 02:35:11,170 - DEBUG - Score state 248 completed in 0.0818 seconds with 4 iterations.
2024-03-25 02:35:11,251 - DEBUG - Score state 249 completed in 0.0818 seconds with 4 iterations.
2024-03-25 02:35:11,334 - DEBUG - Score state 250 completed in 0.0828 seconds with 4 iterations.
2024-03-25 02:35:11,414 - DEBUG - Score state 251 completed in 0.0798 seconds with 4 iterations.
2024-03-25 02:35:11,496 - DEBUG - Score state 252 completed in 0.0818 seconds with 4 iterations.
2024-03-25 02:35:11,580 - DEBUG - Score state 253 completed in 0.0848 seconds with 4 iterations.
2024-03-25 02:35:11,665 - DEBUG - Score state 254 completed in 0.0848 seconds with 4 iterations.
2024-03-25 02:35:11,747 - DEBUG - Score state 255 completed in 0.0818 seconds with 4 iterations.
2024-03-25 02:35:11,830 - DEBUG - Score state 256 completed in 0.0828 seconds with 4 iterations.
2024-03-25 02:35:11,911 - DEBUG - Score state 257 completed in 0.0798 seconds with 4 iterations.
2024-03-25 02:35:11,991 - DEBUG - Score state 258 completed in 0.0798 seconds with 4 iterations.
2024-03-25 02:35:12,074 - DEBUG - Score state 259 completed in 0.0828 seconds with 4 iterations.
2024-03-25 02:35:12,158 - DEBUG - Score state 260 completed in 0.0828 seconds with 4 iterations.
2024-03-25 02:35:12,240 - DEBUG - Score state 261 completed in 0.0818 seconds with 4 iterations.
2024-03-25 02:35:12,320 - DEBUG - Score state 262 completed in 0.0798 seconds with 4 iterations.
2024-03-25 02:35:12,401 - DEBUG - Score state 263 completed in 0.0798 seconds with 4 iterations.
2024-03-25 02:35:12,480 - DEBUG - Score state 264 completed in 0.0778 seconds with 4 iterations.
2024-03-25 02:35:12,560 - DEBUG - Score state 265 completed in 0.0798 seconds with 4 iterations.
2024-03-25 02:35:12,640 - DEBUG - Score state 266 completed in 0.0798 seconds with 4 iterations.
2024-03-25 02:35:12,725 - DEBUG - Score state 267 completed in 0.0858 seconds with 4 iterations.
2024-03-25 02:35:12,826 - DEBUG - Score state 268 completed in 0.1007 seconds with 5 iterations.
2024-03-25 02:35:12,909 - DEBUG - Score state 269 completed in 0.0828 seconds with 4 iterations.
2024-03-25 02:35:12,990 - DEBUG - Score state 270 completed in 0.0808 seconds with 4 iterations.
2024-03-25 02:35:13,100 - DEBUG - Score state 271 completed in 0.1107 seconds with 5 iterations.
2024-03-25 02:35:13,200 - DEBUG - Score state 272 completed in 0.0997 seconds with 5 iterations.
2024-03-25 02:35:13,313 - DEBUG - Score state 273 completed in 0.1127 seconds with 5 iterations.
2024-03-25 02:35:13,415 - DEBUG - Score state 274 completed in 0.1017 seconds with 5 iterations.
2024-03-25 02:35:13,513 - DEBUG - Score state 275 completed in 0.0987 seconds with 5 iterations.
2024-03-25 02:35:13,612 - DEBUG - Score state 276 completed in 0.0987 seconds with 5 iterations.
2024-03-25 02:35:13,707 - DEBUG - Score state 277 completed in 0.0947 seconds with 5 iterations.
2024-03-25 02:35:13,802 - DEBUG - Score state 278 completed in 0.0957 seconds with 5 iterations.
2024-03-25 02:35:13,901 - DEBUG - Score state 279 completed in 0.0987 seconds with 5 iterations.
2024-03-25 02:35:13,996 - DEBUG - Score state 280 completed in 0.0947 seconds with 5 iterations.
2024-03-25 02:35:14,100 - DEBUG - Score state 281 completed in 0.1027 seconds with 5 iterations.
2024-03-25 02:35:14,194 - DEBUG - Score state 282 completed in 0.0947 seconds with 5 iterations.
2024-03-25 02:35:14,290 - DEBUG - Score state 283 completed in 0.0947 seconds with 5 iterations.
2024-03-25 02:35:14,385 - DEBUG - Score state 284 completed in 0.0937 seconds with 5 iterations.
2024-03-25 02:35:14,481 - DEBUG - Score state 285 completed in 0.0957 seconds with 5 iterations.
2024-03-25 02:35:14,575 - DEBUG - Score state 286 completed in 0.0947 seconds with 5 iterations.
2024-03-25 02:35:14,671 - DEBUG - Score state 287 completed in 0.0947 seconds with 5 iterations.
2024-03-25 02:35:14,768 - DEBUG - Score state 288 completed in 0.0967 seconds with 5 iterations.
2024-03-25 02:35:14,868 - DEBUG - Score state 289 completed in 0.0997 seconds with 5 iterations.
2024-03-25 02:35:14,962 - DEBUG - Score state 290 completed in 0.0947 seconds with 5 iterations.
2024-03-25 02:35:15,058 - DEBUG - Score state 291 completed in 0.0957 seconds with 5 iterations.
2024-03-25 02:35:15,154 - DEBUG - Score state 292 completed in 0.0957 seconds with 5 iterations.
2024-03-25 02:35:15,250 - DEBUG - Score state 293 completed in 0.0957 seconds with 5 iterations.
2024-03-25 02:35:15,346 - DEBUG - Score state 294 completed in 0.0957 seconds with 5 iterations.
2024-03-25 02:35:15,443 - DEBUG - Score state 295 completed in 0.0967 seconds with 5 iterations.
2024-03-25 02:35:15,541 - DEBUG - Score state 296 completed in 0.0967 seconds with 5 iterations.
2024-03-25 02:35:15,636 - DEBUG - Score state 297 completed in 0.0947 seconds with 5 iterations.
2024-03-25 02:35:15,730 - DEBUG - Score state 298 completed in 0.0947 seconds with 5 iterations.
2024-03-25 02:35:15,825 - DEBUG - Score state 299 completed in 0.0947 seconds with 5 iterations.
2024-03-25 02:35:15,922 - DEBUG - Score state 300 completed in 0.0967 seconds with 5 iterations.
2024-03-25 02:35:16,019 - DEBUG - Score state 301 completed in 0.0957 seconds with 5 iterations.
2024-03-25 02:35:16,125 - DEBUG - Score state 302 completed in 0.1067 seconds with 5 iterations.
2024-03-25 02:35:16,219 - DEBUG - Score state 303 completed in 0.0937 seconds with 5 iterations.
2024-03-25 02:35:16,317 - DEBUG - Score state 304 completed in 0.0967 seconds with 5 iterations.
2024-03-25 02:35:16,420 - DEBUG - Score state 305 completed in 0.1037 seconds with 5 iterations.
2024-03-25 02:35:16,516 - DEBUG - Score state 306 completed in 0.0947 seconds with 5 iterations.
2024-03-25 02:35:16,615 - DEBUG - Score state 307 completed in 0.0987 seconds with 5 iterations.
2024-03-25 02:35:16,714 - DEBUG - Score state 308 completed in 0.0987 seconds with 5 iterations.
2024-03-25 02:35:16,811 - DEBUG - Score state 309 completed in 0.0967 seconds with 5 iterations.
2024-03-25 02:35:16,913 - DEBUG - Score state 310 completed in 0.1017 seconds with 5 iterations.
2024-03-25 02:35:17,009 - DEBUG - Score state 311 completed in 0.0957 seconds with 5 iterations.
2024-03-25 02:35:17,113 - DEBUG - Score state 312 completed in 0.1037 seconds with 5 iterations.
2024-03-25 02:35:17,212 - DEBUG - Score state 313 completed in 0.0997 seconds with 5 iterations.
2024-03-25 02:35:17,312 - DEBUG - Score state 314 completed in 0.0997 seconds with 5 iterations.
2024-03-25 02:35:17,410 - DEBUG - Score state 315 completed in 0.0977 seconds with 5 iterations.
2024-03-25 02:35:17,510 - DEBUG - Score state 316 completed in 0.0987 seconds with 5 iterations.
2024-03-25 02:35:17,605 - DEBUG - Score state 317 completed in 0.0957 seconds with 5 iterations.
2024-03-25 02:35:17,702 - DEBUG - Score state 318 completed in 0.0967 seconds with 5 iterations.
2024-03-25 02:35:17,799 - DEBUG - Score state 319 completed in 0.0967 seconds with 5 iterations.
2024-03-25 02:35:17,898 - DEBUG - Score state 320 completed in 0.0987 seconds with 5 iterations.
2024-03-25 02:35:17,995 - DEBUG - Score state 321 completed in 0.0977 seconds with 5 iterations.
2024-03-25 02:35:18,096 - DEBUG - Score state 322 completed in 0.1007 seconds with 5 iterations.
2024-03-25 02:35:18,193 - DEBUG - Score state 323 completed in 0.0967 seconds with 5 iterations.
2024-03-25 02:35:18,291 - DEBUG - Score state 324 completed in 0.0987 seconds with 5 iterations.
2024-03-25 02:35:18,390 - DEBUG - Score state 325 completed in 0.0987 seconds with 5 iterations.
2024-03-25 02:35:18,492 - DEBUG - Score state 326 completed in 0.1017 seconds with 5 iterations.
2024-03-25 02:35:18,590 - DEBUG - Score state 327 completed in 0.0977 seconds with 5 iterations.
2024-03-25 02:35:18,686 - DEBUG - Score state 328 completed in 0.0967 seconds with 5 iterations.
2024-03-25 02:35:18,785 - DEBUG - Score state 329 completed in 0.0987 seconds with 5 iterations.
2024-03-25 02:35:18,888 - DEBUG - Score state 330 completed in 0.1027 seconds with 5 iterations.
2024-03-25 02:35:18,987 - DEBUG - Score state 331 completed in 0.0977 seconds with 5 iterations.
2024-03-25 02:35:19,101 - DEBUG - Score state 332 completed in 0.1147 seconds with 5 iterations.
2024-03-25 02:35:19,200 - DEBUG - Score state 333 completed in 0.0987 seconds with 5 iterations.
2024-03-25 02:35:19,298 - DEBUG - Score state 334 completed in 0.0977 seconds with 5 iterations.
2024-03-25 02:35:19,394 - DEBUG - Score state 335 completed in 0.0957 seconds with 5 iterations.
2024-03-25 02:35:19,493 - DEBUG - Score state 336 completed in 0.0987 seconds with 5 iterations.
2024-03-25 02:35:19,593 - DEBUG - Score state 337 completed in 0.0997 seconds with 5 iterations.
2024-03-25 02:35:19,692 - DEBUG - Score state 338 completed in 0.0977 seconds with 5 iterations.
2024-03-25 02:35:19,791 - DEBUG - Score state 339 completed in 0.0997 seconds with 5 iterations.
2024-03-25 02:35:19,891 - DEBUG - Score state 340 completed in 0.0997 seconds with 5 iterations.
2024-03-25 02:35:19,989 - DEBUG - Score state 341 completed in 0.0977 seconds with 5 iterations.
2024-03-25 02:35:20,090 - DEBUG - Score state 342 completed in 0.1007 seconds with 5 iterations.
2024-03-25 02:35:20,186 - DEBUG - Score state 343 completed in 0.0957 seconds with 5 iterations.
2024-03-25 02:35:20,284 - DEBUG - Score state 344 completed in 0.0967 seconds with 5 iterations.
2024-03-25 02:35:20,383 - DEBUG - Score state 345 completed in 0.0987 seconds with 5 iterations.
2024-03-25 02:35:20,482 - DEBUG - Score state 346 completed in 0.0987 seconds with 5 iterations.
2024-03-25 02:35:20,586 - DEBUG - Score state 347 completed in 0.1047 seconds with 5 iterations.
2024-03-25 02:35:20,691 - DEBUG - Score state 348 completed in 0.1047 seconds with 5 iterations.
2024-03-25 02:35:20,792 - DEBUG - Score state 349 completed in 0.1007 seconds with 5 iterations.
2024-03-25 02:35:20,895 - DEBUG - Score state 350 completed in 0.1027 seconds with 5 iterations.
2024-03-25 02:35:20,994 - DEBUG - Score state 351 completed in 0.0997 seconds with 5 iterations.
2024-03-25 02:35:21,104 - DEBUG - Score state 352 completed in 0.1097 seconds with 5 iterations.
2024-03-25 02:35:21,208 - DEBUG - Score state 353 completed in 0.1037 seconds with 5 iterations.
2024-03-25 02:35:21,312 - DEBUG - Score state 354 completed in 0.1037 seconds with 5 iterations.
2024-03-25 02:35:21,412 - DEBUG - Score state 355 completed in 0.0997 seconds with 5 iterations.
2024-03-25 02:35:21,512 - DEBUG - Score state 356 completed in 0.0997 seconds with 5 iterations.
2024-03-25 02:35:21,622 - DEBUG - Score state 357 completed in 0.1097 seconds with 5 iterations.
2024-03-25 02:35:21,727 - DEBUG - Score state 358 completed in 0.1057 seconds with 5 iterations.
2024-03-25 02:35:21,826 - DEBUG - Score state 359 completed in 0.0987 seconds with 5 iterations.
2024-03-25 02:35:21,927 - DEBUG - Score state 360 completed in 0.1007 seconds with 5 iterations.
2024-03-25 02:35:22,025 - DEBUG - Score state 361 completed in 0.0977 seconds with 5 iterations.
2024-03-25 02:35:22,128 - DEBUG - Score state 362 completed in 0.1017 seconds with 5 iterations.
2024-03-25 02:35:22,229 - DEBUG - Score state 363 completed in 0.0997 seconds with 5 iterations.
2024-03-25 02:35:22,328 - DEBUG - Score state 364 completed in 0.0987 seconds with 5 iterations.
2024-03-25 02:35:22,426 - DEBUG - Score state 365 completed in 0.0987 seconds with 5 iterations.
2024-03-25 02:35:22,523 - DEBUG - Score state 366 completed in 0.0967 seconds with 5 iterations.
2024-03-25 02:35:22,621 - DEBUG - Score state 367 completed in 0.0967 seconds with 5 iterations.
2024-03-25 02:35:22,721 - DEBUG - Score state 368 completed in 0.0987 seconds with 5 iterations.
2024-03-25 02:35:22,828 - DEBUG - Score state 369 completed in 0.1077 seconds with 5 iterations.
2024-03-25 02:35:22,936 - DEBUG - Score state 370 completed in 0.1067 seconds with 5 iterations.
2024-03-25 02:35:23,035 - DEBUG - Score state 371 completed in 0.0987 seconds with 5 iterations.
2024-03-25 02:35:23,139 - DEBUG - Score state 372 completed in 0.1037 seconds with 5 iterations.
2024-03-25 02:35:23,240 - DEBUG - Score state 373 completed in 0.1017 seconds with 5 iterations.
2024-03-25 02:35:23,341 - DEBUG - Score state 374 completed in 0.1007 seconds with 5 iterations.
2024-03-25 02:35:23,442 - DEBUG - Score state 375 completed in 0.1007 seconds with 5 iterations.
2024-03-25 02:35:23,543 - DEBUG - Score state 376 completed in 0.1017 seconds with 5 iterations.
2024-03-25 02:35:23,665 - DEBUG - Score state 377 completed in 0.1217 seconds with 5 iterations.
2024-03-25 02:35:23,773 - DEBUG - Score state 378 completed in 0.1077 seconds with 5 iterations.
2024-03-25 02:35:23,880 - DEBUG - Score state 379 completed in 0.1067 seconds with 5 iterations.
2024-03-25 02:35:23,982 - DEBUG - Score state 380 completed in 0.1017 seconds with 5 iterations.
2024-03-25 02:35:24,092 - DEBUG - Score state 381 completed in 0.1097 seconds with 5 iterations.
2024-03-25 02:35:24,196 - DEBUG - Score state 382 completed in 0.1037 seconds with 5 iterations.
2024-03-25 02:35:24,302 - DEBUG - Score state 383 completed in 0.1067 seconds with 5 iterations.
2024-03-25 02:35:24,403 - DEBUG - Score state 384 completed in 0.0997 seconds with 5 iterations.
2024-03-25 02:35:24,507 - DEBUG - Score state 385 completed in 0.1037 seconds with 5 iterations.
2024-03-25 02:35:24,608 - DEBUG - Score state 386 completed in 0.1007 seconds with 5 iterations.
2024-03-25 02:35:24,711 - DEBUG - Score state 387 completed in 0.1037 seconds with 5 iterations.
2024-03-25 02:35:24,812 - DEBUG - Score state 388 completed in 0.1007 seconds with 5 iterations.
2024-03-25 02:35:24,918 - DEBUG - Score state 389 completed in 0.1057 seconds with 5 iterations.
2024-03-25 02:35:25,020 - DEBUG - Score state 390 completed in 0.1027 seconds with 5 iterations.
2024-03-25 02:35:25,125 - DEBUG - Score state 391 completed in 0.1047 seconds with 5 iterations.
2024-03-25 02:35:25,225 - DEBUG - Score state 392 completed in 0.0997 seconds with 5 iterations.
2024-03-25 02:35:25,323 - DEBUG - Score state 393 completed in 0.0977 seconds with 5 iterations.
2024-03-25 02:35:25,418 - DEBUG - Score state 394 completed in 0.0957 seconds with 5 iterations.
2024-03-25 02:35:25,515 - DEBUG - Score state 395 completed in 0.0957 seconds with 5 iterations.
2024-03-25 02:35:25,611 - DEBUG - Score state 396 completed in 0.0957 seconds with 5 iterations.
2024-03-25 02:35:25,706 - DEBUG - Score state 397 completed in 0.0947 seconds with 5 iterations.
2024-03-25 02:35:25,802 - DEBUG - Score state 398 completed in 0.0967 seconds with 5 iterations.
2024-03-25 02:35:25,898 - DEBUG - Score state 399 completed in 0.0957 seconds with 5 iterations.
2024-03-25 02:35:25,992 - DEBUG - Score state 400 completed in 0.0937 seconds with 5 iterations.
2024-03-25 02:35:26,089 - DEBUG - Score state 401 completed in 0.0967 seconds with 5 iterations.
2024-03-25 02:35:26,183 - DEBUG - Score state 402 completed in 0.0947 seconds with 5 iterations.
2024-03-25 02:35:26,279 - DEBUG - Score state 403 completed in 0.0957 seconds with 5 iterations.
2024-03-25 02:35:26,376 - DEBUG - Score state 404 completed in 0.0957 seconds with 5 iterations.
2024-03-25 02:35:26,473 - DEBUG - Score state 405 completed in 0.0967 seconds with 5 iterations.
2024-03-25 02:35:26,569 - DEBUG - Score state 406 completed in 0.0967 seconds with 5 iterations.
2024-03-25 02:35:26,663 - DEBUG - Score state 407 completed in 0.0937 seconds with 5 iterations.
2024-03-25 02:35:26,758 - DEBUG - Score state 408 completed in 0.0937 seconds with 5 iterations.
2024-03-25 02:35:26,853 - DEBUG - Score state 409 completed in 0.0947 seconds with 5 iterations.
2024-03-25 02:35:26,952 - DEBUG - Score state 410 completed in 0.0997 seconds with 5 iterations.
2024-03-25 02:35:27,050 - DEBUG - Score state 411 completed in 0.0977 seconds with 5 iterations.
2024-03-25 02:35:27,148 - DEBUG - Score state 412 completed in 0.0977 seconds with 5 iterations.
2024-03-25 02:35:27,246 - DEBUG - Score state 413 completed in 0.0967 seconds with 5 iterations.
2024-03-25 02:35:27,346 - DEBUG - Score state 414 completed in 0.0997 seconds with 5 iterations.
2024-03-25 02:35:27,442 - DEBUG - Score state 415 completed in 0.0957 seconds with 5 iterations.
2024-03-25 02:35:27,538 - DEBUG - Score state 416 completed in 0.0957 seconds with 5 iterations.
2024-03-25 02:35:27,631 - DEBUG - Score state 417 completed in 0.0938 seconds with 5 iterations.
2024-03-25 02:35:27,726 - DEBUG - Score state 418 completed in 0.0947 seconds with 5 iterations.
2024-03-25 02:35:27,821 - DEBUG - Score state 419 completed in 0.0937 seconds with 5 iterations.
2024-03-25 02:35:27,918 - DEBUG - Score state 420 completed in 0.0967 seconds with 5 iterations.
2024-03-25 02:35:28,012 - DEBUG - Score state 421 completed in 0.0947 seconds with 5 iterations.
2024-03-25 02:35:28,115 - DEBUG - Score state 422 completed in 0.1027 seconds with 5 iterations.
2024-03-25 02:35:28,214 - DEBUG - Score state 423 completed in 0.0987 seconds with 5 iterations.
2024-03-25 02:35:28,310 - DEBUG - Score state 424 completed in 0.0947 seconds with 5 iterations.
2024-03-25 02:35:28,406 - DEBUG - Score state 425 completed in 0.0967 seconds with 5 iterations.
2024-03-25 02:35:28,502 - DEBUG - Score state 426 completed in 0.0957 seconds with 5 iterations.
2024-03-25 02:35:28,600 - DEBUG - Score state 427 completed in 0.0977 seconds with 5 iterations.
2024-03-25 02:35:28,695 - DEBUG - Score state 428 completed in 0.0947 seconds with 5 iterations.
2024-03-25 02:35:28,792 - DEBUG - Score state 429 completed in 0.0977 seconds with 5 iterations.
2024-03-25 02:35:28,894 - DEBUG - Score state 430 completed in 0.1017 seconds with 5 iterations.
2024-03-25 02:35:28,990 - DEBUG - Score state 431 completed in 0.0957 seconds with 5 iterations.
2024-03-25 02:35:29,092 - DEBUG - Score state 432 completed in 0.1017 seconds with 5 iterations.
2024-03-25 02:35:29,187 - DEBUG - Score state 433 completed in 0.0947 seconds with 5 iterations.
2024-03-25 02:35:29,286 - DEBUG - Score state 434 completed in 0.0987 seconds with 5 iterations.
2024-03-25 02:35:29,391 - DEBUG - Score state 435 completed in 0.1047 seconds with 5 iterations.
2024-03-25 02:35:29,495 - DEBUG - Score state 436 completed in 0.1037 seconds with 5 iterations.
2024-03-25 02:35:29,596 - DEBUG - Score state 437 completed in 0.1007 seconds with 5 iterations.
2024-03-25 02:35:29,693 - DEBUG - Score state 438 completed in 0.0967 seconds with 5 iterations.
2024-03-25 02:35:29,791 - DEBUG - Score state 439 completed in 0.0967 seconds with 5 iterations.
2024-03-25 02:35:29,888 - DEBUG - Score state 440 completed in 0.0977 seconds with 5 iterations.
2024-03-25 02:35:29,986 - DEBUG - Score state 441 completed in 0.0977 seconds with 5 iterations.
2024-03-25 02:35:30,084 - DEBUG - Score state 442 completed in 0.0977 seconds with 5 iterations.
2024-03-25 02:35:30,183 - DEBUG - Score state 443 completed in 0.0987 seconds with 5 iterations.
2024-03-25 02:35:30,278 - DEBUG - Score state 444 completed in 0.0957 seconds with 5 iterations.
2024-03-25 02:35:30,374 - DEBUG - Score state 445 completed in 0.0957 seconds with 5 iterations.
2024-03-25 02:35:30,470 - DEBUG - Score state 446 completed in 0.0957 seconds with 5 iterations.
2024-03-25 02:35:30,566 - DEBUG - Score state 447 completed in 0.0957 seconds with 5 iterations.
2024-03-25 02:35:30,659 - DEBUG - Score state 448 completed in 0.0937 seconds with 5 iterations.
2024-03-25 02:35:30,754 - DEBUG - Score state 449 completed in 0.0938 seconds with 5 iterations.
2024-03-25 02:35:30,852 - DEBUG - Score state 450 completed in 0.0967 seconds with 5 iterations.
2024-03-25 02:35:30,952 - DEBUG - Score state 451 completed in 0.0997 seconds with 5 iterations.
2024-03-25 02:35:31,049 - DEBUG - Score state 452 completed in 0.0977 seconds with 5 iterations.
2024-03-25 02:35:31,147 - DEBUG - Score state 453 completed in 0.0977 seconds with 5 iterations.
2024-03-25 02:35:31,246 - DEBUG - Score state 454 completed in 0.0987 seconds with 5 iterations.
2024-03-25 02:35:31,343 - DEBUG - Score state 455 completed in 0.0967 seconds with 5 iterations.
2024-03-25 02:35:31,439 - DEBUG - Score state 456 completed in 0.0967 seconds with 5 iterations.
2024-03-25 02:35:31,539 - DEBUG - Score state 457 completed in 0.0997 seconds with 5 iterations.
2024-03-25 02:35:31,638 - DEBUG - Score state 458 completed in 0.0987 seconds with 5 iterations.
2024-03-25 02:35:31,734 - DEBUG - Score state 459 completed in 0.0947 seconds with 5 iterations.
2024-03-25 02:35:31,828 - DEBUG - Score state 460 completed in 0.0947 seconds with 5 iterations.
2024-03-25 02:35:31,927 - DEBUG - Score state 461 completed in 0.0987 seconds with 5 iterations.
2024-03-25 02:35:32,024 - DEBUG - Score state 462 completed in 0.0967 seconds with 5 iterations.
2024-03-25 02:35:32,120 - DEBUG - Score state 463 completed in 0.0967 seconds with 5 iterations.
2024-03-25 02:35:32,219 - DEBUG - Score state 464 completed in 0.0987 seconds with 5 iterations.
2024-03-25 02:35:32,313 - DEBUG - Score state 465 completed in 0.0937 seconds with 5 iterations.
2024-03-25 02:35:32,408 - DEBUG - Score state 466 completed in 0.0937 seconds with 5 iterations.
2024-03-25 02:35:32,504 - DEBUG - Score state 467 completed in 0.0957 seconds with 5 iterations.
2024-03-25 02:35:32,600 - DEBUG - Score state 468 completed in 0.0947 seconds with 5 iterations.
2024-03-25 02:35:32,696 - DEBUG - Score state 469 completed in 0.0957 seconds with 5 iterations.
2024-03-25 02:35:32,791 - DEBUG - Score state 470 completed in 0.0947 seconds with 5 iterations.
2024-03-25 02:35:32,885 - DEBUG - Score state 471 completed in 0.0947 seconds with 5 iterations.
2024-03-25 02:35:32,982 - DEBUG - Score state 472 completed in 0.0957 seconds with 5 iterations.
2024-03-25 02:35:33,079 - DEBUG - Score state 473 completed in 0.0967 seconds with 5 iterations.
2024-03-25 02:35:33,174 - DEBUG - Score state 474 completed in 0.0947 seconds with 5 iterations.
2024-03-25 02:35:33,269 - DEBUG - Score state 475 completed in 0.0957 seconds with 5 iterations.
2024-03-25 02:35:33,364 - DEBUG - Score state 476 completed in 0.0947 seconds with 5 iterations.
2024-03-25 02:35:33,459 - DEBUG - Score state 477 completed in 0.0947 seconds with 5 iterations.
2024-03-25 02:35:33,555 - DEBUG - Score state 478 completed in 0.0947 seconds with 5 iterations.
2024-03-25 02:35:33,650 - DEBUG - Score state 479 completed in 0.0957 seconds with 5 iterations.
2024-03-25 02:35:33,747 - DEBUG - Score state 480 completed in 0.0967 seconds with 5 iterations.
2024-03-25 02:35:33,844 - DEBUG - Score state 481 completed in 0.0967 seconds with 5 iterations.
2024-03-25 02:35:33,944 - DEBUG - Score state 482 completed in 0.0997 seconds with 5 iterations.
2024-03-25 02:35:34,037 - DEBUG - Score state 483 completed in 0.0938 seconds with 5 iterations.
2024-03-25 02:35:34,134 - DEBUG - Score state 484 completed in 0.0957 seconds with 5 iterations.
2024-03-25 02:35:34,230 - DEBUG - Score state 485 completed in 0.0957 seconds with 5 iterations.
2024-03-25 02:35:34,325 - DEBUG - Score state 486 completed in 0.0947 seconds with 5 iterations.
2024-03-25 02:35:34,420 - DEBUG - Score state 487 completed in 0.0957 seconds with 5 iterations.
2024-03-25 02:35:34,519 - DEBUG - Score state 488 completed in 0.0987 seconds with 5 iterations.
2024-03-25 02:35:34,615 - DEBUG - Score state 489 completed in 0.0957 seconds with 5 iterations.
2024-03-25 02:35:34,712 - DEBUG - Score state 490 completed in 0.0967 seconds with 5 iterations.
2024-03-25 02:35:34,809 - DEBUG - Score state 491 completed in 0.0977 seconds with 5 iterations.
2024-03-25 02:35:34,906 - DEBUG - Score state 492 completed in 0.0967 seconds with 5 iterations.
2024-03-25 02:35:35,000 - DEBUG - Score state 493 completed in 0.0937 seconds with 5 iterations.
2024-03-25 02:35:35,106 - DEBUG - Score state 494 completed in 0.1057 seconds with 5 iterations.
2024-03-25 02:35:35,201 - DEBUG - Score state 495 completed in 0.0947 seconds with 5 iterations.
2024-03-25 02:35:35,298 - DEBUG - Score state 496 completed in 0.0967 seconds with 5 iterations.
2024-03-25 02:35:35,393 - DEBUG - Score state 497 completed in 0.0938 seconds with 5 iterations.
2024-03-25 02:35:35,487 - DEBUG - Score state 498 completed in 0.0947 seconds with 5 iterations.
2024-03-25 02:35:35,594 - DEBUG - Score state 499 completed in 0.1067 seconds with 5 iterations.
2024-03-25 02:35:35,691 - DEBUG - Score state 500 completed in 0.0967 seconds with 5 iterations.
2024-03-25 02:35:35,788 - DEBUG - Score state 501 completed in 0.0967 seconds with 5 iterations.
2024-03-25 02:35:35,793 - INFO - Saved V matrix and optimal action index for player 12
2024-03-25 02:35:35,793 - INFO - Total time for value iteration: 44.3005 seconds.
2024-03-25 02:53:18,335 - INFO - Operating System: Linux 5.15.0-94-generic
2024-03-25 02:53:18,336 - INFO - Machine: x86_64
2024-03-25 02:53:18,336 - INFO - Processor: x86_64
2024-03-25 02:53:18,375 - DEBUG - Score state 2 completed in 0.0044 seconds with 21 iterations.
2024-03-25 02:53:18,382 - DEBUG - Score state 3 completed in 0.0060 seconds with 19 iterations.
2024-03-25 02:53:18,388 - DEBUG - Score state 4 completed in 0.0063 seconds with 14 iterations.
2024-03-25 02:53:18,396 - DEBUG - Score state 5 completed in 0.0073 seconds with 13 iterations.
2024-03-25 02:53:18,407 - DEBUG - Score state 6 completed in 0.0098 seconds with 14 iterations.
2024-03-25 02:53:18,417 - DEBUG - Score state 7 completed in 0.0104 seconds with 13 iterations.
2024-03-25 02:53:18,424 - DEBUG - Score state 8 completed in 0.0062 seconds with 12 iterations.
2024-03-25 02:53:18,429 - DEBUG - Score state 9 completed in 0.0049 seconds with 8 iterations.
2024-03-25 02:53:18,437 - DEBUG - Score state 10 completed in 0.0078 seconds with 12 iterations.
2024-03-25 02:53:18,448 - DEBUG - Score state 11 completed in 0.0111 seconds with 8 iterations.
2024-03-25 02:53:18,469 - DEBUG - Score state 12 completed in 0.0200 seconds with 14 iterations.
2024-03-25 02:53:18,482 - DEBUG - Score state 13 completed in 0.0133 seconds with 8 iterations.
2024-03-25 02:53:18,503 - DEBUG - Score state 14 completed in 0.0208 seconds with 12 iterations.
2024-03-25 02:53:18,519 - DEBUG - Score state 15 completed in 0.0154 seconds with 8 iterations.
2024-03-25 02:53:18,540 - DEBUG - Score state 16 completed in 0.0201 seconds with 10 iterations.
2024-03-25 02:53:18,554 - DEBUG - Score state 17 completed in 0.0138 seconds with 6 iterations.
2024-03-25 02:53:18,581 - DEBUG - Score state 18 completed in 0.0268 seconds with 12 iterations.
2024-03-25 02:53:18,602 - DEBUG - Score state 19 completed in 0.0200 seconds with 8 iterations.
2024-03-25 02:53:18,630 - DEBUG - Score state 20 completed in 0.0275 seconds with 11 iterations.
2024-03-25 02:53:18,652 - DEBUG - Score state 21 completed in 0.0218 seconds with 8 iterations.
2024-03-25 02:53:18,712 - DEBUG - Score state 22 completed in 0.0601 seconds with 12 iterations.
2024-03-25 02:53:18,758 - DEBUG - Score state 23 completed in 0.0453 seconds with 8 iterations.
2024-03-25 02:53:18,791 - DEBUG - Score state 24 completed in 0.0322 seconds with 10 iterations.
2024-03-25 02:53:18,812 - DEBUG - Score state 25 completed in 0.0204 seconds with 6 iterations.
2024-03-25 02:53:18,853 - DEBUG - Score state 26 completed in 0.0407 seconds with 12 iterations.
2024-03-25 02:53:18,878 - DEBUG - Score state 27 completed in 0.0251 seconds with 7 iterations.
2024-03-25 02:53:18,922 - DEBUG - Score state 28 completed in 0.0429 seconds with 12 iterations.
2024-03-25 02:53:18,946 - DEBUG - Score state 29 completed in 0.0236 seconds with 6 iterations.
2024-03-25 02:53:18,992 - DEBUG - Score state 30 completed in 0.0454 seconds with 12 iterations.
2024-03-25 02:53:19,017 - DEBUG - Score state 31 completed in 0.0252 seconds with 6 iterations.
2024-03-25 02:53:19,059 - DEBUG - Score state 32 completed in 0.0411 seconds with 10 iterations.
2024-03-25 02:53:19,091 - DEBUG - Score state 33 completed in 0.0322 seconds with 7 iterations.
2024-03-25 02:53:19,140 - DEBUG - Score state 34 completed in 0.0480 seconds with 11 iterations.
2024-03-25 02:53:19,174 - DEBUG - Score state 35 completed in 0.0338 seconds with 7 iterations.
2024-03-25 02:53:19,225 - DEBUG - Score state 36 completed in 0.0502 seconds with 10 iterations.
2024-03-25 02:53:19,266 - DEBUG - Score state 37 completed in 0.0404 seconds with 8 iterations.
2024-03-25 02:53:19,308 - DEBUG - Score state 38 completed in 0.0423 seconds with 8 iterations.
2024-03-25 02:53:19,346 - DEBUG - Score state 39 completed in 0.0370 seconds with 7 iterations.
2024-03-25 02:53:19,398 - DEBUG - Score state 40 completed in 0.0516 seconds with 10 iterations.
2024-03-25 02:53:19,433 - DEBUG - Score state 41 completed in 0.0342 seconds with 6 iterations.
2024-03-25 02:53:19,467 - DEBUG - Score state 42 completed in 0.0342 seconds with 6 iterations.
2024-03-25 02:53:19,504 - DEBUG - Score state 43 completed in 0.0360 seconds with 6 iterations.
2024-03-25 02:53:19,542 - DEBUG - Score state 44 completed in 0.0376 seconds with 6 iterations.
2024-03-25 02:53:19,579 - DEBUG - Score state 45 completed in 0.0369 seconds with 6 iterations.
2024-03-25 02:53:19,624 - DEBUG - Score state 46 completed in 0.0444 seconds with 7 iterations.
2024-03-25 02:53:19,668 - DEBUG - Score state 47 completed in 0.0438 seconds with 7 iterations.
2024-03-25 02:53:19,715 - DEBUG - Score state 48 completed in 0.0459 seconds with 7 iterations.
2024-03-25 02:53:19,761 - DEBUG - Score state 49 completed in 0.0459 seconds with 7 iterations.
2024-03-25 02:53:19,809 - DEBUG - Score state 50 completed in 0.0478 seconds with 7 iterations.
2024-03-25 02:53:19,851 - DEBUG - Score state 51 completed in 0.0414 seconds with 6 iterations.
2024-03-25 02:53:19,894 - DEBUG - Score state 52 completed in 0.0426 seconds with 6 iterations.
2024-03-25 02:53:19,938 - DEBUG - Score state 53 completed in 0.0434 seconds with 6 iterations.
2024-03-25 02:53:19,983 - DEBUG - Score state 54 completed in 0.0440 seconds with 6 iterations.
2024-03-25 02:53:20,028 - DEBUG - Score state 55 completed in 0.0454 seconds with 6 iterations.
2024-03-25 02:53:20,076 - DEBUG - Score state 56 completed in 0.0469 seconds with 6 iterations.
2024-03-25 02:53:20,123 - DEBUG - Score state 57 completed in 0.0466 seconds with 6 iterations.
2024-03-25 02:53:20,171 - DEBUG - Score state 58 completed in 0.0473 seconds with 6 iterations.
2024-03-25 02:53:20,221 - DEBUG - Score state 59 completed in 0.0497 seconds with 6 iterations.
2024-03-25 02:53:20,270 - DEBUG - Score state 60 completed in 0.0491 seconds with 6 iterations.
2024-03-25 02:53:20,329 - DEBUG - Score state 61 completed in 0.0587 seconds with 7 iterations.
2024-03-25 02:53:20,387 - DEBUG - Score state 62 completed in 0.0572 seconds with 6 iterations.
2024-03-25 02:53:20,456 - DEBUG - Score state 63 completed in 0.0685 seconds with 7 iterations.
2024-03-25 02:53:20,512 - DEBUG - Score state 64 completed in 0.0552 seconds with 6 iterations.
2024-03-25 02:53:20,573 - DEBUG - Score state 65 completed in 0.0601 seconds with 7 iterations.
2024-03-25 02:53:20,636 - DEBUG - Score state 66 completed in 0.0631 seconds with 6 iterations.
2024-03-25 02:53:20,706 - DEBUG - Score state 67 completed in 0.0691 seconds with 6 iterations.
2024-03-25 02:53:20,772 - DEBUG - Score state 68 completed in 0.0655 seconds with 6 iterations.
2024-03-25 02:53:20,827 - DEBUG - Score state 69 completed in 0.0545 seconds with 6 iterations.
2024-03-25 02:53:20,922 - DEBUG - Score state 70 completed in 0.0939 seconds with 6 iterations.
2024-03-25 02:53:20,992 - DEBUG - Score state 71 completed in 0.0702 seconds with 6 iterations.
2024-03-25 02:53:21,076 - DEBUG - Score state 72 completed in 0.0834 seconds with 6 iterations.
2024-03-25 02:53:21,135 - DEBUG - Score state 73 completed in 0.0576 seconds with 6 iterations.
2024-03-25 02:53:21,183 - DEBUG - Score state 74 completed in 0.0478 seconds with 5 iterations.
2024-03-25 02:53:21,274 - DEBUG - Score state 75 completed in 0.0908 seconds with 6 iterations.
2024-03-25 02:53:21,336 - DEBUG - Score state 76 completed in 0.0609 seconds with 6 iterations.
2024-03-25 02:53:21,410 - DEBUG - Score state 77 completed in 0.0738 seconds with 6 iterations.
2024-03-25 02:53:21,472 - DEBUG - Score state 78 completed in 0.0615 seconds with 6 iterations.
2024-03-25 02:53:21,561 - DEBUG - Score state 79 completed in 0.0885 seconds with 7 iterations.
2024-03-25 02:53:21,621 - DEBUG - Score state 80 completed in 0.0590 seconds with 6 iterations.
2024-03-25 02:53:21,702 - DEBUG - Score state 81 completed in 0.0805 seconds with 6 iterations.
2024-03-25 02:53:21,763 - DEBUG - Score state 82 completed in 0.0610 seconds with 6 iterations.
2024-03-25 02:53:21,828 - DEBUG - Score state 83 completed in 0.0641 seconds with 6 iterations.
2024-03-25 02:53:21,890 - DEBUG - Score state 84 completed in 0.0615 seconds with 6 iterations.
2024-03-25 02:53:21,961 - DEBUG - Score state 85 completed in 0.0707 seconds with 6 iterations.
2024-03-25 02:53:22,032 - DEBUG - Score state 86 completed in 0.0703 seconds with 7 iterations.
2024-03-25 02:53:22,107 - DEBUG - Score state 87 completed in 0.0719 seconds with 7 iterations.
2024-03-25 02:53:22,170 - DEBUG - Score state 88 completed in 0.0625 seconds with 6 iterations.
2024-03-25 02:53:22,243 - DEBUG - Score state 89 completed in 0.0727 seconds with 7 iterations.
2024-03-25 02:53:22,317 - DEBUG - Score state 90 completed in 0.0728 seconds with 7 iterations.
2024-03-25 02:53:22,389 - DEBUG - Score state 91 completed in 0.0723 seconds with 7 iterations.
2024-03-25 02:53:22,457 - DEBUG - Score state 92 completed in 0.0668 seconds with 6 iterations.
2024-03-25 02:53:22,530 - DEBUG - Score state 93 completed in 0.0733 seconds with 7 iterations.
2024-03-25 02:53:22,606 - DEBUG - Score state 94 completed in 0.0746 seconds with 7 iterations.
2024-03-25 02:53:22,681 - DEBUG - Score state 95 completed in 0.0750 seconds with 7 iterations.
2024-03-25 02:53:22,756 - DEBUG - Score state 96 completed in 0.0746 seconds with 7 iterations.
2024-03-25 02:53:22,833 - DEBUG - Score state 97 completed in 0.0769 seconds with 7 iterations.
2024-03-25 02:53:22,910 - DEBUG - Score state 98 completed in 0.0762 seconds with 7 iterations.
2024-03-25 02:53:22,987 - DEBUG - Score state 99 completed in 0.0760 seconds with 7 iterations.
2024-03-25 02:53:23,064 - DEBUG - Score state 100 completed in 0.0774 seconds with 7 iterations.
2024-03-25 02:53:23,134 - DEBUG - Score state 101 completed in 0.0693 seconds with 6 iterations.
2024-03-25 02:53:23,194 - DEBUG - Score state 102 completed in 0.0595 seconds with 5 iterations.
2024-03-25 02:53:23,255 - DEBUG - Score state 103 completed in 0.0605 seconds with 5 iterations.
2024-03-25 02:53:23,315 - DEBUG - Score state 104 completed in 0.0589 seconds with 5 iterations.
2024-03-25 02:53:23,385 - DEBUG - Score state 105 completed in 0.0702 seconds with 6 iterations.
2024-03-25 02:53:23,456 - DEBUG - Score state 106 completed in 0.0702 seconds with 6 iterations.
2024-03-25 02:53:23,528 - DEBUG - Score state 107 completed in 0.0714 seconds with 6 iterations.
2024-03-25 02:53:23,589 - DEBUG - Score state 108 completed in 0.0606 seconds with 5 iterations.
2024-03-25 02:53:23,651 - DEBUG - Score state 109 completed in 0.0614 seconds with 5 iterations.
2024-03-25 02:53:23,724 - DEBUG - Score state 110 completed in 0.0725 seconds with 6 iterations.
2024-03-25 02:53:23,787 - DEBUG - Score state 111 completed in 0.0625 seconds with 5 iterations.
2024-03-25 02:53:23,849 - DEBUG - Score state 112 completed in 0.0612 seconds with 5 iterations.
2024-03-25 02:53:23,912 - DEBUG - Score state 113 completed in 0.0634 seconds with 5 iterations.
2024-03-25 02:53:23,974 - DEBUG - Score state 114 completed in 0.0616 seconds with 5 iterations.
2024-03-25 02:53:24,039 - DEBUG - Score state 115 completed in 0.0637 seconds with 5 iterations.
2024-03-25 02:53:24,102 - DEBUG - Score state 116 completed in 0.0634 seconds with 5 iterations.
2024-03-25 02:53:24,167 - DEBUG - Score state 117 completed in 0.0642 seconds with 5 iterations.
2024-03-25 02:53:24,233 - DEBUG - Score state 118 completed in 0.0658 seconds with 5 iterations.
2024-03-25 02:53:24,309 - DEBUG - Score state 119 completed in 0.0755 seconds with 6 iterations.
2024-03-25 02:53:24,375 - DEBUG - Score state 120 completed in 0.0649 seconds with 5 iterations.
2024-03-25 02:53:24,453 - DEBUG - Score state 121 completed in 0.0780 seconds with 6 iterations.
2024-03-25 02:53:24,531 - DEBUG - Score state 122 completed in 0.0773 seconds with 6 iterations.
2024-03-25 02:53:24,611 - DEBUG - Score state 123 completed in 0.0795 seconds with 6 iterations.
2024-03-25 02:53:24,689 - DEBUG - Score state 124 completed in 0.0775 seconds with 6 iterations.
2024-03-25 02:53:24,767 - DEBUG - Score state 125 completed in 0.0775 seconds with 6 iterations.
2024-03-25 02:53:24,839 - DEBUG - Score state 126 completed in 0.0716 seconds with 5 iterations.
2024-03-25 02:53:24,911 - DEBUG - Score state 127 completed in 0.0717 seconds with 5 iterations.
2024-03-25 02:53:24,988 - DEBUG - Score state 128 completed in 0.0768 seconds with 6 iterations.
2024-03-25 02:53:25,068 - DEBUG - Score state 129 completed in 0.0795 seconds with 6 iterations.
2024-03-25 02:53:25,164 - DEBUG - Score state 130 completed in 0.0950 seconds with 6 iterations.
2024-03-25 02:53:25,250 - DEBUG - Score state 131 completed in 0.0858 seconds with 6 iterations.
2024-03-25 02:53:25,327 - DEBUG - Score state 132 completed in 0.0766 seconds with 6 iterations.
2024-03-25 02:53:25,409 - DEBUG - Score state 133 completed in 0.0813 seconds with 6 iterations.
2024-03-25 02:53:25,504 - DEBUG - Score state 134 completed in 0.0951 seconds with 7 iterations.
2024-03-25 02:53:25,582 - DEBUG - Score state 135 completed in 0.0777 seconds with 6 iterations.
2024-03-25 02:53:25,661 - DEBUG - Score state 136 completed in 0.0783 seconds with 6 iterations.
2024-03-25 02:53:25,741 - DEBUG - Score state 137 completed in 0.0791 seconds with 6 iterations.
2024-03-25 02:53:25,835 - DEBUG - Score state 138 completed in 0.0934 seconds with 7 iterations.
2024-03-25 02:53:25,925 - DEBUG - Score state 139 completed in 0.0902 seconds with 7 iterations.
2024-03-25 02:53:26,014 - DEBUG - Score state 140 completed in 0.0882 seconds with 7 iterations.
2024-03-25 02:53:26,090 - DEBUG - Score state 141 completed in 0.0759 seconds with 6 iterations.
2024-03-25 02:53:26,158 - DEBUG - Score state 142 completed in 0.0675 seconds with 5 iterations.
2024-03-25 02:53:26,215 - DEBUG - Score state 143 completed in 0.0561 seconds with 4 iterations.
2024-03-25 02:53:26,271 - DEBUG - Score state 144 completed in 0.0554 seconds with 4 iterations.
2024-03-25 02:53:26,336 - DEBUG - Score state 145 completed in 0.0651 seconds with 5 iterations.
2024-03-25 02:53:26,404 - DEBUG - Score state 146 completed in 0.0670 seconds with 5 iterations.
2024-03-25 02:53:26,459 - DEBUG - Score state 147 completed in 0.0553 seconds with 4 iterations.
2024-03-25 02:53:26,516 - DEBUG - Score state 148 completed in 0.0560 seconds with 4 iterations.
2024-03-25 02:53:26,570 - DEBUG - Score state 149 completed in 0.0538 seconds with 4 iterations.
2024-03-25 02:53:26,626 - DEBUG - Score state 150 completed in 0.0549 seconds with 4 iterations.
2024-03-25 02:53:26,681 - DEBUG - Score state 151 completed in 0.0547 seconds with 4 iterations.
2024-03-25 02:53:26,736 - DEBUG - Score state 152 completed in 0.0551 seconds with 4 iterations.
2024-03-25 02:53:26,792 - DEBUG - Score state 153 completed in 0.0551 seconds with 4 iterations.
2024-03-25 02:53:26,847 - DEBUG - Score state 154 completed in 0.0549 seconds with 4 iterations.
2024-03-25 02:53:26,904 - DEBUG - Score state 155 completed in 0.0561 seconds with 4 iterations.
2024-03-25 02:53:26,960 - DEBUG - Score state 156 completed in 0.0551 seconds with 4 iterations.
2024-03-25 02:53:27,015 - DEBUG - Score state 157 completed in 0.0549 seconds with 4 iterations.
2024-03-25 02:53:27,069 - DEBUG - Score state 158 completed in 0.0541 seconds with 4 iterations.
2024-03-25 02:53:27,152 - DEBUG - Score state 159 completed in 0.0800 seconds with 6 iterations.
2024-03-25 02:53:27,208 - DEBUG - Score state 160 completed in 0.0557 seconds with 4 iterations.
2024-03-25 02:53:27,274 - DEBUG - Score state 161 completed in 0.0649 seconds with 5 iterations.
2024-03-25 02:53:27,351 - DEBUG - Score state 162 completed in 0.0773 seconds with 6 iterations.
2024-03-25 02:53:27,417 - DEBUG - Score state 163 completed in 0.0651 seconds with 5 iterations.
2024-03-25 02:53:27,484 - DEBUG - Score state 164 completed in 0.0670 seconds with 5 iterations.
2024-03-25 02:53:27,551 - DEBUG - Score state 165 completed in 0.0661 seconds with 5 iterations.
2024-03-25 02:53:27,617 - DEBUG - Score state 166 completed in 0.0656 seconds with 5 iterations.
2024-03-25 02:53:27,673 - DEBUG - Score state 167 completed in 0.0556 seconds with 4 iterations.
2024-03-25 02:53:27,738 - DEBUG - Score state 168 completed in 0.0647 seconds with 5 iterations.
2024-03-25 02:53:27,807 - DEBUG - Score state 169 completed in 0.0677 seconds with 5 iterations.
2024-03-25 02:53:27,861 - DEBUG - Score state 170 completed in 0.0538 seconds with 4 iterations.
2024-03-25 02:53:27,928 - DEBUG - Score state 171 completed in 0.0668 seconds with 5 iterations.
2024-03-25 02:53:27,994 - DEBUG - Score state 172 completed in 0.0650 seconds with 5 iterations.
2024-03-25 02:53:28,060 - DEBUG - Score state 173 completed in 0.0660 seconds with 5 iterations.
2024-03-25 02:53:28,126 - DEBUG - Score state 174 completed in 0.0660 seconds with 5 iterations.
2024-03-25 02:53:28,193 - DEBUG - Score state 175 completed in 0.0657 seconds with 5 iterations.
2024-03-25 02:53:28,259 - DEBUG - Score state 176 completed in 0.0663 seconds with 5 iterations.
2024-03-25 02:53:28,326 - DEBUG - Score state 177 completed in 0.0658 seconds with 5 iterations.
2024-03-25 02:53:28,392 - DEBUG - Score state 178 completed in 0.0660 seconds with 5 iterations.
2024-03-25 02:53:28,459 - DEBUG - Score state 179 completed in 0.0663 seconds with 5 iterations.
2024-03-25 02:53:28,526 - DEBUG - Score state 180 completed in 0.0661 seconds with 5 iterations.
2024-03-25 02:53:28,592 - DEBUG - Score state 181 completed in 0.0656 seconds with 5 iterations.
2024-03-25 02:53:28,654 - DEBUG - Score state 182 completed in 0.0616 seconds with 4 iterations.
2024-03-25 02:53:28,723 - DEBUG - Score state 183 completed in 0.0686 seconds with 4 iterations.
2024-03-25 02:53:28,780 - DEBUG - Score state 184 completed in 0.0573 seconds with 4 iterations.
2024-03-25 02:53:28,835 - DEBUG - Score state 185 completed in 0.0538 seconds with 4 iterations.
2024-03-25 02:53:28,898 - DEBUG - Score state 186 completed in 0.0630 seconds with 4 iterations.
2024-03-25 02:53:28,953 - DEBUG - Score state 187 completed in 0.0541 seconds with 4 iterations.
2024-03-25 02:53:29,009 - DEBUG - Score state 188 completed in 0.0554 seconds with 4 iterations.
2024-03-25 02:53:29,063 - DEBUG - Score state 189 completed in 0.0537 seconds with 4 iterations.
2024-03-25 02:53:29,123 - DEBUG - Score state 190 completed in 0.0593 seconds with 4 iterations.
2024-03-25 02:53:29,178 - DEBUG - Score state 191 completed in 0.0549 seconds with 4 iterations.
2024-03-25 02:53:29,244 - DEBUG - Score state 192 completed in 0.0659 seconds with 4 iterations.
2024-03-25 02:53:29,298 - DEBUG - Score state 193 completed in 0.0537 seconds with 4 iterations.
2024-03-25 02:53:29,353 - DEBUG - Score state 194 completed in 0.0544 seconds with 4 iterations.
2024-03-25 02:53:29,408 - DEBUG - Score state 195 completed in 0.0539 seconds with 4 iterations.
2024-03-25 02:53:29,464 - DEBUG - Score state 196 completed in 0.0556 seconds with 4 iterations.
2024-03-25 02:53:29,519 - DEBUG - Score state 197 completed in 0.0546 seconds with 4 iterations.
2024-03-25 02:53:29,574 - DEBUG - Score state 198 completed in 0.0549 seconds with 4 iterations.
2024-03-25 02:53:29,630 - DEBUG - Score state 199 completed in 0.0551 seconds with 4 iterations.
2024-03-25 02:53:29,685 - DEBUG - Score state 200 completed in 0.0551 seconds with 4 iterations.
2024-03-25 02:53:29,741 - DEBUG - Score state 201 completed in 0.0553 seconds with 4 iterations.
2024-03-25 02:53:29,797 - DEBUG - Score state 202 completed in 0.0557 seconds with 4 iterations.
2024-03-25 02:53:29,852 - DEBUG - Score state 203 completed in 0.0545 seconds with 4 iterations.
2024-03-25 02:53:29,908 - DEBUG - Score state 204 completed in 0.0551 seconds with 4 iterations.
2024-03-25 02:53:29,964 - DEBUG - Score state 205 completed in 0.0553 seconds with 4 iterations.
2024-03-25 02:53:30,020 - DEBUG - Score state 206 completed in 0.0561 seconds with 4 iterations.
2024-03-25 02:53:30,075 - DEBUG - Score state 207 completed in 0.0542 seconds with 4 iterations.
2024-03-25 02:53:30,131 - DEBUG - Score state 208 completed in 0.0554 seconds with 4 iterations.
2024-03-25 02:53:30,192 - DEBUG - Score state 209 completed in 0.0604 seconds with 4 iterations.
2024-03-25 02:53:30,249 - DEBUG - Score state 210 completed in 0.0562 seconds with 4 iterations.
2024-03-25 02:53:30,308 - DEBUG - Score state 211 completed in 0.0591 seconds with 4 iterations.
2024-03-25 02:53:30,365 - DEBUG - Score state 212 completed in 0.0565 seconds with 4 iterations.
2024-03-25 02:53:30,422 - DEBUG - Score state 213 completed in 0.0561 seconds with 4 iterations.
2024-03-25 02:53:30,477 - DEBUG - Score state 214 completed in 0.0547 seconds with 4 iterations.
2024-03-25 02:53:30,532 - DEBUG - Score state 215 completed in 0.0549 seconds with 4 iterations.
2024-03-25 02:53:30,587 - DEBUG - Score state 216 completed in 0.0546 seconds with 4 iterations.
2024-03-25 02:53:30,642 - DEBUG - Score state 217 completed in 0.0545 seconds with 4 iterations.
2024-03-25 02:53:30,697 - DEBUG - Score state 218 completed in 0.0546 seconds with 4 iterations.
2024-03-25 02:53:30,753 - DEBUG - Score state 219 completed in 0.0553 seconds with 4 iterations.
2024-03-25 02:53:30,808 - DEBUG - Score state 220 completed in 0.0544 seconds with 4 iterations.
2024-03-25 02:53:30,863 - DEBUG - Score state 221 completed in 0.0549 seconds with 4 iterations.
2024-03-25 02:53:30,919 - DEBUG - Score state 222 completed in 0.0550 seconds with 4 iterations.
2024-03-25 02:53:30,974 - DEBUG - Score state 223 completed in 0.0547 seconds with 4 iterations.
2024-03-25 02:53:31,029 - DEBUG - Score state 224 completed in 0.0543 seconds with 4 iterations.
2024-03-25 02:53:31,083 - DEBUG - Score state 225 completed in 0.0540 seconds with 4 iterations.
2024-03-25 02:53:31,139 - DEBUG - Score state 226 completed in 0.0549 seconds with 4 iterations.
2024-03-25 02:53:31,193 - DEBUG - Score state 227 completed in 0.0542 seconds with 4 iterations.
2024-03-25 02:53:31,249 - DEBUG - Score state 228 completed in 0.0554 seconds with 4 iterations.
2024-03-25 02:53:31,304 - DEBUG - Score state 229 completed in 0.0543 seconds with 4 iterations.
2024-03-25 02:53:31,359 - DEBUG - Score state 230 completed in 0.0547 seconds with 4 iterations.
2024-03-25 02:53:31,414 - DEBUG - Score state 231 completed in 0.0543 seconds with 4 iterations.
2024-03-25 02:53:31,470 - DEBUG - Score state 232 completed in 0.0550 seconds with 4 iterations.
2024-03-25 02:53:31,525 - DEBUG - Score state 233 completed in 0.0551 seconds with 4 iterations.
2024-03-25 02:53:31,582 - DEBUG - Score state 234 completed in 0.0562 seconds with 4 iterations.
2024-03-25 02:53:31,638 - DEBUG - Score state 235 completed in 0.0553 seconds with 4 iterations.
2024-03-25 02:53:31,694 - DEBUG - Score state 236 completed in 0.0557 seconds with 4 iterations.
2024-03-25 02:53:31,749 - DEBUG - Score state 237 completed in 0.0549 seconds with 4 iterations.
2024-03-25 02:53:31,804 - DEBUG - Score state 238 completed in 0.0548 seconds with 4 iterations.
2024-03-25 02:53:31,860 - DEBUG - Score state 239 completed in 0.0550 seconds with 4 iterations.
2024-03-25 02:53:31,915 - DEBUG - Score state 240 completed in 0.0546 seconds with 4 iterations.
2024-03-25 02:53:31,970 - DEBUG - Score state 241 completed in 0.0547 seconds with 4 iterations.
2024-03-25 02:53:32,025 - DEBUG - Score state 242 completed in 0.0545 seconds with 4 iterations.
2024-03-25 02:53:32,080 - DEBUG - Score state 243 completed in 0.0541 seconds with 4 iterations.
2024-03-25 02:53:32,138 - DEBUG - Score state 244 completed in 0.0559 seconds with 4 iterations.
2024-03-25 02:53:32,193 - DEBUG - Score state 245 completed in 0.0544 seconds with 4 iterations.
2024-03-25 02:53:32,252 - DEBUG - Score state 246 completed in 0.0584 seconds with 4 iterations.
2024-03-25 02:53:32,307 - DEBUG - Score state 247 completed in 0.0546 seconds with 4 iterations.
2024-03-25 02:53:32,365 - DEBUG - Score state 248 completed in 0.0575 seconds with 4 iterations.
2024-03-25 02:53:32,420 - DEBUG - Score state 249 completed in 0.0544 seconds with 4 iterations.
2024-03-25 02:53:32,488 - DEBUG - Score state 250 completed in 0.0676 seconds with 4 iterations.
2024-03-25 02:53:32,547 - DEBUG - Score state 251 completed in 0.0586 seconds with 4 iterations.
2024-03-25 02:53:32,609 - DEBUG - Score state 252 completed in 0.0612 seconds with 4 iterations.
2024-03-25 02:53:32,664 - DEBUG - Score state 253 completed in 0.0546 seconds with 4 iterations.
2024-03-25 02:53:32,720 - DEBUG - Score state 254 completed in 0.0551 seconds with 4 iterations.
2024-03-25 02:53:32,775 - DEBUG - Score state 255 completed in 0.0552 seconds with 4 iterations.
2024-03-25 02:53:32,831 - DEBUG - Score state 256 completed in 0.0555 seconds with 4 iterations.
2024-03-25 02:53:32,887 - DEBUG - Score state 257 completed in 0.0547 seconds with 4 iterations.
2024-03-25 02:53:32,942 - DEBUG - Score state 258 completed in 0.0553 seconds with 4 iterations.
2024-03-25 02:53:33,002 - DEBUG - Score state 259 completed in 0.0588 seconds with 4 iterations.
2024-03-25 02:53:33,058 - DEBUG - Score state 260 completed in 0.0555 seconds with 4 iterations.
2024-03-25 02:53:33,123 - DEBUG - Score state 261 completed in 0.0644 seconds with 4 iterations.
2024-03-25 02:53:33,178 - DEBUG - Score state 262 completed in 0.0546 seconds with 4 iterations.
2024-03-25 02:53:33,235 - DEBUG - Score state 263 completed in 0.0566 seconds with 4 iterations.
2024-03-25 02:53:33,289 - DEBUG - Score state 264 completed in 0.0535 seconds with 4 iterations.
2024-03-25 02:53:33,343 - DEBUG - Score state 265 completed in 0.0541 seconds with 4 iterations.
2024-03-25 02:53:33,400 - DEBUG - Score state 266 completed in 0.0558 seconds with 4 iterations.
2024-03-25 02:53:33,456 - DEBUG - Score state 267 completed in 0.0561 seconds with 4 iterations.
2024-03-25 02:53:33,522 - DEBUG - Score state 268 completed in 0.0659 seconds with 5 iterations.
2024-03-25 02:53:33,577 - DEBUG - Score state 269 completed in 0.0540 seconds with 4 iterations.
2024-03-25 02:53:33,632 - DEBUG - Score state 270 completed in 0.0547 seconds with 4 iterations.
2024-03-25 02:53:33,698 - DEBUG - Score state 271 completed in 0.0660 seconds with 5 iterations.
2024-03-25 02:53:33,766 - DEBUG - Score state 272 completed in 0.0667 seconds with 5 iterations.
2024-03-25 02:53:33,833 - DEBUG - Score state 273 completed in 0.0670 seconds with 5 iterations.
2024-03-25 02:53:33,898 - DEBUG - Score state 274 completed in 0.0643 seconds with 5 iterations.
2024-03-25 02:53:33,965 - DEBUG - Score state 275 completed in 0.0663 seconds with 5 iterations.
2024-03-25 02:53:34,030 - DEBUG - Score state 276 completed in 0.0653 seconds with 5 iterations.
2024-03-25 02:53:34,096 - DEBUG - Score state 277 completed in 0.0646 seconds with 5 iterations.
2024-03-25 02:53:34,161 - DEBUG - Score state 278 completed in 0.0647 seconds with 5 iterations.
2024-03-25 02:53:34,228 - DEBUG - Score state 279 completed in 0.0667 seconds with 5 iterations.
2024-03-25 02:53:34,294 - DEBUG - Score state 280 completed in 0.0657 seconds with 5 iterations.
2024-03-25 02:53:34,360 - DEBUG - Score state 281 completed in 0.0651 seconds with 5 iterations.
2024-03-25 02:53:34,426 - DEBUG - Score state 282 completed in 0.0654 seconds with 5 iterations.
2024-03-25 02:53:34,492 - DEBUG - Score state 283 completed in 0.0656 seconds with 5 iterations.
2024-03-25 02:53:34,559 - DEBUG - Score state 284 completed in 0.0664 seconds with 5 iterations.
2024-03-25 02:53:34,624 - DEBUG - Score state 285 completed in 0.0650 seconds with 5 iterations.
2024-03-25 02:53:34,689 - DEBUG - Score state 286 completed in 0.0650 seconds with 5 iterations.
2024-03-25 02:53:34,755 - DEBUG - Score state 287 completed in 0.0654 seconds with 5 iterations.
2024-03-25 02:53:34,822 - DEBUG - Score state 288 completed in 0.0659 seconds with 5 iterations.
2024-03-25 02:53:34,889 - DEBUG - Score state 289 completed in 0.0671 seconds with 5 iterations.
2024-03-25 02:53:34,957 - DEBUG - Score state 290 completed in 0.0671 seconds with 5 iterations.
2024-03-25 02:53:35,022 - DEBUG - Score state 291 completed in 0.0651 seconds with 5 iterations.
2024-03-25 02:53:35,089 - DEBUG - Score state 292 completed in 0.0660 seconds with 5 iterations.
2024-03-25 02:53:35,155 - DEBUG - Score state 293 completed in 0.0658 seconds with 5 iterations.
2024-03-25 02:53:35,222 - DEBUG - Score state 294 completed in 0.0668 seconds with 5 iterations.
2024-03-25 02:53:35,288 - DEBUG - Score state 295 completed in 0.0654 seconds with 5 iterations.
2024-03-25 02:53:35,355 - DEBUG - Score state 296 completed in 0.0667 seconds with 5 iterations.
2024-03-25 02:53:35,421 - DEBUG - Score state 297 completed in 0.0650 seconds with 5 iterations.
2024-03-25 02:53:35,487 - DEBUG - Score state 298 completed in 0.0658 seconds with 5 iterations.
2024-03-25 02:53:35,553 - DEBUG - Score state 299 completed in 0.0649 seconds with 5 iterations.
2024-03-25 02:53:35,619 - DEBUG - Score state 300 completed in 0.0657 seconds with 5 iterations.
2024-03-25 02:53:35,684 - DEBUG - Score state 301 completed in 0.0652 seconds with 5 iterations.
2024-03-25 02:53:35,752 - DEBUG - Score state 302 completed in 0.0667 seconds with 5 iterations.
2024-03-25 02:53:35,818 - DEBUG - Score state 303 completed in 0.0657 seconds with 5 iterations.
2024-03-25 02:53:35,885 - DEBUG - Score state 304 completed in 0.0668 seconds with 5 iterations.
2024-03-25 02:53:35,952 - DEBUG - Score state 305 completed in 0.0660 seconds with 5 iterations.
2024-03-25 02:53:36,017 - DEBUG - Score state 306 completed in 0.0651 seconds with 5 iterations.
2024-03-25 02:53:36,083 - DEBUG - Score state 307 completed in 0.0653 seconds with 5 iterations.
2024-03-25 02:53:36,149 - DEBUG - Score state 308 completed in 0.0662 seconds with 5 iterations.
2024-03-25 02:53:36,221 - DEBUG - Score state 309 completed in 0.0714 seconds with 5 iterations.
2024-03-25 02:53:36,291 - DEBUG - Score state 310 completed in 0.0691 seconds with 5 iterations.
2024-03-25 02:53:36,358 - DEBUG - Score state 311 completed in 0.0668 seconds with 5 iterations.
2024-03-25 02:53:36,424 - DEBUG - Score state 312 completed in 0.0658 seconds with 5 iterations.
2024-03-25 02:53:36,491 - DEBUG - Score state 313 completed in 0.0662 seconds with 5 iterations.
2024-03-25 02:53:36,562 - DEBUG - Score state 314 completed in 0.0706 seconds with 5 iterations.
2024-03-25 02:53:36,641 - DEBUG - Score state 315 completed in 0.0786 seconds with 5 iterations.
2024-03-25 02:53:36,710 - DEBUG - Score state 316 completed in 0.0686 seconds with 5 iterations.
2024-03-25 02:53:36,779 - DEBUG - Score state 317 completed in 0.0686 seconds with 5 iterations.
2024-03-25 02:53:36,847 - DEBUG - Score state 318 completed in 0.0669 seconds with 5 iterations.
2024-03-25 02:53:36,912 - DEBUG - Score state 319 completed in 0.0651 seconds with 5 iterations.
2024-03-25 02:53:36,979 - DEBUG - Score state 320 completed in 0.0660 seconds with 5 iterations.
2024-03-25 02:53:37,045 - DEBUG - Score state 321 completed in 0.0654 seconds with 5 iterations.
2024-03-25 02:53:37,111 - DEBUG - Score state 322 completed in 0.0656 seconds with 5 iterations.
2024-03-25 02:53:37,180 - DEBUG - Score state 323 completed in 0.0668 seconds with 5 iterations.
2024-03-25 02:53:37,248 - DEBUG - Score state 324 completed in 0.0675 seconds with 5 iterations.
2024-03-25 02:53:37,313 - DEBUG - Score state 325 completed in 0.0646 seconds with 5 iterations.
2024-03-25 02:53:37,379 - DEBUG - Score state 326 completed in 0.0654 seconds with 5 iterations.
2024-03-25 02:53:37,446 - DEBUG - Score state 327 completed in 0.0668 seconds with 5 iterations.
2024-03-25 02:53:37,510 - DEBUG - Score state 328 completed in 0.0642 seconds with 5 iterations.
2024-03-25 02:53:37,576 - DEBUG - Score state 329 completed in 0.0656 seconds with 5 iterations.
2024-03-25 02:53:37,643 - DEBUG - Score state 330 completed in 0.0666 seconds with 5 iterations.
2024-03-25 02:53:37,709 - DEBUG - Score state 331 completed in 0.0655 seconds with 5 iterations.
2024-03-25 02:53:37,776 - DEBUG - Score state 332 completed in 0.0664 seconds with 5 iterations.
2024-03-25 02:53:37,842 - DEBUG - Score state 333 completed in 0.0658 seconds with 5 iterations.
2024-03-25 02:53:37,909 - DEBUG - Score state 334 completed in 0.0662 seconds with 5 iterations.
2024-03-25 02:53:37,975 - DEBUG - Score state 335 completed in 0.0657 seconds with 5 iterations.
2024-03-25 02:53:38,042 - DEBUG - Score state 336 completed in 0.0665 seconds with 5 iterations.
2024-03-25 02:53:38,110 - DEBUG - Score state 337 completed in 0.0669 seconds with 5 iterations.
2024-03-25 02:53:38,177 - DEBUG - Score state 338 completed in 0.0673 seconds with 5 iterations.
2024-03-25 02:53:38,245 - DEBUG - Score state 339 completed in 0.0666 seconds with 5 iterations.
2024-03-25 02:53:38,312 - DEBUG - Score state 340 completed in 0.0665 seconds with 5 iterations.
2024-03-25 02:53:38,378 - DEBUG - Score state 341 completed in 0.0659 seconds with 5 iterations.
2024-03-25 02:53:38,445 - DEBUG - Score state 342 completed in 0.0670 seconds with 5 iterations.
2024-03-25 02:53:38,510 - DEBUG - Score state 343 completed in 0.0640 seconds with 5 iterations.
2024-03-25 02:53:38,577 - DEBUG - Score state 344 completed in 0.0661 seconds with 5 iterations.
2024-03-25 02:53:38,655 - DEBUG - Score state 345 completed in 0.0783 seconds with 5 iterations.
2024-03-25 02:53:38,721 - DEBUG - Score state 346 completed in 0.0652 seconds with 5 iterations.
2024-03-25 02:53:38,789 - DEBUG - Score state 347 completed in 0.0676 seconds with 5 iterations.
2024-03-25 02:53:38,856 - DEBUG - Score state 348 completed in 0.0662 seconds with 5 iterations.
2024-03-25 02:53:38,922 - DEBUG - Score state 349 completed in 0.0660 seconds with 5 iterations.
2024-03-25 02:53:38,988 - DEBUG - Score state 350 completed in 0.0658 seconds with 5 iterations.
2024-03-25 02:53:39,054 - DEBUG - Score state 351 completed in 0.0649 seconds with 5 iterations.
2024-03-25 02:53:39,121 - DEBUG - Score state 352 completed in 0.0664 seconds with 5 iterations.
2024-03-25 02:53:39,187 - DEBUG - Score state 353 completed in 0.0655 seconds with 5 iterations.
2024-03-25 02:53:39,254 - DEBUG - Score state 354 completed in 0.0670 seconds with 5 iterations.
2024-03-25 02:53:39,320 - DEBUG - Score state 355 completed in 0.0656 seconds with 5 iterations.
2024-03-25 02:53:39,386 - DEBUG - Score state 356 completed in 0.0657 seconds with 5 iterations.
2024-03-25 02:53:39,454 - DEBUG - Score state 357 completed in 0.0673 seconds with 5 iterations.
2024-03-25 02:53:39,519 - DEBUG - Score state 358 completed in 0.0644 seconds with 5 iterations.
2024-03-25 02:53:39,585 - DEBUG - Score state 359 completed in 0.0653 seconds with 5 iterations.
2024-03-25 02:53:39,651 - DEBUG - Score state 360 completed in 0.0660 seconds with 5 iterations.
2024-03-25 02:53:39,719 - DEBUG - Score state 361 completed in 0.0674 seconds with 5 iterations.
2024-03-25 02:53:39,803 - DEBUG - Score state 362 completed in 0.0835 seconds with 5 iterations.
2024-03-25 02:53:39,869 - DEBUG - Score state 363 completed in 0.0660 seconds with 5 iterations.
2024-03-25 02:53:39,937 - DEBUG - Score state 364 completed in 0.0668 seconds with 5 iterations.
2024-03-25 02:53:40,009 - DEBUG - Score state 365 completed in 0.0720 seconds with 5 iterations.
2024-03-25 02:53:40,075 - DEBUG - Score state 366 completed in 0.0654 seconds with 5 iterations.
2024-03-25 02:53:40,142 - DEBUG - Score state 367 completed in 0.0661 seconds with 5 iterations.
2024-03-25 02:53:40,208 - DEBUG - Score state 368 completed in 0.0661 seconds with 5 iterations.
2024-03-25 02:53:40,279 - DEBUG - Score state 369 completed in 0.0707 seconds with 5 iterations.
2024-03-25 02:53:40,345 - DEBUG - Score state 370 completed in 0.0655 seconds with 5 iterations.
2024-03-25 02:53:40,421 - DEBUG - Score state 371 completed in 0.0750 seconds with 5 iterations.
2024-03-25 02:53:40,487 - DEBUG - Score state 372 completed in 0.0660 seconds with 5 iterations.
2024-03-25 02:53:40,555 - DEBUG - Score state 373 completed in 0.0670 seconds with 5 iterations.
2024-03-25 02:53:40,621 - DEBUG - Score state 374 completed in 0.0659 seconds with 5 iterations.
2024-03-25 02:53:40,687 - DEBUG - Score state 375 completed in 0.0651 seconds with 5 iterations.
2024-03-25 02:53:40,752 - DEBUG - Score state 376 completed in 0.0646 seconds with 5 iterations.
2024-03-25 02:53:40,818 - DEBUG - Score state 377 completed in 0.0661 seconds with 5 iterations.
2024-03-25 02:53:40,884 - DEBUG - Score state 378 completed in 0.0652 seconds with 5 iterations.
2024-03-25 02:53:40,951 - DEBUG - Score state 379 completed in 0.0668 seconds with 5 iterations.
2024-03-25 02:53:41,017 - DEBUG - Score state 380 completed in 0.0655 seconds with 5 iterations.
2024-03-25 02:53:41,083 - DEBUG - Score state 381 completed in 0.0656 seconds with 5 iterations.
2024-03-25 02:53:41,150 - DEBUG - Score state 382 completed in 0.0664 seconds with 5 iterations.
2024-03-25 02:53:41,218 - DEBUG - Score state 383 completed in 0.0671 seconds with 5 iterations.
2024-03-25 02:53:41,285 - DEBUG - Score state 384 completed in 0.0670 seconds with 5 iterations.
2024-03-25 02:53:41,352 - DEBUG - Score state 385 completed in 0.0662 seconds with 5 iterations.
2024-03-25 02:53:41,420 - DEBUG - Score state 386 completed in 0.0672 seconds with 5 iterations.
2024-03-25 02:53:41,486 - DEBUG - Score state 387 completed in 0.0661 seconds with 5 iterations.
2024-03-25 02:53:41,553 - DEBUG - Score state 388 completed in 0.0659 seconds with 5 iterations.
2024-03-25 02:53:41,618 - DEBUG - Score state 389 completed in 0.0651 seconds with 5 iterations.
2024-03-25 02:53:41,684 - DEBUG - Score state 390 completed in 0.0658 seconds with 5 iterations.
2024-03-25 02:53:41,750 - DEBUG - Score state 391 completed in 0.0655 seconds with 5 iterations.
2024-03-25 02:53:41,818 - DEBUG - Score state 392 completed in 0.0669 seconds with 5 iterations.
2024-03-25 02:53:41,884 - DEBUG - Score state 393 completed in 0.0658 seconds with 5 iterations.
2024-03-25 02:53:41,952 - DEBUG - Score state 394 completed in 0.0675 seconds with 5 iterations.
2024-03-25 02:53:42,018 - DEBUG - Score state 395 completed in 0.0655 seconds with 5 iterations.
2024-03-25 02:53:42,085 - DEBUG - Score state 396 completed in 0.0664 seconds with 5 iterations.
2024-03-25 02:53:42,151 - DEBUG - Score state 397 completed in 0.0655 seconds with 5 iterations.
2024-03-25 02:53:42,224 - DEBUG - Score state 398 completed in 0.0703 seconds with 5 iterations.
2024-03-25 02:53:42,295 - DEBUG - Score state 399 completed in 0.0704 seconds with 5 iterations.
2024-03-25 02:53:42,366 - DEBUG - Score state 400 completed in 0.0702 seconds with 5 iterations.
2024-03-25 02:53:42,433 - DEBUG - Score state 401 completed in 0.0670 seconds with 5 iterations.
2024-03-25 02:53:42,499 - DEBUG - Score state 402 completed in 0.0651 seconds with 5 iterations.
2024-03-25 02:53:42,566 - DEBUG - Score state 403 completed in 0.0666 seconds with 5 iterations.
2024-03-25 02:53:42,633 - DEBUG - Score state 404 completed in 0.0663 seconds with 5 iterations.
2024-03-25 02:53:42,699 - DEBUG - Score state 405 completed in 0.0657 seconds with 5 iterations.
2024-03-25 02:53:42,765 - DEBUG - Score state 406 completed in 0.0655 seconds with 5 iterations.
2024-03-25 02:53:42,831 - DEBUG - Score state 407 completed in 0.0657 seconds with 5 iterations.
2024-03-25 02:53:42,897 - DEBUG - Score state 408 completed in 0.0653 seconds with 5 iterations.
2024-03-25 02:53:42,964 - DEBUG - Score state 409 completed in 0.0663 seconds with 5 iterations.
2024-03-25 02:53:43,030 - DEBUG - Score state 410 completed in 0.0657 seconds with 5 iterations.
2024-03-25 02:53:43,097 - DEBUG - Score state 411 completed in 0.0669 seconds with 5 iterations.
2024-03-25 02:53:43,164 - DEBUG - Score state 412 completed in 0.0656 seconds with 5 iterations.
2024-03-25 02:53:43,231 - DEBUG - Score state 413 completed in 0.0667 seconds with 5 iterations.
2024-03-25 02:53:43,296 - DEBUG - Score state 414 completed in 0.0652 seconds with 5 iterations.
2024-03-25 02:53:43,363 - DEBUG - Score state 415 completed in 0.0665 seconds with 5 iterations.
2024-03-25 02:53:43,430 - DEBUG - Score state 416 completed in 0.0666 seconds with 5 iterations.
2024-03-25 02:53:43,499 - DEBUG - Score state 417 completed in 0.0684 seconds with 5 iterations.
2024-03-25 02:53:43,582 - DEBUG - Score state 418 completed in 0.0823 seconds with 5 iterations.
2024-03-25 02:53:43,650 - DEBUG - Score state 419 completed in 0.0673 seconds with 5 iterations.
2024-03-25 02:53:43,723 - DEBUG - Score state 420 completed in 0.0723 seconds with 5 iterations.
2024-03-25 02:53:43,790 - DEBUG - Score state 421 completed in 0.0664 seconds with 5 iterations.
2024-03-25 02:53:43,856 - DEBUG - Score state 422 completed in 0.0656 seconds with 5 iterations.
2024-03-25 02:53:43,926 - DEBUG - Score state 423 completed in 0.0702 seconds with 5 iterations.
2024-03-25 02:53:44,003 - DEBUG - Score state 424 completed in 0.0764 seconds with 5 iterations.
2024-03-25 02:53:44,070 - DEBUG - Score state 425 completed in 0.0664 seconds with 5 iterations.
2024-03-25 02:53:44,136 - DEBUG - Score state 426 completed in 0.0653 seconds with 5 iterations.
2024-03-25 02:53:44,202 - DEBUG - Score state 427 completed in 0.0657 seconds with 5 iterations.
2024-03-25 02:53:44,269 - DEBUG - Score state 428 completed in 0.0664 seconds with 5 iterations.
2024-03-25 02:53:44,335 - DEBUG - Score state 429 completed in 0.0663 seconds with 5 iterations.
2024-03-25 02:53:44,401 - DEBUG - Score state 430 completed in 0.0654 seconds with 5 iterations.
2024-03-25 02:53:44,468 - DEBUG - Score state 431 completed in 0.0666 seconds with 5 iterations.
2024-03-25 02:53:44,533 - DEBUG - Score state 432 completed in 0.0647 seconds with 5 iterations.
2024-03-25 02:53:44,599 - DEBUG - Score state 433 completed in 0.0663 seconds with 5 iterations.
2024-03-25 02:53:44,666 - DEBUG - Score state 434 completed in 0.0660 seconds with 5 iterations.
2024-03-25 02:53:44,731 - DEBUG - Score state 435 completed in 0.0649 seconds with 5 iterations.
2024-03-25 02:53:44,797 - DEBUG - Score state 436 completed in 0.0660 seconds with 5 iterations.
2024-03-25 02:53:44,864 - DEBUG - Score state 437 completed in 0.0666 seconds with 5 iterations.
2024-03-25 02:53:44,931 - DEBUG - Score state 438 completed in 0.0659 seconds with 5 iterations.
2024-03-25 02:53:44,997 - DEBUG - Score state 439 completed in 0.0652 seconds with 5 iterations.
2024-03-25 02:53:45,063 - DEBUG - Score state 440 completed in 0.0657 seconds with 5 iterations.
2024-03-25 02:53:45,128 - DEBUG - Score state 441 completed in 0.0648 seconds with 5 iterations.
2024-03-25 02:53:45,194 - DEBUG - Score state 442 completed in 0.0660 seconds with 5 iterations.
2024-03-25 02:53:45,261 - DEBUG - Score state 443 completed in 0.0664 seconds with 5 iterations.
2024-03-25 02:53:45,329 - DEBUG - Score state 444 completed in 0.0676 seconds with 5 iterations.
2024-03-25 02:53:45,395 - DEBUG - Score state 445 completed in 0.0654 seconds with 5 iterations.
2024-03-25 02:53:45,463 - DEBUG - Score state 446 completed in 0.0673 seconds with 5 iterations.
2024-03-25 02:53:45,529 - DEBUG - Score state 447 completed in 0.0659 seconds with 5 iterations.
2024-03-25 02:53:45,596 - DEBUG - Score state 448 completed in 0.0659 seconds with 5 iterations.
2024-03-25 02:53:45,663 - DEBUG - Score state 449 completed in 0.0663 seconds with 5 iterations.
2024-03-25 02:53:45,729 - DEBUG - Score state 450 completed in 0.0657 seconds with 5 iterations.
2024-03-25 02:53:45,798 - DEBUG - Score state 451 completed in 0.0684 seconds with 5 iterations.
2024-03-25 02:53:45,865 - DEBUG - Score state 452 completed in 0.0664 seconds with 5 iterations.
2024-03-25 02:53:45,932 - DEBUG - Score state 453 completed in 0.0672 seconds with 5 iterations.
2024-03-25 02:53:45,999 - DEBUG - Score state 454 completed in 0.0658 seconds with 5 iterations.
2024-03-25 02:53:46,065 - DEBUG - Score state 455 completed in 0.0658 seconds with 5 iterations.
2024-03-25 02:53:46,130 - DEBUG - Score state 456 completed in 0.0651 seconds with 5 iterations.
2024-03-25 02:53:46,199 - DEBUG - Score state 457 completed in 0.0681 seconds with 5 iterations.
2024-03-25 02:53:46,267 - DEBUG - Score state 458 completed in 0.0673 seconds with 5 iterations.
2024-03-25 02:53:46,334 - DEBUG - Score state 459 completed in 0.0664 seconds with 5 iterations.
2024-03-25 02:53:46,399 - DEBUG - Score state 460 completed in 0.0654 seconds with 5 iterations.
2024-03-25 02:53:46,467 - DEBUG - Score state 461 completed in 0.0673 seconds with 5 iterations.
2024-03-25 02:53:46,532 - DEBUG - Score state 462 completed in 0.0644 seconds with 5 iterations.
2024-03-25 02:53:46,599 - DEBUG - Score state 463 completed in 0.0664 seconds with 5 iterations.
2024-03-25 02:53:46,666 - DEBUG - Score state 464 completed in 0.0663 seconds with 5 iterations.
2024-03-25 02:53:46,731 - DEBUG - Score state 465 completed in 0.0652 seconds with 5 iterations.
2024-03-25 02:53:46,798 - DEBUG - Score state 466 completed in 0.0661 seconds with 5 iterations.
2024-03-25 02:53:46,864 - DEBUG - Score state 467 completed in 0.0652 seconds with 5 iterations.
2024-03-25 02:53:46,930 - DEBUG - Score state 468 completed in 0.0658 seconds with 5 iterations.
2024-03-25 02:53:46,996 - DEBUG - Score state 469 completed in 0.0659 seconds with 5 iterations.
2024-03-25 02:53:47,065 - DEBUG - Score state 470 completed in 0.0686 seconds with 5 iterations.
2024-03-25 02:53:47,133 - DEBUG - Score state 471 completed in 0.0674 seconds with 5 iterations.
2024-03-25 02:53:47,202 - DEBUG - Score state 472 completed in 0.0682 seconds with 5 iterations.
2024-03-25 02:53:47,273 - DEBUG - Score state 473 completed in 0.0679 seconds with 5 iterations.
2024-03-25 02:53:47,347 - DEBUG - Score state 474 completed in 0.0736 seconds with 5 iterations.
2024-03-25 02:53:47,414 - DEBUG - Score state 475 completed in 0.0668 seconds with 5 iterations.
2024-03-25 02:53:47,485 - DEBUG - Score state 476 completed in 0.0702 seconds with 5 iterations.
2024-03-25 02:53:47,552 - DEBUG - Score state 477 completed in 0.0669 seconds with 5 iterations.
2024-03-25 02:53:47,629 - DEBUG - Score state 478 completed in 0.0764 seconds with 5 iterations.
2024-03-25 02:53:47,694 - DEBUG - Score state 479 completed in 0.0650 seconds with 5 iterations.
2024-03-25 02:53:47,762 - DEBUG - Score state 480 completed in 0.0674 seconds with 5 iterations.
2024-03-25 02:53:47,828 - DEBUG - Score state 481 completed in 0.0657 seconds with 5 iterations.
2024-03-25 02:53:47,898 - DEBUG - Score state 482 completed in 0.0693 seconds with 5 iterations.
2024-03-25 02:53:47,968 - DEBUG - Score state 483 completed in 0.0698 seconds with 5 iterations.
2024-03-25 02:53:48,036 - DEBUG - Score state 484 completed in 0.0671 seconds with 5 iterations.
2024-03-25 02:53:48,103 - DEBUG - Score state 485 completed in 0.0664 seconds with 5 iterations.
2024-03-25 02:53:48,169 - DEBUG - Score state 486 completed in 0.0657 seconds with 5 iterations.
2024-03-25 02:53:48,237 - DEBUG - Score state 487 completed in 0.0678 seconds with 5 iterations.
2024-03-25 02:53:48,303 - DEBUG - Score state 488 completed in 0.0656 seconds with 5 iterations.
2024-03-25 02:53:48,370 - DEBUG - Score state 489 completed in 0.0664 seconds with 5 iterations.
2024-03-25 02:53:48,437 - DEBUG - Score state 490 completed in 0.0661 seconds with 5 iterations.
2024-03-25 02:53:48,503 - DEBUG - Score state 491 completed in 0.0658 seconds with 5 iterations.
2024-03-25 02:53:48,570 - DEBUG - Score state 492 completed in 0.0665 seconds with 5 iterations.
2024-03-25 02:53:48,637 - DEBUG - Score state 493 completed in 0.0666 seconds with 5 iterations.
2024-03-25 02:53:48,704 - DEBUG - Score state 494 completed in 0.0661 seconds with 5 iterations.
2024-03-25 02:53:48,771 - DEBUG - Score state 495 completed in 0.0667 seconds with 5 iterations.
2024-03-25 02:53:48,838 - DEBUG - Score state 496 completed in 0.0664 seconds with 5 iterations.
2024-03-25 02:53:48,906 - DEBUG - Score state 497 completed in 0.0669 seconds with 5 iterations.
2024-03-25 02:53:48,974 - DEBUG - Score state 498 completed in 0.0671 seconds with 5 iterations.
2024-03-25 02:53:49,041 - DEBUG - Score state 499 completed in 0.0664 seconds with 5 iterations.
2024-03-25 02:53:49,107 - DEBUG - Score state 500 completed in 0.0657 seconds with 5 iterations.
2024-03-25 02:53:49,174 - DEBUG - Score state 501 completed in 0.0670 seconds with 5 iterations.
2024-03-25 02:53:49,181 - INFO - Saved V matrix and optimal action index for player 12
2024-03-25 02:53:49,181 - INFO - Total time for value iteration: 30.8209 seconds.
