2024-03-25 02:34:06,721 - INFO - Operating System: Windows 10
2024-03-25 02:34:06,721 - INFO - Machine: AMD64
2024-03-25 02:34:06,721 - INFO - Processor: Intel64 Family 6 Model 165 Stepping 2, GenuineIntel
2024-03-25 02:34:06,745 - DEBUG - Score state 2 completed in 0.0030 seconds with 20 iterations.
2024-03-25 02:34:06,748 - DEBUG - Score state 3 completed in 0.0030 seconds with 18 iterations.
2024-03-25 02:34:06,752 - DEBUG - Score state 4 completed in 0.0040 seconds with 15 iterations.
2024-03-25 02:34:06,757 - DEBUG - Score state 5 completed in 0.0050 seconds with 13 iterations.
2024-03-25 02:34:06,764 - DEBUG - Score state 6 completed in 0.0070 seconds with 19 iterations.
2024-03-25 02:34:06,771 - DEBUG - Score state 7 completed in 0.0060 seconds with 13 iterations.
2024-03-25 02:34:06,777 - DEBUG - Score state 8 completed in 0.0060 seconds with 12 iterations.
2024-03-25 02:34:06,783 - DEBUG - Score state 9 completed in 0.0050 seconds with 8 iterations.
2024-03-25 02:34:06,792 - DEBUG - Score state 10 completed in 0.0090 seconds with 13 iterations.
2024-03-25 02:34:06,799 - DEBUG - Score state 11 completed in 0.0070 seconds with 8 iterations.
2024-03-25 02:34:06,814 - DEBUG - Score state 12 completed in 0.0150 seconds with 13 iterations.
2024-03-25 02:34:06,824 - DEBUG - Score state 13 completed in 0.0100 seconds with 8 iterations.
2024-03-25 02:34:06,843 - DEBUG - Score state 14 completed in 0.0180 seconds with 12 iterations.
2024-03-25 02:34:06,857 - DEBUG - Score state 15 completed in 0.0139 seconds with 8 iterations.
2024-03-25 02:34:06,876 - DEBUG - Score state 16 completed in 0.0189 seconds with 10 iterations.
2024-03-25 02:34:06,891 - DEBUG - Score state 17 completed in 0.0150 seconds with 7 iterations.
2024-03-25 02:34:06,918 - DEBUG - Score state 18 completed in 0.0269 seconds with 12 iterations.
2024-03-25 02:34:06,935 - DEBUG - Score state 19 completed in 0.0170 seconds with 7 iterations.
2024-03-25 02:34:06,967 - DEBUG - Score state 20 completed in 0.0309 seconds with 12 iterations.
2024-03-25 02:34:06,988 - DEBUG - Score state 21 completed in 0.0209 seconds with 7 iterations.
2024-03-25 02:34:07,024 - DEBUG - Score state 22 completed in 0.0359 seconds with 12 iterations.
2024-03-25 02:34:07,048 - DEBUG - Score state 23 completed in 0.0239 seconds with 7 iterations.
2024-03-25 02:34:07,085 - DEBUG - Score state 24 completed in 0.0359 seconds with 10 iterations.
2024-03-25 02:34:07,109 - DEBUG - Score state 25 completed in 0.0239 seconds with 6 iterations.
2024-03-25 02:34:07,154 - DEBUG - Score state 26 completed in 0.0449 seconds with 12 iterations.
2024-03-25 02:34:07,188 - DEBUG - Score state 27 completed in 0.0339 seconds with 6 iterations.
2024-03-25 02:34:07,249 - DEBUG - Score state 28 completed in 0.0608 seconds with 12 iterations.
2024-03-25 02:34:07,280 - DEBUG - Score state 29 completed in 0.0309 seconds with 6 iterations.
2024-03-25 02:34:07,341 - DEBUG - Score state 30 completed in 0.0618 seconds with 12 iterations.
2024-03-25 02:34:07,391 - DEBUG - Score state 31 completed in 0.0499 seconds with 6 iterations.
2024-03-25 02:34:07,452 - DEBUG - Score state 32 completed in 0.0598 seconds with 10 iterations.
2024-03-25 02:34:07,486 - DEBUG - Score state 33 completed in 0.0339 seconds with 6 iterations.
2024-03-25 02:34:07,546 - DEBUG - Score state 34 completed in 0.0598 seconds with 11 iterations.
2024-03-25 02:34:07,581 - DEBUG - Score state 35 completed in 0.0349 seconds with 6 iterations.
2024-03-25 02:34:07,639 - DEBUG - Score state 36 completed in 0.0578 seconds with 10 iterations.
2024-03-25 02:34:07,678 - DEBUG - Score state 37 completed in 0.0399 seconds with 6 iterations.
2024-03-25 02:34:07,747 - DEBUG - Score state 38 completed in 0.0688 seconds with 11 iterations.
2024-03-25 02:34:07,789 - DEBUG - Score state 39 completed in 0.0419 seconds with 6 iterations.
2024-03-25 02:34:07,854 - DEBUG - Score state 40 completed in 0.0648 seconds with 10 iterations.
2024-03-25 02:34:07,898 - DEBUG - Score state 41 completed in 0.0439 seconds with 6 iterations.
2024-03-25 02:34:07,942 - DEBUG - Score state 42 completed in 0.0439 seconds with 6 iterations.
2024-03-25 02:34:07,987 - DEBUG - Score state 43 completed in 0.0439 seconds with 6 iterations.
2024-03-25 02:34:08,038 - DEBUG - Score state 44 completed in 0.0509 seconds with 6 iterations.
2024-03-25 02:34:08,098 - DEBUG - Score state 45 completed in 0.0598 seconds with 6 iterations.
2024-03-25 02:34:08,150 - DEBUG - Score state 46 completed in 0.0519 seconds with 6 iterations.
2024-03-25 02:34:08,201 - DEBUG - Score state 47 completed in 0.0509 seconds with 6 iterations.
2024-03-25 02:34:08,253 - DEBUG - Score state 48 completed in 0.0519 seconds with 6 iterations.
2024-03-25 02:34:08,305 - DEBUG - Score state 49 completed in 0.0519 seconds with 6 iterations.
2024-03-25 02:34:08,360 - DEBUG - Score state 50 completed in 0.0549 seconds with 6 iterations.
2024-03-25 02:34:08,416 - DEBUG - Score state 51 completed in 0.0568 seconds with 6 iterations.
2024-03-25 02:34:08,476 - DEBUG - Score state 52 completed in 0.0598 seconds with 6 iterations.
2024-03-25 02:34:08,537 - DEBUG - Score state 53 completed in 0.0608 seconds with 6 iterations.
2024-03-25 02:34:08,597 - DEBUG - Score state 54 completed in 0.0598 seconds with 6 iterations.
2024-03-25 02:34:08,659 - DEBUG - Score state 55 completed in 0.0618 seconds with 6 iterations.
2024-03-25 02:34:08,723 - DEBUG - Score state 56 completed in 0.0638 seconds with 6 iterations.
2024-03-25 02:34:08,786 - DEBUG - Score state 57 completed in 0.0638 seconds with 6 iterations.
2024-03-25 02:34:08,851 - DEBUG - Score state 58 completed in 0.0648 seconds with 6 iterations.
2024-03-25 02:34:08,917 - DEBUG - Score state 59 completed in 0.0658 seconds with 6 iterations.
2024-03-25 02:34:08,988 - DEBUG - Score state 60 completed in 0.0708 seconds with 6 iterations.
2024-03-25 02:34:09,090 - DEBUG - Score state 61 completed in 0.1017 seconds with 8 iterations.
2024-03-25 02:34:09,171 - DEBUG - Score state 62 completed in 0.0808 seconds with 7 iterations.
2024-03-25 02:34:09,259 - DEBUG - Score state 63 completed in 0.0868 seconds with 7 iterations.
2024-03-25 02:34:09,342 - DEBUG - Score state 64 completed in 0.0828 seconds with 7 iterations.
2024-03-25 02:34:09,425 - DEBUG - Score state 65 completed in 0.0828 seconds with 7 iterations.
2024-03-25 02:34:09,509 - DEBUG - Score state 66 completed in 0.0838 seconds with 7 iterations.
2024-03-25 02:34:09,593 - DEBUG - Score state 67 completed in 0.0848 seconds with 7 iterations.
2024-03-25 02:34:09,680 - DEBUG - Score state 68 completed in 0.0868 seconds with 7 iterations.
2024-03-25 02:34:09,770 - DEBUG - Score state 69 completed in 0.0898 seconds with 7 iterations.
2024-03-25 02:34:09,859 - DEBUG - Score state 70 completed in 0.0878 seconds with 7 iterations.
2024-03-25 02:34:09,948 - DEBUG - Score state 71 completed in 0.0888 seconds with 7 iterations.
2024-03-25 02:34:10,044 - DEBUG - Score state 72 completed in 0.0957 seconds with 7 iterations.
2024-03-25 02:34:10,133 - DEBUG - Score state 73 completed in 0.0878 seconds with 6 iterations.
2024-03-25 02:34:10,215 - DEBUG - Score state 74 completed in 0.0818 seconds with 6 iterations.
2024-03-25 02:34:10,307 - DEBUG - Score state 75 completed in 0.0918 seconds with 7 iterations.
2024-03-25 02:34:10,391 - DEBUG - Score state 76 completed in 0.0838 seconds with 6 iterations.
2024-03-25 02:34:10,474 - DEBUG - Score state 77 completed in 0.0818 seconds with 6 iterations.
2024-03-25 02:34:10,567 - DEBUG - Score state 78 completed in 0.0928 seconds with 6 iterations.
2024-03-25 02:34:10,689 - DEBUG - Score state 79 completed in 0.1227 seconds with 7 iterations.
2024-03-25 02:34:10,791 - DEBUG - Score state 80 completed in 0.1017 seconds with 6 iterations.
2024-03-25 02:34:10,880 - DEBUG - Score state 81 completed in 0.0878 seconds with 6 iterations.
2024-03-25 02:34:10,966 - DEBUG - Score state 82 completed in 0.0858 seconds with 6 iterations.
2024-03-25 02:34:11,064 - DEBUG - Score state 83 completed in 0.0987 seconds with 7 iterations.
2024-03-25 02:34:11,163 - DEBUG - Score state 84 completed in 0.0987 seconds with 7 iterations.
2024-03-25 02:34:11,263 - DEBUG - Score state 85 completed in 0.0997 seconds with 7 iterations.
2024-03-25 02:34:11,358 - DEBUG - Score state 86 completed in 0.0947 seconds with 6 iterations.
2024-03-25 02:34:11,455 - DEBUG - Score state 87 completed in 0.0977 seconds with 6 iterations.
2024-03-25 02:34:11,577 - DEBUG - Score state 88 completed in 0.1207 seconds with 7 iterations.
2024-03-25 02:34:11,668 - DEBUG - Score state 89 completed in 0.0908 seconds with 6 iterations.
2024-03-25 02:34:11,774 - DEBUG - Score state 90 completed in 0.1067 seconds with 7 iterations.
2024-03-25 02:34:11,879 - DEBUG - Score state 91 completed in 0.1047 seconds with 7 iterations.
2024-03-25 02:34:11,981 - DEBUG - Score state 92 completed in 0.1017 seconds with 7 iterations.
2024-03-25 02:34:12,091 - DEBUG - Score state 93 completed in 0.1087 seconds with 7 iterations.
2024-03-25 02:34:12,197 - DEBUG - Score state 94 completed in 0.1067 seconds with 7 iterations.
2024-03-25 02:34:12,305 - DEBUG - Score state 95 completed in 0.1077 seconds with 7 iterations.
2024-03-25 02:34:12,413 - DEBUG - Score state 96 completed in 0.1077 seconds with 7 iterations.
2024-03-25 02:34:12,519 - DEBUG - Score state 97 completed in 0.1067 seconds with 7 iterations.
2024-03-25 02:34:12,626 - DEBUG - Score state 98 completed in 0.1067 seconds with 7 iterations.
2024-03-25 02:34:12,736 - DEBUG - Score state 99 completed in 0.1097 seconds with 7 iterations.
2024-03-25 02:34:12,847 - DEBUG - Score state 100 completed in 0.1107 seconds with 7 iterations.
2024-03-25 02:34:12,945 - DEBUG - Score state 101 completed in 0.0987 seconds with 6 iterations.
2024-03-25 02:34:13,043 - DEBUG - Score state 102 completed in 0.0967 seconds with 6 iterations.
2024-03-25 02:34:13,143 - DEBUG - Score state 103 completed in 0.0997 seconds with 6 iterations.
2024-03-25 02:34:13,242 - DEBUG - Score state 104 completed in 0.0987 seconds with 6 iterations.
2024-03-25 02:34:13,340 - DEBUG - Score state 105 completed in 0.0987 seconds with 6 iterations.
2024-03-25 02:34:13,443 - DEBUG - Score state 106 completed in 0.1027 seconds with 6 iterations.
2024-03-25 02:34:13,568 - DEBUG - Score state 107 completed in 0.1247 seconds with 6 iterations.
2024-03-25 02:34:13,664 - DEBUG - Score state 108 completed in 0.0957 seconds with 5 iterations.
2024-03-25 02:34:13,756 - DEBUG - Score state 109 completed in 0.0908 seconds with 5 iterations.
2024-03-25 02:34:13,857 - DEBUG - Score state 110 completed in 0.1007 seconds with 6 iterations.
2024-03-25 02:34:13,945 - DEBUG - Score state 111 completed in 0.0878 seconds with 5 iterations.
2024-03-25 02:34:14,032 - DEBUG - Score state 112 completed in 0.0878 seconds with 5 iterations.
2024-03-25 02:34:14,138 - DEBUG - Score state 113 completed in 0.1057 seconds with 6 iterations.
2024-03-25 02:34:14,236 - DEBUG - Score state 114 completed in 0.0967 seconds with 5 iterations.
2024-03-25 02:34:14,333 - DEBUG - Score state 115 completed in 0.0967 seconds with 5 iterations.
2024-03-25 02:34:14,456 - DEBUG - Score state 116 completed in 0.1227 seconds with 6 iterations.
2024-03-25 02:34:14,563 - DEBUG - Score state 117 completed in 0.1067 seconds with 6 iterations.
2024-03-25 02:34:14,654 - DEBUG - Score state 118 completed in 0.0908 seconds with 5 iterations.
2024-03-25 02:34:14,764 - DEBUG - Score state 119 completed in 0.1107 seconds with 6 iterations.
2024-03-25 02:34:14,857 - DEBUG - Score state 120 completed in 0.0928 seconds with 5 iterations.
2024-03-25 02:34:14,966 - DEBUG - Score state 121 completed in 0.1087 seconds with 6 iterations.
2024-03-25 02:34:15,081 - DEBUG - Score state 122 completed in 0.1147 seconds with 6 iterations.
2024-03-25 02:34:15,193 - DEBUG - Score state 123 completed in 0.1127 seconds with 6 iterations.
2024-03-25 02:34:15,303 - DEBUG - Score state 124 completed in 0.1087 seconds with 6 iterations.
2024-03-25 02:34:15,413 - DEBUG - Score state 125 completed in 0.1097 seconds with 6 iterations.
2024-03-25 02:34:15,526 - DEBUG - Score state 126 completed in 0.1127 seconds with 6 iterations.
2024-03-25 02:34:15,620 - DEBUG - Score state 127 completed in 0.0937 seconds with 5 iterations.
2024-03-25 02:34:15,732 - DEBUG - Score state 128 completed in 0.1117 seconds with 6 iterations.
2024-03-25 02:34:15,862 - DEBUG - Score state 129 completed in 0.1297 seconds with 7 iterations.
2024-03-25 02:34:15,972 - DEBUG - Score state 130 completed in 0.1107 seconds with 6 iterations.
2024-03-25 02:34:16,104 - DEBUG - Score state 131 completed in 0.1316 seconds with 7 iterations.
2024-03-25 02:34:16,239 - DEBUG - Score state 132 completed in 0.1336 seconds with 7 iterations.
2024-03-25 02:34:16,364 - DEBUG - Score state 133 completed in 0.1257 seconds with 7 iterations.
2024-03-25 02:34:16,492 - DEBUG - Score state 134 completed in 0.1277 seconds with 7 iterations.
2024-03-25 02:34:16,604 - DEBUG - Score state 135 completed in 0.1117 seconds with 6 iterations.
2024-03-25 02:34:16,733 - DEBUG - Score state 136 completed in 0.1297 seconds with 7 iterations.
2024-03-25 02:34:16,848 - DEBUG - Score state 137 completed in 0.1147 seconds with 6 iterations.
2024-03-25 02:34:16,979 - DEBUG - Score state 138 completed in 0.1297 seconds with 7 iterations.
2024-03-25 02:34:17,116 - DEBUG - Score state 139 completed in 0.1376 seconds with 7 iterations.
2024-03-25 02:34:17,254 - DEBUG - Score state 140 completed in 0.1376 seconds with 7 iterations.
2024-03-25 02:34:17,404 - DEBUG - Score state 141 completed in 0.1506 seconds with 6 iterations.
2024-03-25 02:34:17,522 - DEBUG - Score state 142 completed in 0.1177 seconds with 5 iterations.
2024-03-25 02:34:17,619 - DEBUG - Score state 143 completed in 0.0967 seconds with 5 iterations.
2024-03-25 02:34:17,716 - DEBUG - Score state 144 completed in 0.0957 seconds with 5 iterations.
2024-03-25 02:34:17,830 - DEBUG - Score state 145 completed in 0.1147 seconds with 6 iterations.
2024-03-25 02:34:17,913 - DEBUG - Score state 146 completed in 0.0828 seconds with 4 iterations.
2024-03-25 02:34:17,995 - DEBUG - Score state 147 completed in 0.0818 seconds with 4 iterations.
2024-03-25 02:34:18,082 - DEBUG - Score state 148 completed in 0.0858 seconds with 4 iterations.
2024-03-25 02:34:18,163 - DEBUG - Score state 149 completed in 0.0818 seconds with 4 iterations.
2024-03-25 02:34:18,249 - DEBUG - Score state 150 completed in 0.0848 seconds with 4 iterations.
2024-03-25 02:34:18,334 - DEBUG - Score state 151 completed in 0.0838 seconds with 4 iterations.
2024-03-25 02:34:18,437 - DEBUG - Score state 152 completed in 0.1027 seconds with 4 iterations.
2024-03-25 02:34:18,535 - DEBUG - Score state 153 completed in 0.0987 seconds with 4 iterations.
2024-03-25 02:34:18,629 - DEBUG - Score state 154 completed in 0.0938 seconds with 4 iterations.
2024-03-25 02:34:18,716 - DEBUG - Score state 155 completed in 0.0868 seconds with 4 iterations.
2024-03-25 02:34:18,801 - DEBUG - Score state 156 completed in 0.0848 seconds with 4 iterations.
2024-03-25 02:34:18,883 - DEBUG - Score state 157 completed in 0.0828 seconds with 4 iterations.
2024-03-25 02:34:18,966 - DEBUG - Score state 158 completed in 0.0828 seconds with 4 iterations.
2024-03-25 02:34:19,072 - DEBUG - Score state 159 completed in 0.1057 seconds with 5 iterations.
2024-03-25 02:34:19,158 - DEBUG - Score state 160 completed in 0.0858 seconds with 4 iterations.
2024-03-25 02:34:19,245 - DEBUG - Score state 161 completed in 0.0868 seconds with 4 iterations.
2024-03-25 02:34:19,346 - DEBUG - Score state 162 completed in 0.1007 seconds with 5 iterations.
2024-03-25 02:34:19,449 - DEBUG - Score state 163 completed in 0.1027 seconds with 5 iterations.
2024-03-25 02:34:19,537 - DEBUG - Score state 164 completed in 0.0868 seconds with 4 iterations.
2024-03-25 02:34:19,636 - DEBUG - Score state 165 completed in 0.0997 seconds with 5 iterations.
2024-03-25 02:34:19,739 - DEBUG - Score state 166 completed in 0.1027 seconds with 5 iterations.
2024-03-25 02:34:19,819 - DEBUG - Score state 167 completed in 0.0798 seconds with 4 iterations.
2024-03-25 02:34:19,919 - DEBUG - Score state 168 completed in 0.0997 seconds with 5 iterations.
2024-03-25 02:34:20,020 - DEBUG - Score state 169 completed in 0.1007 seconds with 5 iterations.
2024-03-25 02:34:20,118 - DEBUG - Score state 170 completed in 0.0977 seconds with 4 iterations.
2024-03-25 02:34:20,218 - DEBUG - Score state 171 completed in 0.0997 seconds with 5 iterations.
2024-03-25 02:34:20,317 - DEBUG - Score state 172 completed in 0.0987 seconds with 5 iterations.
2024-03-25 02:34:20,417 - DEBUG - Score state 173 completed in 0.1007 seconds with 5 iterations.
2024-03-25 02:34:20,521 - DEBUG - Score state 174 completed in 0.1027 seconds with 5 iterations.
2024-03-25 02:34:20,621 - DEBUG - Score state 175 completed in 0.0997 seconds with 5 iterations.
2024-03-25 02:34:20,727 - DEBUG - Score state 176 completed in 0.1057 seconds with 5 iterations.
2024-03-25 02:34:20,825 - DEBUG - Score state 177 completed in 0.0987 seconds with 5 iterations.
2024-03-25 02:34:20,929 - DEBUG - Score state 178 completed in 0.1017 seconds with 5 iterations.
2024-03-25 02:34:21,031 - DEBUG - Score state 179 completed in 0.1017 seconds with 5 iterations.
2024-03-25 02:34:21,144 - DEBUG - Score state 180 completed in 0.1127 seconds with 5 iterations.
2024-03-25 02:34:21,245 - DEBUG - Score state 181 completed in 0.1007 seconds with 5 iterations.
2024-03-25 02:34:21,330 - DEBUG - Score state 182 completed in 0.0848 seconds with 4 iterations.
2024-03-25 02:34:21,411 - DEBUG - Score state 183 completed in 0.0808 seconds with 4 iterations.
2024-03-25 02:34:21,495 - DEBUG - Score state 184 completed in 0.0848 seconds with 4 iterations.
2024-03-25 02:34:21,578 - DEBUG - Score state 185 completed in 0.0828 seconds with 4 iterations.
2024-03-25 02:34:21,666 - DEBUG - Score state 186 completed in 0.0868 seconds with 4 iterations.
2024-03-25 02:34:21,761 - DEBUG - Score state 187 completed in 0.0947 seconds with 4 iterations.
2024-03-25 02:34:21,845 - DEBUG - Score state 188 completed in 0.0838 seconds with 4 iterations.
2024-03-25 02:34:21,928 - DEBUG - Score state 189 completed in 0.0838 seconds with 4 iterations.
2024-03-25 02:34:22,013 - DEBUG - Score state 190 completed in 0.0848 seconds with 4 iterations.
2024-03-25 02:34:22,111 - DEBUG - Score state 191 completed in 0.0977 seconds with 4 iterations.
2024-03-25 02:34:22,195 - DEBUG - Score state 192 completed in 0.0828 seconds with 4 iterations.
2024-03-25 02:34:22,278 - DEBUG - Score state 193 completed in 0.0838 seconds with 4 iterations.
2024-03-25 02:34:22,361 - DEBUG - Score state 194 completed in 0.0828 seconds with 4 iterations.
2024-03-25 02:34:22,445 - DEBUG - Score state 195 completed in 0.0838 seconds with 4 iterations.
2024-03-25 02:34:22,533 - DEBUG - Score state 196 completed in 0.0878 seconds with 4 iterations.
2024-03-25 02:34:22,618 - DEBUG - Score state 197 completed in 0.0858 seconds with 4 iterations.
2024-03-25 02:34:22,702 - DEBUG - Score state 198 completed in 0.0838 seconds with 4 iterations.
2024-03-25 02:34:22,791 - DEBUG - Score state 199 completed in 0.0888 seconds with 4 iterations.
2024-03-25 02:34:22,873 - DEBUG - Score state 200 completed in 0.0808 seconds with 4 iterations.
2024-03-25 02:34:22,954 - DEBUG - Score state 201 completed in 0.0808 seconds with 4 iterations.
2024-03-25 02:34:23,037 - DEBUG - Score state 202 completed in 0.0828 seconds with 4 iterations.
2024-03-25 02:34:23,128 - DEBUG - Score state 203 completed in 0.0908 seconds with 4 iterations.
2024-03-25 02:34:23,211 - DEBUG - Score state 204 completed in 0.0828 seconds with 4 iterations.
2024-03-25 02:34:23,293 - DEBUG - Score state 205 completed in 0.0808 seconds with 4 iterations.
2024-03-25 02:34:23,373 - DEBUG - Score state 206 completed in 0.0808 seconds with 4 iterations.
2024-03-25 02:34:23,455 - DEBUG - Score state 207 completed in 0.0818 seconds with 4 iterations.
2024-03-25 02:34:23,538 - DEBUG - Score state 208 completed in 0.0828 seconds with 4 iterations.
2024-03-25 02:34:23,623 - DEBUG - Score state 209 completed in 0.0838 seconds with 4 iterations.
2024-03-25 02:34:23,707 - DEBUG - Score state 210 completed in 0.0838 seconds with 4 iterations.
2024-03-25 02:34:23,794 - DEBUG - Score state 211 completed in 0.0868 seconds with 4 iterations.
2024-03-25 02:34:23,894 - DEBUG - Score state 212 completed in 0.0997 seconds with 4 iterations.
2024-03-25 02:34:23,980 - DEBUG - Score state 213 completed in 0.0858 seconds with 4 iterations.
2024-03-25 02:34:24,068 - DEBUG - Score state 214 completed in 0.0878 seconds with 4 iterations.
2024-03-25 02:34:24,149 - DEBUG - Score state 215 completed in 0.0818 seconds with 4 iterations.
2024-03-25 02:34:24,233 - DEBUG - Score state 216 completed in 0.0838 seconds with 4 iterations.
2024-03-25 02:34:24,314 - DEBUG - Score state 217 completed in 0.0798 seconds with 4 iterations.
2024-03-25 02:34:24,396 - DEBUG - Score state 218 completed in 0.0818 seconds with 4 iterations.
2024-03-25 02:34:24,492 - DEBUG - Score state 219 completed in 0.0957 seconds with 4 iterations.
2024-03-25 02:34:24,592 - DEBUG - Score state 220 completed in 0.0997 seconds with 4 iterations.
2024-03-25 02:34:24,688 - DEBUG - Score state 221 completed in 0.0947 seconds with 4 iterations.
2024-03-25 02:34:24,772 - DEBUG - Score state 222 completed in 0.0838 seconds with 4 iterations.
2024-03-25 02:34:24,853 - DEBUG - Score state 223 completed in 0.0808 seconds with 4 iterations.
2024-03-25 02:34:24,938 - DEBUG - Score state 224 completed in 0.0848 seconds with 4 iterations.
2024-03-25 02:34:25,025 - DEBUG - Score state 225 completed in 0.0868 seconds with 4 iterations.
2024-03-25 02:34:25,125 - DEBUG - Score state 226 completed in 0.0977 seconds with 4 iterations.
2024-03-25 02:34:25,207 - DEBUG - Score state 227 completed in 0.0818 seconds with 4 iterations.
2024-03-25 02:34:25,289 - DEBUG - Score state 228 completed in 0.0818 seconds with 4 iterations.
2024-03-25 02:34:25,370 - DEBUG - Score state 229 completed in 0.0808 seconds with 4 iterations.
2024-03-25 02:34:25,453 - DEBUG - Score state 230 completed in 0.0818 seconds with 4 iterations.
2024-03-25 02:34:25,535 - DEBUG - Score state 231 completed in 0.0818 seconds with 4 iterations.
2024-03-25 02:34:25,616 - DEBUG - Score state 232 completed in 0.0818 seconds with 4 iterations.
2024-03-25 02:34:25,697 - DEBUG - Score state 233 completed in 0.0808 seconds with 4 iterations.
2024-03-25 02:34:25,779 - DEBUG - Score state 234 completed in 0.0818 seconds with 4 iterations.
2024-03-25 02:34:25,858 - DEBUG - Score state 235 completed in 0.0788 seconds with 4 iterations.
2024-03-25 02:34:25,937 - DEBUG - Score state 236 completed in 0.0788 seconds with 4 iterations.
2024-03-25 02:34:26,018 - DEBUG - Score state 237 completed in 0.0808 seconds with 4 iterations.
2024-03-25 02:34:26,103 - DEBUG - Score state 238 completed in 0.0848 seconds with 4 iterations.
2024-03-25 02:34:26,184 - DEBUG - Score state 239 completed in 0.0798 seconds with 4 iterations.
2024-03-25 02:34:26,264 - DEBUG - Score state 240 completed in 0.0798 seconds with 4 iterations.
2024-03-25 02:34:26,343 - DEBUG - Score state 241 completed in 0.0798 seconds with 4 iterations.
2024-03-25 02:34:26,422 - DEBUG - Score state 242 completed in 0.0788 seconds with 4 iterations.
2024-03-25 02:34:26,502 - DEBUG - Score state 243 completed in 0.0798 seconds with 4 iterations.
2024-03-25 02:34:26,581 - DEBUG - Score state 244 completed in 0.0778 seconds with 4 iterations.
2024-03-25 02:34:26,661 - DEBUG - Score state 245 completed in 0.0788 seconds with 4 iterations.
2024-03-25 02:34:26,742 - DEBUG - Score state 246 completed in 0.0818 seconds with 4 iterations.
2024-03-25 02:34:26,821 - DEBUG - Score state 247 completed in 0.0788 seconds with 4 iterations.
2024-03-25 02:34:26,902 - DEBUG - Score state 248 completed in 0.0808 seconds with 4 iterations.
2024-03-25 02:34:26,982 - DEBUG - Score state 249 completed in 0.0798 seconds with 4 iterations.
2024-03-25 02:34:27,061 - DEBUG - Score state 250 completed in 0.0788 seconds with 4 iterations.
2024-03-25 02:34:27,144 - DEBUG - Score state 251 completed in 0.0838 seconds with 4 iterations.
2024-03-25 02:34:27,224 - DEBUG - Score state 252 completed in 0.0798 seconds with 4 iterations.
2024-03-25 02:34:27,308 - DEBUG - Score state 253 completed in 0.0838 seconds with 4 iterations.
2024-03-25 02:34:27,388 - DEBUG - Score state 254 completed in 0.0798 seconds with 4 iterations.
2024-03-25 02:34:27,466 - DEBUG - Score state 255 completed in 0.0788 seconds with 4 iterations.
2024-03-25 02:34:27,545 - DEBUG - Score state 256 completed in 0.0788 seconds with 4 iterations.
2024-03-25 02:34:27,624 - DEBUG - Score state 257 completed in 0.0778 seconds with 4 iterations.
2024-03-25 02:34:27,703 - DEBUG - Score state 258 completed in 0.0778 seconds with 4 iterations.
2024-03-25 02:34:27,786 - DEBUG - Score state 259 completed in 0.0818 seconds with 4 iterations.
2024-03-25 02:34:27,863 - DEBUG - Score state 260 completed in 0.0778 seconds with 4 iterations.
2024-03-25 02:34:27,943 - DEBUG - Score state 261 completed in 0.0788 seconds with 4 iterations.
2024-03-25 02:34:28,022 - DEBUG - Score state 262 completed in 0.0788 seconds with 4 iterations.
2024-03-25 02:34:28,103 - DEBUG - Score state 263 completed in 0.0808 seconds with 4 iterations.
2024-03-25 02:34:28,183 - DEBUG - Score state 264 completed in 0.0798 seconds with 4 iterations.
2024-03-25 02:34:28,263 - DEBUG - Score state 265 completed in 0.0808 seconds with 4 iterations.
2024-03-25 02:34:28,343 - DEBUG - Score state 266 completed in 0.0798 seconds with 4 iterations.
2024-03-25 02:34:28,422 - DEBUG - Score state 267 completed in 0.0788 seconds with 4 iterations.
2024-03-25 02:34:28,503 - DEBUG - Score state 268 completed in 0.0798 seconds with 4 iterations.
2024-03-25 02:34:28,585 - DEBUG - Score state 269 completed in 0.0828 seconds with 4 iterations.
2024-03-25 02:34:28,664 - DEBUG - Score state 270 completed in 0.0788 seconds with 4 iterations.
2024-03-25 02:34:28,761 - DEBUG - Score state 271 completed in 0.0967 seconds with 5 iterations.
2024-03-25 02:34:28,857 - DEBUG - Score state 272 completed in 0.0947 seconds with 5 iterations.
2024-03-25 02:34:28,952 - DEBUG - Score state 273 completed in 0.0947 seconds with 5 iterations.
2024-03-25 02:34:29,047 - DEBUG - Score state 274 completed in 0.0957 seconds with 5 iterations.
2024-03-25 02:34:29,145 - DEBUG - Score state 275 completed in 0.0967 seconds with 5 iterations.
2024-03-25 02:34:29,241 - DEBUG - Score state 276 completed in 0.0957 seconds with 5 iterations.
2024-03-25 02:34:29,334 - DEBUG - Score state 277 completed in 0.0937 seconds with 5 iterations.
2024-03-25 02:34:29,428 - DEBUG - Score state 278 completed in 0.0938 seconds with 5 iterations.
2024-03-25 02:34:29,522 - DEBUG - Score state 279 completed in 0.0928 seconds with 5 iterations.
2024-03-25 02:34:29,618 - DEBUG - Score state 280 completed in 0.0947 seconds with 5 iterations.
2024-03-25 02:34:29,727 - DEBUG - Score state 281 completed in 0.1087 seconds with 5 iterations.
2024-03-25 02:34:29,824 - DEBUG - Score state 282 completed in 0.0967 seconds with 4 iterations.
2024-03-25 02:34:29,925 - DEBUG - Score state 283 completed in 0.1007 seconds with 5 iterations.
2024-03-25 02:34:30,021 - DEBUG - Score state 284 completed in 0.0957 seconds with 5 iterations.
2024-03-25 02:34:30,123 - DEBUG - Score state 285 completed in 0.1027 seconds with 5 iterations.
2024-03-25 02:34:30,218 - DEBUG - Score state 286 completed in 0.0947 seconds with 5 iterations.
2024-03-25 02:34:30,314 - DEBUG - Score state 287 completed in 0.0957 seconds with 5 iterations.
2024-03-25 02:34:30,412 - DEBUG - Score state 288 completed in 0.0977 seconds with 5 iterations.
2024-03-25 02:34:30,498 - DEBUG - Score state 289 completed in 0.0868 seconds with 4 iterations.
2024-03-25 02:34:30,607 - DEBUG - Score state 290 completed in 0.1087 seconds with 5 iterations.
2024-03-25 02:34:30,717 - DEBUG - Score state 291 completed in 0.1097 seconds with 5 iterations.
2024-03-25 02:34:30,811 - DEBUG - Score state 292 completed in 0.0928 seconds with 4 iterations.
2024-03-25 02:34:30,917 - DEBUG - Score state 293 completed in 0.1057 seconds with 5 iterations.
2024-03-25 02:34:31,018 - DEBUG - Score state 294 completed in 0.1007 seconds with 5 iterations.
2024-03-25 02:34:31,129 - DEBUG - Score state 295 completed in 0.1107 seconds with 5 iterations.
2024-03-25 02:34:31,224 - DEBUG - Score state 296 completed in 0.0957 seconds with 5 iterations.
2024-03-25 02:34:31,318 - DEBUG - Score state 297 completed in 0.0937 seconds with 5 iterations.
2024-03-25 02:34:31,412 - DEBUG - Score state 298 completed in 0.0937 seconds with 5 iterations.
2024-03-25 02:34:31,508 - DEBUG - Score state 299 completed in 0.0957 seconds with 5 iterations.
2024-03-25 02:34:31,602 - DEBUG - Score state 300 completed in 0.0947 seconds with 5 iterations.
2024-03-25 02:34:31,698 - DEBUG - Score state 301 completed in 0.0947 seconds with 5 iterations.
2024-03-25 02:34:31,796 - DEBUG - Score state 302 completed in 0.0977 seconds with 5 iterations.
2024-03-25 02:34:31,892 - DEBUG - Score state 303 completed in 0.0957 seconds with 5 iterations.
2024-03-25 02:34:31,988 - DEBUG - Score state 304 completed in 0.0967 seconds with 5 iterations.
2024-03-25 02:34:32,093 - DEBUG - Score state 305 completed in 0.1037 seconds with 5 iterations.
2024-03-25 02:34:32,189 - DEBUG - Score state 306 completed in 0.0947 seconds with 5 iterations.
2024-03-25 02:34:32,284 - DEBUG - Score state 307 completed in 0.0947 seconds with 5 iterations.
2024-03-25 02:34:32,379 - DEBUG - Score state 308 completed in 0.0947 seconds with 5 iterations.
2024-03-25 02:34:32,474 - DEBUG - Score state 309 completed in 0.0947 seconds with 5 iterations.
2024-03-25 02:34:32,571 - DEBUG - Score state 310 completed in 0.0967 seconds with 5 iterations.
2024-03-25 02:34:32,668 - DEBUG - Score state 311 completed in 0.0957 seconds with 5 iterations.
2024-03-25 02:34:32,765 - DEBUG - Score state 312 completed in 0.0977 seconds with 5 iterations.
2024-03-25 02:34:32,861 - DEBUG - Score state 313 completed in 0.0957 seconds with 5 iterations.
2024-03-25 02:34:32,959 - DEBUG - Score state 314 completed in 0.0977 seconds with 5 iterations.
2024-03-25 02:34:33,057 - DEBUG - Score state 315 completed in 0.0977 seconds with 5 iterations.
2024-03-25 02:34:33,154 - DEBUG - Score state 316 completed in 0.0977 seconds with 5 iterations.
2024-03-25 02:34:33,250 - DEBUG - Score state 317 completed in 0.0957 seconds with 5 iterations.
2024-03-25 02:34:33,345 - DEBUG - Score state 318 completed in 0.0937 seconds with 5 iterations.
2024-03-25 02:34:33,440 - DEBUG - Score state 319 completed in 0.0947 seconds with 5 iterations.
2024-03-25 02:34:33,537 - DEBUG - Score state 320 completed in 0.0967 seconds with 5 iterations.
2024-03-25 02:34:33,631 - DEBUG - Score state 321 completed in 0.0937 seconds with 5 iterations.
2024-03-25 02:34:33,725 - DEBUG - Score state 322 completed in 0.0937 seconds with 5 iterations.
2024-03-25 02:34:33,821 - DEBUG - Score state 323 completed in 0.0957 seconds with 5 iterations.
2024-03-25 02:34:33,916 - DEBUG - Score state 324 completed in 0.0947 seconds with 5 iterations.
2024-03-25 02:34:34,010 - DEBUG - Score state 325 completed in 0.0937 seconds with 5 iterations.
2024-03-25 02:34:34,107 - DEBUG - Score state 326 completed in 0.0957 seconds with 5 iterations.
2024-03-25 02:34:34,201 - DEBUG - Score state 327 completed in 0.0947 seconds with 5 iterations.
2024-03-25 02:34:34,301 - DEBUG - Score state 328 completed in 0.0997 seconds with 5 iterations.
2024-03-25 02:34:34,395 - DEBUG - Score state 329 completed in 0.0937 seconds with 5 iterations.
2024-03-25 02:34:34,491 - DEBUG - Score state 330 completed in 0.0957 seconds with 5 iterations.
2024-03-25 02:34:34,584 - DEBUG - Score state 331 completed in 0.0937 seconds with 5 iterations.
2024-03-25 02:34:34,679 - DEBUG - Score state 332 completed in 0.0947 seconds with 5 iterations.
2024-03-25 02:34:34,780 - DEBUG - Score state 333 completed in 0.1007 seconds with 5 iterations.
2024-03-25 02:34:34,876 - DEBUG - Score state 334 completed in 0.0957 seconds with 5 iterations.
2024-03-25 02:34:34,971 - DEBUG - Score state 335 completed in 0.0957 seconds with 5 iterations.
2024-03-25 02:34:35,069 - DEBUG - Score state 336 completed in 0.0977 seconds with 5 iterations.
2024-03-25 02:34:35,164 - DEBUG - Score state 337 completed in 0.0947 seconds with 5 iterations.
2024-03-25 02:34:35,260 - DEBUG - Score state 338 completed in 0.0947 seconds with 5 iterations.
2024-03-25 02:34:35,355 - DEBUG - Score state 339 completed in 0.0947 seconds with 5 iterations.
2024-03-25 02:34:35,451 - DEBUG - Score state 340 completed in 0.0957 seconds with 5 iterations.
2024-03-25 02:34:35,547 - DEBUG - Score state 341 completed in 0.0957 seconds with 5 iterations.
2024-03-25 02:34:35,642 - DEBUG - Score state 342 completed in 0.0947 seconds with 5 iterations.
2024-03-25 02:34:35,736 - DEBUG - Score state 343 completed in 0.0947 seconds with 5 iterations.
2024-03-25 02:34:35,833 - DEBUG - Score state 344 completed in 0.0967 seconds with 5 iterations.
2024-03-25 02:34:35,928 - DEBUG - Score state 345 completed in 0.0947 seconds with 5 iterations.
2024-03-25 02:34:36,024 - DEBUG - Score state 346 completed in 0.0957 seconds with 5 iterations.
2024-03-25 02:34:36,128 - DEBUG - Score state 347 completed in 0.1047 seconds with 5 iterations.
2024-03-25 02:34:36,225 - DEBUG - Score state 348 completed in 0.0967 seconds with 5 iterations.
2024-03-25 02:34:36,319 - DEBUG - Score state 349 completed in 0.0937 seconds with 5 iterations.
2024-03-25 02:34:36,416 - DEBUG - Score state 350 completed in 0.0967 seconds with 5 iterations.
2024-03-25 02:34:36,511 - DEBUG - Score state 351 completed in 0.0957 seconds with 5 iterations.
2024-03-25 02:34:36,607 - DEBUG - Score state 352 completed in 0.0957 seconds with 5 iterations.
2024-03-25 02:34:36,702 - DEBUG - Score state 353 completed in 0.0947 seconds with 5 iterations.
2024-03-25 02:34:36,801 - DEBUG - Score state 354 completed in 0.0997 seconds with 5 iterations.
2024-03-25 02:34:36,901 - DEBUG - Score state 355 completed in 0.0997 seconds with 5 iterations.
2024-03-25 02:34:37,005 - DEBUG - Score state 356 completed in 0.1027 seconds with 5 iterations.
2024-03-25 02:34:37,110 - DEBUG - Score state 357 completed in 0.1037 seconds with 5 iterations.
2024-03-25 02:34:37,209 - DEBUG - Score state 358 completed in 0.0987 seconds with 5 iterations.
2024-03-25 02:34:37,308 - DEBUG - Score state 359 completed in 0.0987 seconds with 5 iterations.
2024-03-25 02:34:37,407 - DEBUG - Score state 360 completed in 0.0987 seconds with 5 iterations.
2024-03-25 02:34:37,509 - DEBUG - Score state 361 completed in 0.1007 seconds with 5 iterations.
2024-03-25 02:34:37,607 - DEBUG - Score state 362 completed in 0.0987 seconds with 5 iterations.
2024-03-25 02:34:37,707 - DEBUG - Score state 363 completed in 0.0997 seconds with 5 iterations.
2024-03-25 02:34:37,811 - DEBUG - Score state 364 completed in 0.1037 seconds with 5 iterations.
2024-03-25 02:34:37,909 - DEBUG - Score state 365 completed in 0.0977 seconds with 5 iterations.
2024-03-25 02:34:38,008 - DEBUG - Score state 366 completed in 0.0997 seconds with 5 iterations.
2024-03-25 02:34:38,121 - DEBUG - Score state 367 completed in 0.1127 seconds with 5 iterations.
2024-03-25 02:34:38,219 - DEBUG - Score state 368 completed in 0.0977 seconds with 5 iterations.
2024-03-25 02:34:38,317 - DEBUG - Score state 369 completed in 0.0987 seconds with 5 iterations.
2024-03-25 02:34:38,416 - DEBUG - Score state 370 completed in 0.0977 seconds with 5 iterations.
2024-03-25 02:34:38,516 - DEBUG - Score state 371 completed in 0.0997 seconds with 5 iterations.
2024-03-25 02:34:38,614 - DEBUG - Score state 372 completed in 0.0967 seconds with 5 iterations.
2024-03-25 02:34:38,714 - DEBUG - Score state 373 completed in 0.1007 seconds with 5 iterations.
2024-03-25 02:34:38,819 - DEBUG - Score state 374 completed in 0.1047 seconds with 5 iterations.
2024-03-25 02:34:38,918 - DEBUG - Score state 375 completed in 0.0987 seconds with 5 iterations.
2024-03-25 02:34:39,019 - DEBUG - Score state 376 completed in 0.1007 seconds with 5 iterations.
2024-03-25 02:34:39,128 - DEBUG - Score state 377 completed in 0.1097 seconds with 5 iterations.
2024-03-25 02:34:39,232 - DEBUG - Score state 378 completed in 0.1037 seconds with 5 iterations.
2024-03-25 02:34:39,330 - DEBUG - Score state 379 completed in 0.0977 seconds with 5 iterations.
2024-03-25 02:34:39,427 - DEBUG - Score state 380 completed in 0.0977 seconds with 5 iterations.
2024-03-25 02:34:39,531 - DEBUG - Score state 381 completed in 0.1037 seconds with 5 iterations.
2024-03-25 02:34:39,630 - DEBUG - Score state 382 completed in 0.0987 seconds with 5 iterations.
2024-03-25 02:34:39,728 - DEBUG - Score state 383 completed in 0.0977 seconds with 5 iterations.
2024-03-25 02:34:39,829 - DEBUG - Score state 384 completed in 0.1017 seconds with 5 iterations.
2024-03-25 02:34:39,929 - DEBUG - Score state 385 completed in 0.0987 seconds with 5 iterations.
2024-03-25 02:34:40,029 - DEBUG - Score state 386 completed in 0.0997 seconds with 5 iterations.
2024-03-25 02:34:40,137 - DEBUG - Score state 387 completed in 0.1077 seconds with 5 iterations.
2024-03-25 02:34:40,242 - DEBUG - Score state 388 completed in 0.1057 seconds with 5 iterations.
2024-03-25 02:34:40,340 - DEBUG - Score state 389 completed in 0.0977 seconds with 5 iterations.
2024-03-25 02:34:40,440 - DEBUG - Score state 390 completed in 0.0987 seconds with 5 iterations.
2024-03-25 02:34:40,541 - DEBUG - Score state 391 completed in 0.1007 seconds with 5 iterations.
2024-03-25 02:34:40,641 - DEBUG - Score state 392 completed in 0.0997 seconds with 5 iterations.
2024-03-25 02:34:40,743 - DEBUG - Score state 393 completed in 0.1017 seconds with 5 iterations.
2024-03-25 02:34:40,849 - DEBUG - Score state 394 completed in 0.1047 seconds with 5 iterations.
2024-03-25 02:34:40,948 - DEBUG - Score state 395 completed in 0.0997 seconds with 5 iterations.
2024-03-25 02:34:41,048 - DEBUG - Score state 396 completed in 0.0987 seconds with 5 iterations.
2024-03-25 02:34:41,151 - DEBUG - Score state 397 completed in 0.1027 seconds with 5 iterations.
2024-03-25 02:34:41,254 - DEBUG - Score state 398 completed in 0.1027 seconds with 5 iterations.
2024-03-25 02:34:41,357 - DEBUG - Score state 399 completed in 0.1027 seconds with 5 iterations.
2024-03-25 02:34:41,457 - DEBUG - Score state 400 completed in 0.0997 seconds with 5 iterations.
2024-03-25 02:34:41,557 - DEBUG - Score state 401 completed in 0.0997 seconds with 5 iterations.
2024-03-25 02:34:41,656 - DEBUG - Score state 402 completed in 0.0977 seconds with 5 iterations.
2024-03-25 02:34:41,752 - DEBUG - Score state 403 completed in 0.0967 seconds with 5 iterations.
2024-03-25 02:34:41,853 - DEBUG - Score state 404 completed in 0.1007 seconds with 5 iterations.
2024-03-25 02:34:41,952 - DEBUG - Score state 405 completed in 0.0987 seconds with 5 iterations.
2024-03-25 02:34:42,054 - DEBUG - Score state 406 completed in 0.1017 seconds with 5 iterations.
2024-03-25 02:34:42,158 - DEBUG - Score state 407 completed in 0.1037 seconds with 5 iterations.
2024-03-25 02:34:42,261 - DEBUG - Score state 408 completed in 0.1027 seconds with 5 iterations.
2024-03-25 02:34:42,362 - DEBUG - Score state 409 completed in 0.1007 seconds with 5 iterations.
2024-03-25 02:34:42,460 - DEBUG - Score state 410 completed in 0.0987 seconds with 5 iterations.
2024-03-25 02:34:42,563 - DEBUG - Score state 411 completed in 0.1027 seconds with 5 iterations.
2024-03-25 02:34:42,661 - DEBUG - Score state 412 completed in 0.0977 seconds with 5 iterations.
2024-03-25 02:34:42,766 - DEBUG - Score state 413 completed in 0.1037 seconds with 5 iterations.
2024-03-25 02:34:42,863 - DEBUG - Score state 414 completed in 0.0967 seconds with 5 iterations.
2024-03-25 02:34:42,961 - DEBUG - Score state 415 completed in 0.0967 seconds with 5 iterations.
2024-03-25 02:34:43,078 - DEBUG - Score state 416 completed in 0.1157 seconds with 5 iterations.
2024-03-25 02:34:43,183 - DEBUG - Score state 417 completed in 0.1047 seconds with 5 iterations.
2024-03-25 02:34:43,283 - DEBUG - Score state 418 completed in 0.0997 seconds with 5 iterations.
2024-03-25 02:34:43,383 - DEBUG - Score state 419 completed in 0.0997 seconds with 5 iterations.
2024-03-25 02:34:43,486 - DEBUG - Score state 420 completed in 0.1027 seconds with 5 iterations.
2024-03-25 02:34:43,591 - DEBUG - Score state 421 completed in 0.1057 seconds with 5 iterations.
2024-03-25 02:34:43,709 - DEBUG - Score state 422 completed in 0.1177 seconds with 5 iterations.
2024-03-25 02:34:43,812 - DEBUG - Score state 423 completed in 0.1027 seconds with 5 iterations.
2024-03-25 02:34:43,912 - DEBUG - Score state 424 completed in 0.1007 seconds with 5 iterations.
2024-03-25 02:34:44,010 - DEBUG - Score state 425 completed in 0.0967 seconds with 5 iterations.
2024-03-25 02:34:44,122 - DEBUG - Score state 426 completed in 0.1107 seconds with 5 iterations.
2024-03-25 02:34:44,224 - DEBUG - Score state 427 completed in 0.1017 seconds with 5 iterations.
2024-03-25 02:34:44,328 - DEBUG - Score state 428 completed in 0.1037 seconds with 5 iterations.
2024-03-25 02:34:44,430 - DEBUG - Score state 429 completed in 0.1017 seconds with 5 iterations.
2024-03-25 02:34:44,530 - DEBUG - Score state 430 completed in 0.0997 seconds with 5 iterations.
2024-03-25 02:34:44,645 - DEBUG - Score state 431 completed in 0.1147 seconds with 5 iterations.
2024-03-25 02:34:44,753 - DEBUG - Score state 432 completed in 0.1087 seconds with 5 iterations.
2024-03-25 02:34:44,857 - DEBUG - Score state 433 completed in 0.1027 seconds with 5 iterations.
2024-03-25 02:34:44,965 - DEBUG - Score state 434 completed in 0.1077 seconds with 5 iterations.
2024-03-25 02:34:45,073 - DEBUG - Score state 435 completed in 0.1087 seconds with 5 iterations.
2024-03-25 02:34:45,175 - DEBUG - Score state 436 completed in 0.1017 seconds with 5 iterations.
2024-03-25 02:34:45,275 - DEBUG - Score state 437 completed in 0.0987 seconds with 5 iterations.
2024-03-25 02:34:45,377 - DEBUG - Score state 438 completed in 0.1017 seconds with 5 iterations.
2024-03-25 02:34:45,474 - DEBUG - Score state 439 completed in 0.0977 seconds with 5 iterations.
2024-03-25 02:34:45,575 - DEBUG - Score state 440 completed in 0.1007 seconds with 5 iterations.
2024-03-25 02:34:45,672 - DEBUG - Score state 441 completed in 0.0967 seconds with 5 iterations.
2024-03-25 02:34:45,772 - DEBUG - Score state 442 completed in 0.1007 seconds with 5 iterations.
2024-03-25 02:34:45,869 - DEBUG - Score state 443 completed in 0.0967 seconds with 5 iterations.
2024-03-25 02:34:45,966 - DEBUG - Score state 444 completed in 0.0967 seconds with 5 iterations.
2024-03-25 02:34:46,064 - DEBUG - Score state 445 completed in 0.0977 seconds with 5 iterations.
2024-03-25 02:34:46,162 - DEBUG - Score state 446 completed in 0.0987 seconds with 5 iterations.
2024-03-25 02:34:46,258 - DEBUG - Score state 447 completed in 0.0957 seconds with 5 iterations.
2024-03-25 02:34:46,354 - DEBUG - Score state 448 completed in 0.0947 seconds with 5 iterations.
2024-03-25 02:34:46,449 - DEBUG - Score state 449 completed in 0.0947 seconds with 5 iterations.
2024-03-25 02:34:46,545 - DEBUG - Score state 450 completed in 0.0967 seconds with 5 iterations.
2024-03-25 02:34:46,642 - DEBUG - Score state 451 completed in 0.0967 seconds with 5 iterations.
2024-03-25 02:34:46,738 - DEBUG - Score state 452 completed in 0.0957 seconds with 5 iterations.
2024-03-25 02:34:46,834 - DEBUG - Score state 453 completed in 0.0957 seconds with 5 iterations.
2024-03-25 02:34:46,928 - DEBUG - Score state 454 completed in 0.0947 seconds with 5 iterations.
2024-03-25 02:34:47,027 - DEBUG - Score state 455 completed in 0.0987 seconds with 5 iterations.
2024-03-25 02:34:47,133 - DEBUG - Score state 456 completed in 0.1047 seconds with 5 iterations.
2024-03-25 02:34:47,232 - DEBUG - Score state 457 completed in 0.0987 seconds with 5 iterations.
2024-03-25 02:34:47,326 - DEBUG - Score state 458 completed in 0.0947 seconds with 5 iterations.
2024-03-25 02:34:47,422 - DEBUG - Score state 459 completed in 0.0957 seconds with 5 iterations.
2024-03-25 02:34:47,517 - DEBUG - Score state 460 completed in 0.0947 seconds with 5 iterations.
2024-03-25 02:34:47,614 - DEBUG - Score state 461 completed in 0.0967 seconds with 5 iterations.
2024-03-25 02:34:47,710 - DEBUG - Score state 462 completed in 0.0967 seconds with 5 iterations.
2024-03-25 02:34:47,810 - DEBUG - Score state 463 completed in 0.0997 seconds with 5 iterations.
2024-03-25 02:34:47,908 - DEBUG - Score state 464 completed in 0.0967 seconds with 5 iterations.
2024-03-25 02:34:48,007 - DEBUG - Score state 465 completed in 0.0987 seconds with 5 iterations.
2024-03-25 02:34:48,104 - DEBUG - Score state 466 completed in 0.0977 seconds with 5 iterations.
2024-03-25 02:34:48,200 - DEBUG - Score state 467 completed in 0.0957 seconds with 5 iterations.
2024-03-25 02:34:48,296 - DEBUG - Score state 468 completed in 0.0957 seconds with 5 iterations.
2024-03-25 02:34:48,390 - DEBUG - Score state 469 completed in 0.0937 seconds with 5 iterations.
2024-03-25 02:34:48,485 - DEBUG - Score state 470 completed in 0.0947 seconds with 5 iterations.
2024-03-25 02:34:48,581 - DEBUG - Score state 471 completed in 0.0947 seconds with 5 iterations.
2024-03-25 02:34:48,677 - DEBUG - Score state 472 completed in 0.0947 seconds with 5 iterations.
2024-03-25 02:34:48,772 - DEBUG - Score state 473 completed in 0.0957 seconds with 5 iterations.
2024-03-25 02:34:48,868 - DEBUG - Score state 474 completed in 0.0957 seconds with 5 iterations.
2024-03-25 02:34:48,964 - DEBUG - Score state 475 completed in 0.0947 seconds with 5 iterations.
2024-03-25 02:34:49,063 - DEBUG - Score state 476 completed in 0.0987 seconds with 5 iterations.
2024-03-25 02:34:49,159 - DEBUG - Score state 477 completed in 0.0967 seconds with 5 iterations.
2024-03-25 02:34:49,256 - DEBUG - Score state 478 completed in 0.0967 seconds with 5 iterations.
2024-03-25 02:34:49,351 - DEBUG - Score state 479 completed in 0.0937 seconds with 5 iterations.
2024-03-25 02:34:49,446 - DEBUG - Score state 480 completed in 0.0937 seconds with 5 iterations.
2024-03-25 02:34:49,544 - DEBUG - Score state 481 completed in 0.0987 seconds with 5 iterations.
2024-03-25 02:34:49,638 - DEBUG - Score state 482 completed in 0.0937 seconds with 5 iterations.
2024-03-25 02:34:49,733 - DEBUG - Score state 483 completed in 0.0937 seconds with 5 iterations.
2024-03-25 02:34:49,831 - DEBUG - Score state 484 completed in 0.0967 seconds with 5 iterations.
2024-03-25 02:34:49,925 - DEBUG - Score state 485 completed in 0.0947 seconds with 5 iterations.
2024-03-25 02:34:50,022 - DEBUG - Score state 486 completed in 0.0957 seconds with 5 iterations.
2024-03-25 02:34:50,125 - DEBUG - Score state 487 completed in 0.1027 seconds with 5 iterations.
2024-03-25 02:34:50,224 - DEBUG - Score state 488 completed in 0.0987 seconds with 5 iterations.
2024-03-25 02:34:50,320 - DEBUG - Score state 489 completed in 0.0967 seconds with 5 iterations.
2024-03-25 02:34:50,417 - DEBUG - Score state 490 completed in 0.0967 seconds with 5 iterations.
2024-03-25 02:34:50,512 - DEBUG - Score state 491 completed in 0.0947 seconds with 5 iterations.
2024-03-25 02:34:50,608 - DEBUG - Score state 492 completed in 0.0957 seconds with 5 iterations.
2024-03-25 02:34:50,703 - DEBUG - Score state 493 completed in 0.0957 seconds with 5 iterations.
2024-03-25 02:34:50,801 - DEBUG - Score state 494 completed in 0.0977 seconds with 5 iterations.
2024-03-25 02:34:50,896 - DEBUG - Score state 495 completed in 0.0947 seconds with 5 iterations.
2024-03-25 02:34:50,991 - DEBUG - Score state 496 completed in 0.0947 seconds with 5 iterations.
2024-03-25 02:34:51,089 - DEBUG - Score state 497 completed in 0.0987 seconds with 5 iterations.
2024-03-25 02:34:51,185 - DEBUG - Score state 498 completed in 0.0957 seconds with 5 iterations.
2024-03-25 02:34:51,280 - DEBUG - Score state 499 completed in 0.0947 seconds with 5 iterations.
2024-03-25 02:34:51,376 - DEBUG - Score state 500 completed in 0.0947 seconds with 5 iterations.
2024-03-25 02:34:51,471 - DEBUG - Score state 501 completed in 0.0957 seconds with 5 iterations.
2024-03-25 02:34:51,476 - INFO - Saved V matrix and optimal action index for player 11
2024-03-25 02:34:51,476 - INFO - Total time for value iteration: 44.7403 seconds.
2024-03-25 02:52:46,896 - INFO - Operating System: Linux 5.15.0-94-generic
2024-03-25 02:52:46,896 - INFO - Machine: x86_64
2024-03-25 02:52:46,897 - INFO - Processor: x86_64
2024-03-25 02:52:46,932 - DEBUG - Score state 2 completed in 0.0045 seconds with 20 iterations.
2024-03-25 02:52:46,938 - DEBUG - Score state 3 completed in 0.0057 seconds with 18 iterations.
2024-03-25 02:52:46,945 - DEBUG - Score state 4 completed in 0.0067 seconds with 15 iterations.
2024-03-25 02:52:46,953 - DEBUG - Score state 5 completed in 0.0073 seconds with 13 iterations.
2024-03-25 02:52:46,966 - DEBUG - Score state 6 completed in 0.0126 seconds with 19 iterations.
2024-03-25 02:52:46,977 - DEBUG - Score state 7 completed in 0.0104 seconds with 13 iterations.
2024-03-25 02:52:46,984 - DEBUG - Score state 8 completed in 0.0063 seconds with 12 iterations.
2024-03-25 02:52:46,989 - DEBUG - Score state 9 completed in 0.0049 seconds with 8 iterations.
2024-03-25 02:52:46,998 - DEBUG - Score state 10 completed in 0.0083 seconds with 13 iterations.
2024-03-25 02:52:47,011 - DEBUG - Score state 11 completed in 0.0130 seconds with 8 iterations.
2024-03-25 02:52:47,030 - DEBUG - Score state 12 completed in 0.0187 seconds with 13 iterations.
2024-03-25 02:52:47,046 - DEBUG - Score state 13 completed in 0.0150 seconds with 8 iterations.
2024-03-25 02:52:47,069 - DEBUG - Score state 14 completed in 0.0228 seconds with 12 iterations.
2024-03-25 02:52:47,085 - DEBUG - Score state 15 completed in 0.0154 seconds with 8 iterations.
2024-03-25 02:52:47,110 - DEBUG - Score state 16 completed in 0.0248 seconds with 10 iterations.
2024-03-25 02:52:47,126 - DEBUG - Score state 17 completed in 0.0156 seconds with 7 iterations.
2024-03-25 02:52:47,182 - DEBUG - Score state 18 completed in 0.0550 seconds with 12 iterations.
2024-03-25 02:52:47,219 - DEBUG - Score state 19 completed in 0.0369 seconds with 7 iterations.
2024-03-25 02:52:47,253 - DEBUG - Score state 20 completed in 0.0340 seconds with 12 iterations.
2024-03-25 02:52:47,273 - DEBUG - Score state 21 completed in 0.0195 seconds with 7 iterations.
2024-03-25 02:52:47,312 - DEBUG - Score state 22 completed in 0.0387 seconds with 12 iterations.
2024-03-25 02:52:47,336 - DEBUG - Score state 23 completed in 0.0230 seconds with 7 iterations.
2024-03-25 02:52:47,369 - DEBUG - Score state 24 completed in 0.0329 seconds with 10 iterations.
2024-03-25 02:52:47,392 - DEBUG - Score state 25 completed in 0.0222 seconds with 6 iterations.
2024-03-25 02:52:47,441 - DEBUG - Score state 26 completed in 0.0483 seconds with 12 iterations.
2024-03-25 02:52:47,464 - DEBUG - Score state 27 completed in 0.0222 seconds with 6 iterations.
2024-03-25 02:52:47,518 - DEBUG - Score state 28 completed in 0.0539 seconds with 12 iterations.
2024-03-25 02:52:47,546 - DEBUG - Score state 29 completed in 0.0278 seconds with 6 iterations.
2024-03-25 02:52:47,602 - DEBUG - Score state 30 completed in 0.0557 seconds with 12 iterations.
2024-03-25 02:52:47,631 - DEBUG - Score state 31 completed in 0.0282 seconds with 6 iterations.
2024-03-25 02:52:47,676 - DEBUG - Score state 32 completed in 0.0450 seconds with 10 iterations.
2024-03-25 02:52:47,707 - DEBUG - Score state 33 completed in 0.0299 seconds with 6 iterations.
2024-03-25 02:52:47,759 - DEBUG - Score state 34 completed in 0.0512 seconds with 11 iterations.
2024-03-25 02:52:47,787 - DEBUG - Score state 35 completed in 0.0284 seconds with 6 iterations.
2024-03-25 02:52:47,842 - DEBUG - Score state 36 completed in 0.0543 seconds with 10 iterations.
2024-03-25 02:52:47,875 - DEBUG - Score state 37 completed in 0.0324 seconds with 6 iterations.
2024-03-25 02:52:47,942 - DEBUG - Score state 38 completed in 0.0667 seconds with 11 iterations.
2024-03-25 02:52:47,978 - DEBUG - Score state 39 completed in 0.0348 seconds with 6 iterations.
2024-03-25 02:52:48,033 - DEBUG - Score state 40 completed in 0.0547 seconds with 10 iterations.
2024-03-25 02:52:48,068 - DEBUG - Score state 41 completed in 0.0344 seconds with 6 iterations.
2024-03-25 02:52:48,105 - DEBUG - Score state 42 completed in 0.0369 seconds with 6 iterations.
2024-03-25 02:52:48,141 - DEBUG - Score state 43 completed in 0.0356 seconds with 6 iterations.
2024-03-25 02:52:48,180 - DEBUG - Score state 44 completed in 0.0387 seconds with 6 iterations.
2024-03-25 02:52:48,221 - DEBUG - Score state 45 completed in 0.0403 seconds with 6 iterations.
2024-03-25 02:52:48,262 - DEBUG - Score state 46 completed in 0.0408 seconds with 6 iterations.
2024-03-25 02:52:48,302 - DEBUG - Score state 47 completed in 0.0387 seconds with 6 iterations.
2024-03-25 02:52:48,344 - DEBUG - Score state 48 completed in 0.0421 seconds with 6 iterations.
2024-03-25 02:52:48,387 - DEBUG - Score state 49 completed in 0.0424 seconds with 6 iterations.
2024-03-25 02:52:48,434 - DEBUG - Score state 50 completed in 0.0461 seconds with 6 iterations.
2024-03-25 02:52:48,475 - DEBUG - Score state 51 completed in 0.0412 seconds with 6 iterations.
2024-03-25 02:52:48,521 - DEBUG - Score state 52 completed in 0.0453 seconds with 6 iterations.
2024-03-25 02:52:48,567 - DEBUG - Score state 53 completed in 0.0455 seconds with 6 iterations.
2024-03-25 02:52:48,615 - DEBUG - Score state 54 completed in 0.0475 seconds with 6 iterations.
2024-03-25 02:52:48,663 - DEBUG - Score state 55 completed in 0.0465 seconds with 6 iterations.
2024-03-25 02:52:48,725 - DEBUG - Score state 56 completed in 0.0616 seconds with 6 iterations.
2024-03-25 02:52:48,776 - DEBUG - Score state 57 completed in 0.0503 seconds with 6 iterations.
2024-03-25 02:52:48,829 - DEBUG - Score state 58 completed in 0.0522 seconds with 6 iterations.
2024-03-25 02:52:48,883 - DEBUG - Score state 59 completed in 0.0532 seconds with 6 iterations.
2024-03-25 02:52:48,937 - DEBUG - Score state 60 completed in 0.0538 seconds with 6 iterations.
2024-03-25 02:52:49,006 - DEBUG - Score state 61 completed in 0.0685 seconds with 8 iterations.
2024-03-25 02:52:49,071 - DEBUG - Score state 62 completed in 0.0647 seconds with 7 iterations.
2024-03-25 02:52:49,138 - DEBUG - Score state 63 completed in 0.0665 seconds with 7 iterations.
2024-03-25 02:52:49,202 - DEBUG - Score state 64 completed in 0.0635 seconds with 7 iterations.
2024-03-25 02:52:49,269 - DEBUG - Score state 65 completed in 0.0662 seconds with 7 iterations.
2024-03-25 02:52:49,337 - DEBUG - Score state 66 completed in 0.0675 seconds with 7 iterations.
2024-03-25 02:52:49,403 - DEBUG - Score state 67 completed in 0.0660 seconds with 7 iterations.
2024-03-25 02:52:49,472 - DEBUG - Score state 68 completed in 0.0679 seconds with 7 iterations.
2024-03-25 02:52:49,539 - DEBUG - Score state 69 completed in 0.0665 seconds with 7 iterations.
2024-03-25 02:52:49,605 - DEBUG - Score state 70 completed in 0.0654 seconds with 7 iterations.
2024-03-25 02:52:49,672 - DEBUG - Score state 71 completed in 0.0668 seconds with 7 iterations.
2024-03-25 02:52:49,740 - DEBUG - Score state 72 completed in 0.0680 seconds with 7 iterations.
2024-03-25 02:52:49,800 - DEBUG - Score state 73 completed in 0.0592 seconds with 6 iterations.
2024-03-25 02:52:49,861 - DEBUG - Score state 74 completed in 0.0602 seconds with 6 iterations.
2024-03-25 02:52:49,934 - DEBUG - Score state 75 completed in 0.0733 seconds with 7 iterations.
2024-03-25 02:52:49,996 - DEBUG - Score state 76 completed in 0.0608 seconds with 6 iterations.
2024-03-25 02:52:50,057 - DEBUG - Score state 77 completed in 0.0608 seconds with 6 iterations.
2024-03-25 02:52:50,117 - DEBUG - Score state 78 completed in 0.0598 seconds with 6 iterations.
2024-03-25 02:52:50,190 - DEBUG - Score state 79 completed in 0.0722 seconds with 7 iterations.
2024-03-25 02:52:50,253 - DEBUG - Score state 80 completed in 0.0621 seconds with 6 iterations.
2024-03-25 02:52:50,315 - DEBUG - Score state 81 completed in 0.0623 seconds with 6 iterations.
2024-03-25 02:52:50,407 - DEBUG - Score state 82 completed in 0.0909 seconds with 6 iterations.
2024-03-25 02:52:50,482 - DEBUG - Score state 83 completed in 0.0745 seconds with 7 iterations.
2024-03-25 02:52:50,578 - DEBUG - Score state 84 completed in 0.0953 seconds with 7 iterations.
2024-03-25 02:52:50,701 - DEBUG - Score state 85 completed in 0.1226 seconds with 7 iterations.
2024-03-25 02:52:50,766 - DEBUG - Score state 86 completed in 0.0641 seconds with 6 iterations.
2024-03-25 02:52:50,856 - DEBUG - Score state 87 completed in 0.0895 seconds with 6 iterations.
2024-03-25 02:52:51,027 - DEBUG - Score state 88 completed in 0.1702 seconds with 7 iterations.
2024-03-25 02:52:51,159 - DEBUG - Score state 89 completed in 0.1306 seconds with 6 iterations.
2024-03-25 02:52:51,246 - DEBUG - Score state 90 completed in 0.0865 seconds with 7 iterations.
2024-03-25 02:52:51,324 - DEBUG - Score state 91 completed in 0.0776 seconds with 7 iterations.
2024-03-25 02:52:51,401 - DEBUG - Score state 92 completed in 0.0769 seconds with 7 iterations.
2024-03-25 02:52:51,479 - DEBUG - Score state 93 completed in 0.0766 seconds with 7 iterations.
2024-03-25 02:52:51,558 - DEBUG - Score state 94 completed in 0.0790 seconds with 7 iterations.
2024-03-25 02:52:51,640 - DEBUG - Score state 95 completed in 0.0817 seconds with 7 iterations.
2024-03-25 02:52:51,726 - DEBUG - Score state 96 completed in 0.0853 seconds with 7 iterations.
2024-03-25 02:52:51,810 - DEBUG - Score state 97 completed in 0.0835 seconds with 7 iterations.
2024-03-25 02:52:51,898 - DEBUG - Score state 98 completed in 0.0881 seconds with 7 iterations.
2024-03-25 02:52:51,977 - DEBUG - Score state 99 completed in 0.0782 seconds with 7 iterations.
2024-03-25 02:52:52,059 - DEBUG - Score state 100 completed in 0.0815 seconds with 7 iterations.
2024-03-25 02:52:52,133 - DEBUG - Score state 101 completed in 0.0733 seconds with 6 iterations.
2024-03-25 02:52:52,207 - DEBUG - Score state 102 completed in 0.0743 seconds with 6 iterations.
2024-03-25 02:52:52,279 - DEBUG - Score state 103 completed in 0.0714 seconds with 6 iterations.
2024-03-25 02:52:52,352 - DEBUG - Score state 104 completed in 0.0723 seconds with 6 iterations.
2024-03-25 02:52:52,426 - DEBUG - Score state 105 completed in 0.0733 seconds with 6 iterations.
2024-03-25 02:52:52,500 - DEBUG - Score state 106 completed in 0.0730 seconds with 6 iterations.
2024-03-25 02:52:52,572 - DEBUG - Score state 107 completed in 0.0722 seconds with 6 iterations.
2024-03-25 02:52:52,634 - DEBUG - Score state 108 completed in 0.0613 seconds with 5 iterations.
2024-03-25 02:52:52,699 - DEBUG - Score state 109 completed in 0.0641 seconds with 5 iterations.
2024-03-25 02:52:52,774 - DEBUG - Score state 110 completed in 0.0744 seconds with 6 iterations.
2024-03-25 02:52:52,838 - DEBUG - Score state 111 completed in 0.0642 seconds with 5 iterations.
2024-03-25 02:52:52,903 - DEBUG - Score state 112 completed in 0.0638 seconds with 5 iterations.
2024-03-25 02:52:52,977 - DEBUG - Score state 113 completed in 0.0745 seconds with 6 iterations.
2024-03-25 02:52:53,043 - DEBUG - Score state 114 completed in 0.0647 seconds with 5 iterations.
2024-03-25 02:52:53,108 - DEBUG - Score state 115 completed in 0.0643 seconds with 5 iterations.
2024-03-25 02:52:53,184 - DEBUG - Score state 116 completed in 0.0757 seconds with 6 iterations.
2024-03-25 02:52:53,260 - DEBUG - Score state 117 completed in 0.0754 seconds with 6 iterations.
2024-03-25 02:52:53,325 - DEBUG - Score state 118 completed in 0.0646 seconds with 5 iterations.
2024-03-25 02:52:53,402 - DEBUG - Score state 119 completed in 0.0764 seconds with 6 iterations.
2024-03-25 02:52:53,468 - DEBUG - Score state 120 completed in 0.0660 seconds with 5 iterations.
2024-03-25 02:52:53,545 - DEBUG - Score state 121 completed in 0.0766 seconds with 6 iterations.
2024-03-25 02:52:53,622 - DEBUG - Score state 122 completed in 0.0765 seconds with 6 iterations.
2024-03-25 02:52:53,701 - DEBUG - Score state 123 completed in 0.0782 seconds with 6 iterations.
2024-03-25 02:52:53,780 - DEBUG - Score state 124 completed in 0.0789 seconds with 6 iterations.
2024-03-25 02:52:53,859 - DEBUG - Score state 125 completed in 0.0779 seconds with 6 iterations.
2024-03-25 02:52:53,938 - DEBUG - Score state 126 completed in 0.0790 seconds with 6 iterations.
2024-03-25 02:52:54,006 - DEBUG - Score state 127 completed in 0.0671 seconds with 5 iterations.
2024-03-25 02:52:54,084 - DEBUG - Score state 128 completed in 0.0780 seconds with 6 iterations.
2024-03-25 02:52:54,173 - DEBUG - Score state 129 completed in 0.0883 seconds with 7 iterations.
2024-03-25 02:52:54,252 - DEBUG - Score state 130 completed in 0.0788 seconds with 6 iterations.
2024-03-25 02:52:54,342 - DEBUG - Score state 131 completed in 0.0895 seconds with 7 iterations.
2024-03-25 02:52:54,432 - DEBUG - Score state 132 completed in 0.0892 seconds with 7 iterations.
2024-03-25 02:52:54,521 - DEBUG - Score state 133 completed in 0.0891 seconds with 7 iterations.
2024-03-25 02:52:54,611 - DEBUG - Score state 134 completed in 0.0888 seconds with 7 iterations.
2024-03-25 02:52:54,691 - DEBUG - Score state 135 completed in 0.0795 seconds with 6 iterations.
2024-03-25 02:52:54,796 - DEBUG - Score state 136 completed in 0.1051 seconds with 7 iterations.
2024-03-25 02:52:54,886 - DEBUG - Score state 137 completed in 0.0892 seconds with 6 iterations.
2024-03-25 02:52:54,987 - DEBUG - Score state 138 completed in 0.1008 seconds with 7 iterations.
2024-03-25 02:52:55,077 - DEBUG - Score state 139 completed in 0.0894 seconds with 7 iterations.
2024-03-25 02:52:55,172 - DEBUG - Score state 140 completed in 0.0943 seconds with 7 iterations.
2024-03-25 02:52:55,252 - DEBUG - Score state 141 completed in 0.0793 seconds with 6 iterations.
2024-03-25 02:52:55,328 - DEBUG - Score state 142 completed in 0.0757 seconds with 5 iterations.
2024-03-25 02:52:55,396 - DEBUG - Score state 143 completed in 0.0670 seconds with 5 iterations.
2024-03-25 02:52:55,464 - DEBUG - Score state 144 completed in 0.0676 seconds with 5 iterations.
2024-03-25 02:52:55,542 - DEBUG - Score state 145 completed in 0.0777 seconds with 6 iterations.
2024-03-25 02:52:55,597 - DEBUG - Score state 146 completed in 0.0551 seconds with 4 iterations.
2024-03-25 02:52:55,655 - DEBUG - Score state 147 completed in 0.0572 seconds with 4 iterations.
2024-03-25 02:52:55,715 - DEBUG - Score state 148 completed in 0.0591 seconds with 4 iterations.
2024-03-25 02:52:55,774 - DEBUG - Score state 149 completed in 0.0589 seconds with 4 iterations.
2024-03-25 02:52:55,833 - DEBUG - Score state 150 completed in 0.0581 seconds with 4 iterations.
2024-03-25 02:52:55,889 - DEBUG - Score state 151 completed in 0.0555 seconds with 4 iterations.
2024-03-25 02:52:55,945 - DEBUG - Score state 152 completed in 0.0556 seconds with 4 iterations.
2024-03-25 02:52:56,001 - DEBUG - Score state 153 completed in 0.0557 seconds with 4 iterations.
2024-03-25 02:52:56,056 - DEBUG - Score state 154 completed in 0.0552 seconds with 4 iterations.
2024-03-25 02:52:56,112 - DEBUG - Score state 155 completed in 0.0556 seconds with 4 iterations.
2024-03-25 02:52:56,169 - DEBUG - Score state 156 completed in 0.0557 seconds with 4 iterations.
2024-03-25 02:52:56,225 - DEBUG - Score state 157 completed in 0.0563 seconds with 4 iterations.
2024-03-25 02:52:56,281 - DEBUG - Score state 158 completed in 0.0552 seconds with 4 iterations.
2024-03-25 02:52:56,348 - DEBUG - Score state 159 completed in 0.0662 seconds with 5 iterations.
2024-03-25 02:52:56,405 - DEBUG - Score state 160 completed in 0.0564 seconds with 4 iterations.
2024-03-25 02:52:56,461 - DEBUG - Score state 161 completed in 0.0555 seconds with 4 iterations.
2024-03-25 02:52:56,529 - DEBUG - Score state 162 completed in 0.0675 seconds with 5 iterations.
2024-03-25 02:52:56,595 - DEBUG - Score state 163 completed in 0.0657 seconds with 5 iterations.
2024-03-25 02:52:56,651 - DEBUG - Score state 164 completed in 0.0555 seconds with 4 iterations.
2024-03-25 02:52:56,717 - DEBUG - Score state 165 completed in 0.0654 seconds with 5 iterations.
2024-03-25 02:52:56,783 - DEBUG - Score state 166 completed in 0.0664 seconds with 5 iterations.
2024-03-25 02:52:56,838 - DEBUG - Score state 167 completed in 0.0545 seconds with 4 iterations.
2024-03-25 02:52:56,906 - DEBUG - Score state 168 completed in 0.0671 seconds with 5 iterations.
2024-03-25 02:52:56,975 - DEBUG - Score state 169 completed in 0.0669 seconds with 5 iterations.
2024-03-25 02:52:57,032 - DEBUG - Score state 170 completed in 0.0562 seconds with 4 iterations.
2024-03-25 02:52:57,098 - DEBUG - Score state 171 completed in 0.0651 seconds with 5 iterations.
2024-03-25 02:52:57,165 - DEBUG - Score state 172 completed in 0.0673 seconds with 5 iterations.
2024-03-25 02:52:57,232 - DEBUG - Score state 173 completed in 0.0665 seconds with 5 iterations.
2024-03-25 02:52:57,299 - DEBUG - Score state 174 completed in 0.0664 seconds with 5 iterations.
2024-03-25 02:52:57,365 - DEBUG - Score state 175 completed in 0.0654 seconds with 5 iterations.
2024-03-25 02:52:57,432 - DEBUG - Score state 176 completed in 0.0666 seconds with 5 iterations.
2024-03-25 02:52:57,499 - DEBUG - Score state 177 completed in 0.0660 seconds with 5 iterations.
2024-03-25 02:52:57,566 - DEBUG - Score state 178 completed in 0.0666 seconds with 5 iterations.
2024-03-25 02:52:57,631 - DEBUG - Score state 179 completed in 0.0652 seconds with 5 iterations.
2024-03-25 02:52:57,698 - DEBUG - Score state 180 completed in 0.0667 seconds with 5 iterations.
2024-03-25 02:52:57,765 - DEBUG - Score state 181 completed in 0.0661 seconds with 5 iterations.
2024-03-25 02:52:57,820 - DEBUG - Score state 182 completed in 0.0548 seconds with 4 iterations.
2024-03-25 02:52:57,875 - DEBUG - Score state 183 completed in 0.0541 seconds with 4 iterations.
2024-03-25 02:52:57,930 - DEBUG - Score state 184 completed in 0.0551 seconds with 4 iterations.
2024-03-25 02:52:57,987 - DEBUG - Score state 185 completed in 0.0566 seconds with 4 iterations.
2024-03-25 02:52:58,043 - DEBUG - Score state 186 completed in 0.0548 seconds with 4 iterations.
2024-03-25 02:52:58,099 - DEBUG - Score state 187 completed in 0.0558 seconds with 4 iterations.
2024-03-25 02:52:58,155 - DEBUG - Score state 188 completed in 0.0552 seconds with 4 iterations.
2024-03-25 02:52:58,211 - DEBUG - Score state 189 completed in 0.0560 seconds with 4 iterations.
2024-03-25 02:52:58,267 - DEBUG - Score state 190 completed in 0.0550 seconds with 4 iterations.
2024-03-25 02:52:58,322 - DEBUG - Score state 191 completed in 0.0552 seconds with 4 iterations.
2024-03-25 02:52:58,377 - DEBUG - Score state 192 completed in 0.0546 seconds with 4 iterations.
2024-03-25 02:52:58,436 - DEBUG - Score state 193 completed in 0.0580 seconds with 4 iterations.
2024-03-25 02:52:58,506 - DEBUG - Score state 194 completed in 0.0695 seconds with 4 iterations.
2024-03-25 02:52:58,563 - DEBUG - Score state 195 completed in 0.0571 seconds with 4 iterations.
2024-03-25 02:52:58,619 - DEBUG - Score state 196 completed in 0.0552 seconds with 4 iterations.
2024-03-25 02:52:58,674 - DEBUG - Score state 197 completed in 0.0542 seconds with 4 iterations.
2024-03-25 02:52:58,737 - DEBUG - Score state 198 completed in 0.0625 seconds with 4 iterations.
2024-03-25 02:52:58,791 - DEBUG - Score state 199 completed in 0.0541 seconds with 4 iterations.
2024-03-25 02:52:58,847 - DEBUG - Score state 200 completed in 0.0553 seconds with 4 iterations.
2024-03-25 02:52:58,902 - DEBUG - Score state 201 completed in 0.0544 seconds with 4 iterations.
2024-03-25 02:52:58,962 - DEBUG - Score state 202 completed in 0.0598 seconds with 4 iterations.
2024-03-25 02:52:59,017 - DEBUG - Score state 203 completed in 0.0544 seconds with 4 iterations.
2024-03-25 02:52:59,082 - DEBUG - Score state 204 completed in 0.0644 seconds with 4 iterations.
2024-03-25 02:52:59,137 - DEBUG - Score state 205 completed in 0.0547 seconds with 4 iterations.
2024-03-25 02:52:59,195 - DEBUG - Score state 206 completed in 0.0577 seconds with 4 iterations.
2024-03-25 02:52:59,253 - DEBUG - Score state 207 completed in 0.0577 seconds with 4 iterations.
2024-03-25 02:52:59,309 - DEBUG - Score state 208 completed in 0.0549 seconds with 4 iterations.
2024-03-25 02:52:59,366 - DEBUG - Score state 209 completed in 0.0564 seconds with 4 iterations.
2024-03-25 02:52:59,420 - DEBUG - Score state 210 completed in 0.0541 seconds with 4 iterations.
2024-03-25 02:52:59,477 - DEBUG - Score state 211 completed in 0.0568 seconds with 4 iterations.
2024-03-25 02:52:59,533 - DEBUG - Score state 212 completed in 0.0550 seconds with 4 iterations.
2024-03-25 02:52:59,589 - DEBUG - Score state 213 completed in 0.0551 seconds with 4 iterations.
2024-03-25 02:52:59,644 - DEBUG - Score state 214 completed in 0.0553 seconds with 4 iterations.
2024-03-25 02:52:59,700 - DEBUG - Score state 215 completed in 0.0553 seconds with 4 iterations.
2024-03-25 02:52:59,756 - DEBUG - Score state 216 completed in 0.0556 seconds with 4 iterations.
2024-03-25 02:52:59,811 - DEBUG - Score state 217 completed in 0.0547 seconds with 4 iterations.
2024-03-25 02:52:59,867 - DEBUG - Score state 218 completed in 0.0554 seconds with 4 iterations.
2024-03-25 02:52:59,922 - DEBUG - Score state 219 completed in 0.0547 seconds with 4 iterations.
2024-03-25 02:52:59,978 - DEBUG - Score state 220 completed in 0.0552 seconds with 4 iterations.
2024-03-25 02:53:00,033 - DEBUG - Score state 221 completed in 0.0544 seconds with 4 iterations.
2024-03-25 02:53:00,089 - DEBUG - Score state 222 completed in 0.0553 seconds with 4 iterations.
2024-03-25 02:53:00,144 - DEBUG - Score state 223 completed in 0.0544 seconds with 4 iterations.
2024-03-25 02:53:00,200 - DEBUG - Score state 224 completed in 0.0564 seconds with 4 iterations.
2024-03-25 02:53:00,256 - DEBUG - Score state 225 completed in 0.0554 seconds with 4 iterations.
2024-03-25 02:53:00,312 - DEBUG - Score state 226 completed in 0.0556 seconds with 4 iterations.
2024-03-25 02:53:00,368 - DEBUG - Score state 227 completed in 0.0552 seconds with 4 iterations.
2024-03-25 02:53:00,424 - DEBUG - Score state 228 completed in 0.0557 seconds with 4 iterations.
2024-03-25 02:53:00,480 - DEBUG - Score state 229 completed in 0.0548 seconds with 4 iterations.
2024-03-25 02:53:00,535 - DEBUG - Score state 230 completed in 0.0551 seconds with 4 iterations.
2024-03-25 02:53:00,591 - DEBUG - Score state 231 completed in 0.0550 seconds with 4 iterations.
2024-03-25 02:53:00,646 - DEBUG - Score state 232 completed in 0.0551 seconds with 4 iterations.
2024-03-25 02:53:00,702 - DEBUG - Score state 233 completed in 0.0553 seconds with 4 iterations.
2024-03-25 02:53:00,758 - DEBUG - Score state 234 completed in 0.0553 seconds with 4 iterations.
2024-03-25 02:53:00,813 - DEBUG - Score state 235 completed in 0.0549 seconds with 4 iterations.
2024-03-25 02:53:00,870 - DEBUG - Score state 236 completed in 0.0567 seconds with 4 iterations.
2024-03-25 02:53:00,926 - DEBUG - Score state 237 completed in 0.0553 seconds with 4 iterations.
2024-03-25 02:53:00,982 - DEBUG - Score state 238 completed in 0.0553 seconds with 4 iterations.
2024-03-25 02:53:01,037 - DEBUG - Score state 239 completed in 0.0546 seconds with 4 iterations.
2024-03-25 02:53:01,093 - DEBUG - Score state 240 completed in 0.0554 seconds with 4 iterations.
2024-03-25 02:53:01,148 - DEBUG - Score state 241 completed in 0.0552 seconds with 4 iterations.
2024-03-25 02:53:01,205 - DEBUG - Score state 242 completed in 0.0562 seconds with 4 iterations.
2024-03-25 02:53:01,261 - DEBUG - Score state 243 completed in 0.0553 seconds with 4 iterations.
2024-03-25 02:53:01,317 - DEBUG - Score state 244 completed in 0.0560 seconds with 4 iterations.
2024-03-25 02:53:01,373 - DEBUG - Score state 245 completed in 0.0549 seconds with 4 iterations.
2024-03-25 02:53:01,429 - DEBUG - Score state 246 completed in 0.0557 seconds with 4 iterations.
2024-03-25 02:53:01,484 - DEBUG - Score state 247 completed in 0.0547 seconds with 4 iterations.
2024-03-25 02:53:01,555 - DEBUG - Score state 248 completed in 0.0700 seconds with 4 iterations.
2024-03-25 02:53:01,611 - DEBUG - Score state 249 completed in 0.0561 seconds with 4 iterations.
2024-03-25 02:53:01,666 - DEBUG - Score state 250 completed in 0.0542 seconds with 4 iterations.
2024-03-25 02:53:01,721 - DEBUG - Score state 251 completed in 0.0548 seconds with 4 iterations.
2024-03-25 02:53:01,777 - DEBUG - Score state 252 completed in 0.0555 seconds with 4 iterations.
2024-03-25 02:53:01,832 - DEBUG - Score state 253 completed in 0.0547 seconds with 4 iterations.
2024-03-25 02:53:01,888 - DEBUG - Score state 254 completed in 0.0554 seconds with 4 iterations.
2024-03-25 02:53:01,943 - DEBUG - Score state 255 completed in 0.0548 seconds with 4 iterations.
2024-03-25 02:53:02,003 - DEBUG - Score state 256 completed in 0.0563 seconds with 4 iterations.
2024-03-25 02:53:02,062 - DEBUG - Score state 257 completed in 0.0584 seconds with 4 iterations.
2024-03-25 02:53:02,119 - DEBUG - Score state 258 completed in 0.0567 seconds with 4 iterations.
2024-03-25 02:53:02,180 - DEBUG - Score state 259 completed in 0.0610 seconds with 4 iterations.
2024-03-25 02:53:02,236 - DEBUG - Score state 260 completed in 0.0551 seconds with 4 iterations.
2024-03-25 02:53:02,308 - DEBUG - Score state 261 completed in 0.0718 seconds with 4 iterations.
2024-03-25 02:53:02,366 - DEBUG - Score state 262 completed in 0.0571 seconds with 4 iterations.
2024-03-25 02:53:02,421 - DEBUG - Score state 263 completed in 0.0547 seconds with 4 iterations.
2024-03-25 02:53:02,476 - DEBUG - Score state 264 completed in 0.0549 seconds with 4 iterations.
2024-03-25 02:53:02,540 - DEBUG - Score state 265 completed in 0.0632 seconds with 4 iterations.
2024-03-25 02:53:02,595 - DEBUG - Score state 266 completed in 0.0546 seconds with 4 iterations.
2024-03-25 02:53:02,651 - DEBUG - Score state 267 completed in 0.0553 seconds with 4 iterations.
2024-03-25 02:53:02,706 - DEBUG - Score state 268 completed in 0.0546 seconds with 4 iterations.
2024-03-25 02:53:02,762 - DEBUG - Score state 269 completed in 0.0553 seconds with 4 iterations.
2024-03-25 02:53:02,817 - DEBUG - Score state 270 completed in 0.0552 seconds with 4 iterations.
2024-03-25 02:53:02,889 - DEBUG - Score state 271 completed in 0.0713 seconds with 5 iterations.
2024-03-25 02:53:02,956 - DEBUG - Score state 272 completed in 0.0663 seconds with 5 iterations.
2024-03-25 02:53:03,031 - DEBUG - Score state 273 completed in 0.0748 seconds with 5 iterations.
2024-03-25 02:53:03,099 - DEBUG - Score state 274 completed in 0.0674 seconds with 5 iterations.
2024-03-25 02:53:03,167 - DEBUG - Score state 275 completed in 0.0671 seconds with 5 iterations.
2024-03-25 02:53:03,233 - DEBUG - Score state 276 completed in 0.0663 seconds with 5 iterations.
2024-03-25 02:53:03,299 - DEBUG - Score state 277 completed in 0.0652 seconds with 5 iterations.
2024-03-25 02:53:03,366 - DEBUG - Score state 278 completed in 0.0660 seconds with 5 iterations.
2024-03-25 02:53:03,433 - DEBUG - Score state 279 completed in 0.0669 seconds with 5 iterations.
2024-03-25 02:53:03,499 - DEBUG - Score state 280 completed in 0.0661 seconds with 5 iterations.
2024-03-25 02:53:03,566 - DEBUG - Score state 281 completed in 0.0663 seconds with 5 iterations.
2024-03-25 02:53:03,621 - DEBUG - Score state 282 completed in 0.0546 seconds with 4 iterations.
2024-03-25 02:53:03,689 - DEBUG - Score state 283 completed in 0.0668 seconds with 5 iterations.
2024-03-25 02:53:03,755 - DEBUG - Score state 284 completed in 0.0663 seconds with 5 iterations.
2024-03-25 02:53:03,822 - DEBUG - Score state 285 completed in 0.0659 seconds with 5 iterations.
2024-03-25 02:53:03,888 - DEBUG - Score state 286 completed in 0.0659 seconds with 5 iterations.
2024-03-25 02:53:03,955 - DEBUG - Score state 287 completed in 0.0664 seconds with 5 iterations.
2024-03-25 02:53:04,022 - DEBUG - Score state 288 completed in 0.0658 seconds with 5 iterations.
2024-03-25 02:53:04,078 - DEBUG - Score state 289 completed in 0.0558 seconds with 4 iterations.
2024-03-25 02:53:04,144 - DEBUG - Score state 290 completed in 0.0654 seconds with 5 iterations.
2024-03-25 02:53:04,213 - DEBUG - Score state 291 completed in 0.0678 seconds with 5 iterations.
2024-03-25 02:53:04,269 - DEBUG - Score state 292 completed in 0.0553 seconds with 4 iterations.
2024-03-25 02:53:04,336 - DEBUG - Score state 293 completed in 0.0666 seconds with 5 iterations.
2024-03-25 02:53:04,403 - DEBUG - Score state 294 completed in 0.0665 seconds with 5 iterations.
2024-03-25 02:53:04,469 - DEBUG - Score state 295 completed in 0.0663 seconds with 5 iterations.
2024-03-25 02:53:04,536 - DEBUG - Score state 296 completed in 0.0659 seconds with 5 iterations.
2024-03-25 02:53:04,601 - DEBUG - Score state 297 completed in 0.0653 seconds with 5 iterations.
2024-03-25 02:53:04,667 - DEBUG - Score state 298 completed in 0.0654 seconds with 5 iterations.
2024-03-25 02:53:04,733 - DEBUG - Score state 299 completed in 0.0654 seconds with 5 iterations.
2024-03-25 02:53:04,799 - DEBUG - Score state 300 completed in 0.0654 seconds with 5 iterations.
2024-03-25 02:53:04,867 - DEBUG - Score state 301 completed in 0.0671 seconds with 5 iterations.
2024-03-25 02:53:04,933 - DEBUG - Score state 302 completed in 0.0657 seconds with 5 iterations.
2024-03-25 02:53:05,000 - DEBUG - Score state 303 completed in 0.0666 seconds with 5 iterations.
2024-03-25 02:53:05,068 - DEBUG - Score state 304 completed in 0.0671 seconds with 5 iterations.
2024-03-25 02:53:05,133 - DEBUG - Score state 305 completed in 0.0654 seconds with 5 iterations.
2024-03-25 02:53:05,201 - DEBUG - Score state 306 completed in 0.0669 seconds with 5 iterations.
2024-03-25 02:53:05,267 - DEBUG - Score state 307 completed in 0.0656 seconds with 5 iterations.
2024-03-25 02:53:05,333 - DEBUG - Score state 308 completed in 0.0660 seconds with 5 iterations.
2024-03-25 02:53:05,400 - DEBUG - Score state 309 completed in 0.0666 seconds with 5 iterations.
2024-03-25 02:53:05,468 - DEBUG - Score state 310 completed in 0.0671 seconds with 5 iterations.
2024-03-25 02:53:05,534 - DEBUG - Score state 311 completed in 0.0653 seconds with 5 iterations.
2024-03-25 02:53:05,600 - DEBUG - Score state 312 completed in 0.0659 seconds with 5 iterations.
2024-03-25 02:53:05,667 - DEBUG - Score state 313 completed in 0.0663 seconds with 5 iterations.
2024-03-25 02:53:05,734 - DEBUG - Score state 314 completed in 0.0668 seconds with 5 iterations.
2024-03-25 02:53:05,801 - DEBUG - Score state 315 completed in 0.0666 seconds with 5 iterations.
2024-03-25 02:53:05,869 - DEBUG - Score state 316 completed in 0.0671 seconds with 5 iterations.
2024-03-25 02:53:05,936 - DEBUG - Score state 317 completed in 0.0664 seconds with 5 iterations.
2024-03-25 02:53:06,002 - DEBUG - Score state 318 completed in 0.0656 seconds with 5 iterations.
2024-03-25 02:53:06,068 - DEBUG - Score state 319 completed in 0.0658 seconds with 5 iterations.
2024-03-25 02:53:06,137 - DEBUG - Score state 320 completed in 0.0687 seconds with 5 iterations.
2024-03-25 02:53:06,220 - DEBUG - Score state 321 completed in 0.0822 seconds with 5 iterations.
2024-03-25 02:53:06,289 - DEBUG - Score state 322 completed in 0.0684 seconds with 5 iterations.
2024-03-25 02:53:06,356 - DEBUG - Score state 323 completed in 0.0670 seconds with 5 iterations.
2024-03-25 02:53:06,424 - DEBUG - Score state 324 completed in 0.0676 seconds with 5 iterations.
2024-03-25 02:53:06,498 - DEBUG - Score state 325 completed in 0.0730 seconds with 5 iterations.
2024-03-25 02:53:06,564 - DEBUG - Score state 326 completed in 0.0658 seconds with 5 iterations.
2024-03-25 02:53:06,630 - DEBUG - Score state 327 completed in 0.0653 seconds with 5 iterations.
2024-03-25 02:53:06,696 - DEBUG - Score state 328 completed in 0.0656 seconds with 5 iterations.
2024-03-25 02:53:06,766 - DEBUG - Score state 329 completed in 0.0695 seconds with 5 iterations.
2024-03-25 02:53:06,841 - DEBUG - Score state 330 completed in 0.0751 seconds with 5 iterations.
2024-03-25 02:53:06,907 - DEBUG - Score state 331 completed in 0.0655 seconds with 5 iterations.
2024-03-25 02:53:06,973 - DEBUG - Score state 332 completed in 0.0657 seconds with 5 iterations.
2024-03-25 02:53:07,042 - DEBUG - Score state 333 completed in 0.0667 seconds with 5 iterations.
2024-03-25 02:53:07,108 - DEBUG - Score state 334 completed in 0.0653 seconds with 5 iterations.
2024-03-25 02:53:07,178 - DEBUG - Score state 335 completed in 0.0690 seconds with 5 iterations.
2024-03-25 02:53:07,245 - DEBUG - Score state 336 completed in 0.0671 seconds with 5 iterations.
2024-03-25 02:53:07,312 - DEBUG - Score state 337 completed in 0.0662 seconds with 5 iterations.
2024-03-25 02:53:07,379 - DEBUG - Score state 338 completed in 0.0667 seconds with 5 iterations.
2024-03-25 02:53:07,451 - DEBUG - Score state 339 completed in 0.0711 seconds with 5 iterations.
2024-03-25 02:53:07,518 - DEBUG - Score state 340 completed in 0.0665 seconds with 5 iterations.
2024-03-25 02:53:07,583 - DEBUG - Score state 341 completed in 0.0653 seconds with 5 iterations.
2024-03-25 02:53:07,655 - DEBUG - Score state 342 completed in 0.0709 seconds with 5 iterations.
2024-03-25 02:53:07,721 - DEBUG - Score state 343 completed in 0.0656 seconds with 5 iterations.
2024-03-25 02:53:07,788 - DEBUG - Score state 344 completed in 0.0662 seconds with 5 iterations.
2024-03-25 02:53:07,853 - DEBUG - Score state 345 completed in 0.0650 seconds with 5 iterations.
2024-03-25 02:53:07,920 - DEBUG - Score state 346 completed in 0.0664 seconds with 5 iterations.
2024-03-25 02:53:07,986 - DEBUG - Score state 347 completed in 0.0653 seconds with 5 iterations.
2024-03-25 02:53:08,052 - DEBUG - Score state 348 completed in 0.0658 seconds with 5 iterations.
2024-03-25 02:53:08,119 - DEBUG - Score state 349 completed in 0.0661 seconds with 5 iterations.
2024-03-25 02:53:08,186 - DEBUG - Score state 350 completed in 0.0666 seconds with 5 iterations.
2024-03-25 02:53:08,253 - DEBUG - Score state 351 completed in 0.0665 seconds with 5 iterations.
2024-03-25 02:53:08,320 - DEBUG - Score state 352 completed in 0.0669 seconds with 5 iterations.
2024-03-25 02:53:08,386 - DEBUG - Score state 353 completed in 0.0654 seconds with 5 iterations.
2024-03-25 02:53:08,452 - DEBUG - Score state 354 completed in 0.0660 seconds with 5 iterations.
2024-03-25 02:53:08,517 - DEBUG - Score state 355 completed in 0.0654 seconds with 5 iterations.
2024-03-25 02:53:08,583 - DEBUG - Score state 356 completed in 0.0658 seconds with 5 iterations.
2024-03-25 02:53:08,650 - DEBUG - Score state 357 completed in 0.0664 seconds with 5 iterations.
2024-03-25 02:53:08,719 - DEBUG - Score state 358 completed in 0.0690 seconds with 5 iterations.
2024-03-25 02:53:08,786 - DEBUG - Score state 359 completed in 0.0663 seconds with 5 iterations.
2024-03-25 02:53:08,851 - DEBUG - Score state 360 completed in 0.0653 seconds with 5 iterations.
2024-03-25 02:53:08,918 - DEBUG - Score state 361 completed in 0.0662 seconds with 5 iterations.
2024-03-25 02:53:08,983 - DEBUG - Score state 362 completed in 0.0652 seconds with 5 iterations.
2024-03-25 02:53:09,049 - DEBUG - Score state 363 completed in 0.0659 seconds with 5 iterations.
2024-03-25 02:53:09,115 - DEBUG - Score state 364 completed in 0.0655 seconds with 5 iterations.
2024-03-25 02:53:09,181 - DEBUG - Score state 365 completed in 0.0664 seconds with 5 iterations.
2024-03-25 02:53:09,251 - DEBUG - Score state 366 completed in 0.0698 seconds with 5 iterations.
2024-03-25 02:53:09,318 - DEBUG - Score state 367 completed in 0.0666 seconds with 5 iterations.
2024-03-25 02:53:09,386 - DEBUG - Score state 368 completed in 0.0675 seconds with 5 iterations.
2024-03-25 02:53:09,454 - DEBUG - Score state 369 completed in 0.0677 seconds with 5 iterations.
2024-03-25 02:53:09,520 - DEBUG - Score state 370 completed in 0.0663 seconds with 5 iterations.
2024-03-25 02:53:09,590 - DEBUG - Score state 371 completed in 0.0697 seconds with 5 iterations.
2024-03-25 02:53:09,658 - DEBUG - Score state 372 completed in 0.0676 seconds with 5 iterations.
2024-03-25 02:53:09,724 - DEBUG - Score state 373 completed in 0.0656 seconds with 5 iterations.
2024-03-25 02:53:09,790 - DEBUG - Score state 374 completed in 0.0661 seconds with 5 iterations.
2024-03-25 02:53:09,856 - DEBUG - Score state 375 completed in 0.0652 seconds with 5 iterations.
2024-03-25 02:53:09,924 - DEBUG - Score state 376 completed in 0.0686 seconds with 5 iterations.
2024-03-25 02:53:09,998 - DEBUG - Score state 377 completed in 0.0738 seconds with 5 iterations.
2024-03-25 02:53:10,065 - DEBUG - Score state 378 completed in 0.0669 seconds with 5 iterations.
2024-03-25 02:53:10,132 - DEBUG - Score state 379 completed in 0.0661 seconds with 5 iterations.
2024-03-25 02:53:10,198 - DEBUG - Score state 380 completed in 0.0664 seconds with 5 iterations.
2024-03-25 02:53:10,271 - DEBUG - Score state 381 completed in 0.0722 seconds with 5 iterations.
2024-03-25 02:53:10,337 - DEBUG - Score state 382 completed in 0.0666 seconds with 5 iterations.
2024-03-25 02:53:10,403 - DEBUG - Score state 383 completed in 0.0648 seconds with 5 iterations.
2024-03-25 02:53:10,469 - DEBUG - Score state 384 completed in 0.0666 seconds with 5 iterations.
2024-03-25 02:53:10,539 - DEBUG - Score state 385 completed in 0.0693 seconds with 5 iterations.
2024-03-25 02:53:10,614 - DEBUG - Score state 386 completed in 0.0749 seconds with 5 iterations.
2024-03-25 02:53:10,681 - DEBUG - Score state 387 completed in 0.0671 seconds with 5 iterations.
2024-03-25 02:53:10,748 - DEBUG - Score state 388 completed in 0.0664 seconds with 5 iterations.
2024-03-25 02:53:10,815 - DEBUG - Score state 389 completed in 0.0666 seconds with 5 iterations.
2024-03-25 02:53:10,882 - DEBUG - Score state 390 completed in 0.0674 seconds with 5 iterations.
2024-03-25 02:53:10,949 - DEBUG - Score state 391 completed in 0.0665 seconds with 5 iterations.
2024-03-25 02:53:11,015 - DEBUG - Score state 392 completed in 0.0652 seconds with 5 iterations.
2024-03-25 02:53:11,081 - DEBUG - Score state 393 completed in 0.0657 seconds with 5 iterations.
2024-03-25 02:53:11,146 - DEBUG - Score state 394 completed in 0.0653 seconds with 5 iterations.
2024-03-25 02:53:11,213 - DEBUG - Score state 395 completed in 0.0667 seconds with 5 iterations.
2024-03-25 02:53:11,278 - DEBUG - Score state 396 completed in 0.0651 seconds with 5 iterations.
2024-03-25 02:53:11,345 - DEBUG - Score state 397 completed in 0.0660 seconds with 5 iterations.
2024-03-25 02:53:11,411 - DEBUG - Score state 398 completed in 0.0662 seconds with 5 iterations.
2024-03-25 02:53:11,478 - DEBUG - Score state 399 completed in 0.0666 seconds with 5 iterations.
2024-03-25 02:53:11,544 - DEBUG - Score state 400 completed in 0.0662 seconds with 5 iterations.
2024-03-25 02:53:11,612 - DEBUG - Score state 401 completed in 0.0670 seconds with 5 iterations.
2024-03-25 02:53:11,677 - DEBUG - Score state 402 completed in 0.0655 seconds with 5 iterations.
2024-03-25 02:53:11,744 - DEBUG - Score state 403 completed in 0.0668 seconds with 5 iterations.
2024-03-25 02:53:11,810 - DEBUG - Score state 404 completed in 0.0653 seconds with 5 iterations.
2024-03-25 02:53:11,877 - DEBUG - Score state 405 completed in 0.0668 seconds with 5 iterations.
2024-03-25 02:53:11,943 - DEBUG - Score state 406 completed in 0.0657 seconds with 5 iterations.
2024-03-25 02:53:12,009 - DEBUG - Score state 407 completed in 0.0658 seconds with 5 iterations.
2024-03-25 02:53:12,079 - DEBUG - Score state 408 completed in 0.0669 seconds with 5 iterations.
2024-03-25 02:53:12,145 - DEBUG - Score state 409 completed in 0.0662 seconds with 5 iterations.
2024-03-25 02:53:12,211 - DEBUG - Score state 410 completed in 0.0661 seconds with 5 iterations.
2024-03-25 02:53:12,277 - DEBUG - Score state 411 completed in 0.0659 seconds with 5 iterations.
2024-03-25 02:53:12,344 - DEBUG - Score state 412 completed in 0.0666 seconds with 5 iterations.
2024-03-25 02:53:12,410 - DEBUG - Score state 413 completed in 0.0660 seconds with 5 iterations.
2024-03-25 02:53:12,476 - DEBUG - Score state 414 completed in 0.0655 seconds with 5 iterations.
2024-03-25 02:53:12,542 - DEBUG - Score state 415 completed in 0.0661 seconds with 5 iterations.
2024-03-25 02:53:12,609 - DEBUG - Score state 416 completed in 0.0660 seconds with 5 iterations.
2024-03-25 02:53:12,674 - DEBUG - Score state 417 completed in 0.0654 seconds with 5 iterations.
2024-03-25 02:53:12,741 - DEBUG - Score state 418 completed in 0.0666 seconds with 5 iterations.
2024-03-25 02:53:12,807 - DEBUG - Score state 419 completed in 0.0657 seconds with 5 iterations.
2024-03-25 02:53:12,874 - DEBUG - Score state 420 completed in 0.0666 seconds with 5 iterations.
2024-03-25 02:53:12,940 - DEBUG - Score state 421 completed in 0.0653 seconds with 5 iterations.
2024-03-25 02:53:13,005 - DEBUG - Score state 422 completed in 0.0655 seconds with 5 iterations.
2024-03-25 02:53:13,073 - DEBUG - Score state 423 completed in 0.0670 seconds with 5 iterations.
2024-03-25 02:53:13,139 - DEBUG - Score state 424 completed in 0.0665 seconds with 5 iterations.
2024-03-25 02:53:13,207 - DEBUG - Score state 425 completed in 0.0675 seconds with 5 iterations.
2024-03-25 02:53:13,273 - DEBUG - Score state 426 completed in 0.0658 seconds with 5 iterations.
2024-03-25 02:53:13,341 - DEBUG - Score state 427 completed in 0.0671 seconds with 5 iterations.
2024-03-25 02:53:13,407 - DEBUG - Score state 428 completed in 0.0660 seconds with 5 iterations.
2024-03-25 02:53:13,472 - DEBUG - Score state 429 completed in 0.0654 seconds with 5 iterations.
2024-03-25 02:53:13,539 - DEBUG - Score state 430 completed in 0.0660 seconds with 5 iterations.
2024-03-25 02:53:13,604 - DEBUG - Score state 431 completed in 0.0653 seconds with 5 iterations.
2024-03-25 02:53:13,670 - DEBUG - Score state 432 completed in 0.0659 seconds with 5 iterations.
2024-03-25 02:53:13,739 - DEBUG - Score state 433 completed in 0.0683 seconds with 5 iterations.
2024-03-25 02:53:13,820 - DEBUG - Score state 434 completed in 0.0812 seconds with 5 iterations.
2024-03-25 02:53:13,892 - DEBUG - Score state 435 completed in 0.0713 seconds with 5 iterations.
2024-03-25 02:53:13,959 - DEBUG - Score state 436 completed in 0.0672 seconds with 5 iterations.
2024-03-25 02:53:14,033 - DEBUG - Score state 437 completed in 0.0730 seconds with 5 iterations.
2024-03-25 02:53:14,098 - DEBUG - Score state 438 completed in 0.0652 seconds with 5 iterations.
2024-03-25 02:53:14,164 - DEBUG - Score state 439 completed in 0.0661 seconds with 5 iterations.
2024-03-25 02:53:14,230 - DEBUG - Score state 440 completed in 0.0658 seconds with 5 iterations.
2024-03-25 02:53:14,296 - DEBUG - Score state 441 completed in 0.0657 seconds with 5 iterations.
2024-03-25 02:53:14,366 - DEBUG - Score state 442 completed in 0.0698 seconds with 5 iterations.
2024-03-25 02:53:14,445 - DEBUG - Score state 443 completed in 0.0779 seconds with 5 iterations.
2024-03-25 02:53:14,510 - DEBUG - Score state 444 completed in 0.0652 seconds with 5 iterations.
2024-03-25 02:53:14,578 - DEBUG - Score state 445 completed in 0.0678 seconds with 5 iterations.
2024-03-25 02:53:14,644 - DEBUG - Score state 446 completed in 0.0657 seconds with 5 iterations.
2024-03-25 02:53:14,710 - DEBUG - Score state 447 completed in 0.0656 seconds with 5 iterations.
2024-03-25 02:53:14,775 - DEBUG - Score state 448 completed in 0.0653 seconds with 5 iterations.
2024-03-25 02:53:14,841 - DEBUG - Score state 449 completed in 0.0655 seconds with 5 iterations.
2024-03-25 02:53:14,910 - DEBUG - Score state 450 completed in 0.0682 seconds with 5 iterations.
2024-03-25 02:53:14,976 - DEBUG - Score state 451 completed in 0.0657 seconds with 5 iterations.
2024-03-25 02:53:15,042 - DEBUG - Score state 452 completed in 0.0659 seconds with 5 iterations.
2024-03-25 02:53:15,107 - DEBUG - Score state 453 completed in 0.0650 seconds with 5 iterations.
2024-03-25 02:53:15,173 - DEBUG - Score state 454 completed in 0.0657 seconds with 5 iterations.
2024-03-25 02:53:15,239 - DEBUG - Score state 455 completed in 0.0660 seconds with 5 iterations.
2024-03-25 02:53:15,305 - DEBUG - Score state 456 completed in 0.0660 seconds with 5 iterations.
2024-03-25 02:53:15,371 - DEBUG - Score state 457 completed in 0.0657 seconds with 5 iterations.
2024-03-25 02:53:15,438 - DEBUG - Score state 458 completed in 0.0662 seconds with 5 iterations.
2024-03-25 02:53:15,504 - DEBUG - Score state 459 completed in 0.0661 seconds with 5 iterations.
2024-03-25 02:53:15,571 - DEBUG - Score state 460 completed in 0.0667 seconds with 5 iterations.
2024-03-25 02:53:15,637 - DEBUG - Score state 461 completed in 0.0656 seconds with 5 iterations.
2024-03-25 02:53:15,704 - DEBUG - Score state 462 completed in 0.0666 seconds with 5 iterations.
2024-03-25 02:53:15,771 - DEBUG - Score state 463 completed in 0.0667 seconds with 5 iterations.
2024-03-25 02:53:15,838 - DEBUG - Score state 464 completed in 0.0673 seconds with 5 iterations.
2024-03-25 02:53:15,905 - DEBUG - Score state 465 completed in 0.0669 seconds with 5 iterations.
2024-03-25 02:53:15,972 - DEBUG - Score state 466 completed in 0.0662 seconds with 5 iterations.
2024-03-25 02:53:16,037 - DEBUG - Score state 467 completed in 0.0651 seconds with 5 iterations.
2024-03-25 02:53:16,103 - DEBUG - Score state 468 completed in 0.0656 seconds with 5 iterations.
2024-03-25 02:53:16,168 - DEBUG - Score state 469 completed in 0.0651 seconds with 5 iterations.
2024-03-25 02:53:16,236 - DEBUG - Score state 470 completed in 0.0671 seconds with 5 iterations.
2024-03-25 02:53:16,301 - DEBUG - Score state 471 completed in 0.0653 seconds with 5 iterations.
2024-03-25 02:53:16,367 - DEBUG - Score state 472 completed in 0.0655 seconds with 5 iterations.
2024-03-25 02:53:16,435 - DEBUG - Score state 473 completed in 0.0679 seconds with 5 iterations.
2024-03-25 02:53:16,501 - DEBUG - Score state 474 completed in 0.0655 seconds with 5 iterations.
2024-03-25 02:53:16,567 - DEBUG - Score state 475 completed in 0.0659 seconds with 5 iterations.
2024-03-25 02:53:16,633 - DEBUG - Score state 476 completed in 0.0656 seconds with 5 iterations.
2024-03-25 02:53:16,699 - DEBUG - Score state 477 completed in 0.0659 seconds with 5 iterations.
2024-03-25 02:53:16,769 - DEBUG - Score state 478 completed in 0.0697 seconds with 5 iterations.
2024-03-25 02:53:16,835 - DEBUG - Score state 479 completed in 0.0661 seconds with 5 iterations.
2024-03-25 02:53:16,901 - DEBUG - Score state 480 completed in 0.0657 seconds with 5 iterations.
2024-03-25 02:53:16,967 - DEBUG - Score state 481 completed in 0.0659 seconds with 5 iterations.
2024-03-25 02:53:17,033 - DEBUG - Score state 482 completed in 0.0654 seconds with 5 iterations.
2024-03-25 02:53:17,103 - DEBUG - Score state 483 completed in 0.0675 seconds with 5 iterations.
2024-03-25 02:53:17,172 - DEBUG - Score state 484 completed in 0.0684 seconds with 5 iterations.
2024-03-25 02:53:17,239 - DEBUG - Score state 485 completed in 0.0669 seconds with 5 iterations.
2024-03-25 02:53:17,304 - DEBUG - Score state 486 completed in 0.0651 seconds with 5 iterations.
2024-03-25 02:53:17,369 - DEBUG - Score state 487 completed in 0.0650 seconds with 5 iterations.
2024-03-25 02:53:17,436 - DEBUG - Score state 488 completed in 0.0664 seconds with 5 iterations.
2024-03-25 02:53:17,502 - DEBUG - Score state 489 completed in 0.0654 seconds with 5 iterations.
2024-03-25 02:53:17,570 - DEBUG - Score state 490 completed in 0.0685 seconds with 5 iterations.
2024-03-25 02:53:17,637 - DEBUG - Score state 491 completed in 0.0661 seconds with 5 iterations.
2024-03-25 02:53:17,709 - DEBUG - Score state 492 completed in 0.0720 seconds with 5 iterations.
2024-03-25 02:53:17,775 - DEBUG - Score state 493 completed in 0.0657 seconds with 5 iterations.
2024-03-25 02:53:17,848 - DEBUG - Score state 494 completed in 0.0728 seconds with 5 iterations.
2024-03-25 02:53:17,914 - DEBUG - Score state 495 completed in 0.0660 seconds with 5 iterations.
2024-03-25 02:53:17,981 - DEBUG - Score state 496 completed in 0.0668 seconds with 5 iterations.
2024-03-25 02:53:18,051 - DEBUG - Score state 497 completed in 0.0696 seconds with 5 iterations.
2024-03-25 02:53:18,128 - DEBUG - Score state 498 completed in 0.0761 seconds with 5 iterations.
2024-03-25 02:53:18,194 - DEBUG - Score state 499 completed in 0.0660 seconds with 5 iterations.
2024-03-25 02:53:18,261 - DEBUG - Score state 500 completed in 0.0672 seconds with 5 iterations.
2024-03-25 02:53:18,328 - DEBUG - Score state 501 completed in 0.0664 seconds with 5 iterations.
2024-03-25 02:53:18,334 - INFO - Saved V matrix and optimal action index for player 11
2024-03-25 02:53:18,335 - INFO - Total time for value iteration: 31.4141 seconds.
